{"/Users/along/Desktop/AI/AI中转站链接测试/server/src/app.ts": {"path":"/Users/along/Desktop/AI/AI中转站链接测试/server/src/app.ts","all":false,"statementMap":{"0":{"start":{"line":1,"column":0},"end":{"line":1,"column":24}},"24":{"start":{"line":25,"column":0},"end":{"line":25,"column":102}},"25":{"start":{"line":26,"column":0},"end":{"line":26,"column":43}},"26":{"start":{"line":27,"column":0},"end":{"line":27,"column":2}},"28":{"start":{"line":29,"column":0},"end":{"line":29,"column":65}},"29":{"start":{"line":30,"column":0},"end":{"line":30,"column":45}},"30":{"start":{"line":31,"column":0},"end":{"line":31,"column":2}},"32":{"start":{"line":33,"column":0},"end":{"line":33,"column":59}},"33":{"start":{"line":34,"column":0},"end":{"line":34,"column":33}},"34":{"start":{"line":35,"column":0},"end":{"line":35,"column":49}},"35":{"start":{"line":36,"column":0},"end":{"line":36,"column":15}},"36":{"start":{"line":37,"column":0},"end":{"line":37,"column":2}},"46":{"start":{"line":47,"column":0},"end":{"line":47,"column":95}},"47":{"start":{"line":48,"column":0},"end":{"line":48,"column":62}},"48":{"start":{"line":49,"column":0},"end":{"line":49,"column":66}},"49":{"start":{"line":50,"column":0},"end":{"line":50,"column":58}},"50":{"start":{"line":51,"column":0},"end":{"line":51,"column":67}},"51":{"start":{"line":52,"column":0},"end":{"line":52,"column":69}},"52":{"start":{"line":53,"column":0},"end":{"line":53,"column":65}},"53":{"start":{"line":54,"column":0},"end":{"line":54,"column":98}},"55":{"start":{"line":56,"column":0},"end":{"line":56,"column":24}},"56":{"start":{"line":57,"column":0},"end":{"line":57,"column":30}},"57":{"start":{"line":58,"column":0},"end":{"line":58,"column":10}},"58":{"start":{"line":59,"column":0},"end":{"line":59,"column":10}},"59":{"start":{"line":60,"column":0},"end":{"line":60,"column":32}},"60":{"start":{"line":61,"column":0},"end":{"line":61,"column":96}},"61":{"start":{"line":62,"column":0},"end":{"line":62,"column":31}},"62":{"start":{"line":63,"column":0},"end":{"line":63,"column":17}},"63":{"start":{"line":64,"column":0},"end":{"line":64,"column":9}},"64":{"start":{"line":65,"column":0},"end":{"line":65,"column":49}},"65":{"start":{"line":66,"column":0},"end":{"line":66,"column":7}},"66":{"start":{"line":67,"column":0},"end":{"line":67,"column":6}},"67":{"start":{"line":68,"column":0},"end":{"line":68,"column":4}},"68":{"start":{"line":69,"column":0},"end":{"line":69,"column":43}},"70":{"start":{"line":71,"column":0},"end":{"line":71,"column":69}},"72":{"start":{"line":73,"column":0},"end":{"line":73,"column":10}},"73":{"start":{"line":74,"column":0},"end":{"line":74,"column":18}},"74":{"start":{"line":75,"column":0},"end":{"line":75,"column":75}},"75":{"start":{"line":76,"column":0},"end":{"line":76,"column":4}},"77":{"start":{"line":78,"column":0},"end":{"line":78,"column":11}},"78":{"start":{"line":79,"column":0},"end":{"line":79,"column":18}},"79":{"start":{"line":80,"column":0},"end":{"line":80,"column":38}},"80":{"start":{"line":81,"column":0},"end":{"line":81,"column":75}},"81":{"start":{"line":82,"column":0},"end":{"line":82,"column":22}},"82":{"start":{"line":83,"column":0},"end":{"line":83,"column":46}},"83":{"start":{"line":84,"column":0},"end":{"line":84,"column":6}},"84":{"start":{"line":85,"column":0},"end":{"line":85,"column":4}},"86":{"start":{"line":87,"column":0},"end":{"line":87,"column":12}},"87":{"start":{"line":88,"column":0},"end":{"line":88,"column":24}},"88":{"start":{"line":89,"column":0},"end":{"line":89,"column":38}},"89":{"start":{"line":90,"column":0},"end":{"line":90,"column":54}},"90":{"start":{"line":91,"column":0},"end":{"line":91,"column":85}},"91":{"start":{"line":92,"column":0},"end":{"line":92,"column":60}},"92":{"start":{"line":93,"column":0},"end":{"line":93,"column":6}},"93":{"start":{"line":94,"column":0},"end":{"line":94,"column":4}},"95":{"start":{"line":96,"column":0},"end":{"line":96,"column":11}},"96":{"start":{"line":97,"column":0},"end":{"line":97,"column":29}},"97":{"start":{"line":98,"column":0},"end":{"line":98,"column":38}},"98":{"start":{"line":99,"column":0},"end":{"line":99,"column":52}},"99":{"start":{"line":100,"column":0},"end":{"line":100,"column":47}},"100":{"start":{"line":101,"column":0},"end":{"line":101,"column":29}},"101":{"start":{"line":102,"column":0},"end":{"line":102,"column":51}},"102":{"start":{"line":103,"column":0},"end":{"line":103,"column":9}},"103":{"start":{"line":104,"column":0},"end":{"line":104,"column":11}},"104":{"start":{"line":105,"column":0},"end":{"line":105,"column":12}},"105":{"start":{"line":106,"column":0},"end":{"line":106,"column":107}},"106":{"start":{"line":107,"column":0},"end":{"line":107,"column":16}},"107":{"start":{"line":108,"column":0},"end":{"line":108,"column":8}},"108":{"start":{"line":109,"column":0},"end":{"line":109,"column":6}},"109":{"start":{"line":110,"column":0},"end":{"line":110,"column":4}},"111":{"start":{"line":112,"column":0},"end":{"line":112,"column":10}},"112":{"start":{"line":113,"column":0},"end":{"line":113,"column":22}},"113":{"start":{"line":114,"column":0},"end":{"line":114,"column":94}},"114":{"start":{"line":115,"column":0},"end":{"line":115,"column":4}},"116":{"start":{"line":117,"column":0},"end":{"line":117,"column":10}},"117":{"start":{"line":118,"column":0},"end":{"line":118,"column":22}},"118":{"start":{"line":119,"column":0},"end":{"line":119,"column":38}},"119":{"start":{"line":120,"column":0},"end":{"line":120,"column":97}},"120":{"start":{"line":121,"column":0},"end":{"line":121,"column":46}},"121":{"start":{"line":122,"column":0},"end":{"line":122,"column":6}},"122":{"start":{"line":123,"column":0},"end":{"line":123,"column":4}},"124":{"start":{"line":125,"column":0},"end":{"line":125,"column":13}},"125":{"start":{"line":126,"column":0},"end":{"line":126,"column":22}},"126":{"start":{"line":127,"column":0},"end":{"line":127,"column":38}},"127":{"start":{"line":128,"column":0},"end":{"line":128,"column":58}},"128":{"start":{"line":129,"column":0},"end":{"line":129,"column":48}},"129":{"start":{"line":130,"column":0},"end":{"line":130,"column":32}},"130":{"start":{"line":131,"column":0},"end":{"line":131,"column":6}},"131":{"start":{"line":132,"column":0},"end":{"line":132,"column":4}},"133":{"start":{"line":134,"column":0},"end":{"line":134,"column":11}},"134":{"start":{"line":135,"column":0},"end":{"line":135,"column":32}},"135":{"start":{"line":136,"column":0},"end":{"line":136,"column":38}},"136":{"start":{"line":137,"column":0},"end":{"line":137,"column":65}},"137":{"start":{"line":138,"column":0},"end":{"line":138,"column":22}},"138":{"start":{"line":139,"column":0},"end":{"line":139,"column":45}},"139":{"start":{"line":140,"column":0},"end":{"line":140,"column":6}},"140":{"start":{"line":141,"column":0},"end":{"line":141,"column":4}},"142":{"start":{"line":143,"column":0},"end":{"line":143,"column":10}},"143":{"start":{"line":144,"column":0},"end":{"line":144,"column":29}},"144":{"start":{"line":145,"column":0},"end":{"line":145,"column":38}},"145":{"start":{"line":146,"column":0},"end":{"line":146,"column":60}},"146":{"start":{"line":147,"column":0},"end":{"line":147,"column":62}},"147":{"start":{"line":148,"column":0},"end":{"line":148,"column":6}},"148":{"start":{"line":149,"column":0},"end":{"line":149,"column":4}},"150":{"start":{"line":151,"column":0},"end":{"line":151,"column":11}},"151":{"start":{"line":152,"column":0},"end":{"line":152,"column":27}},"152":{"start":{"line":153,"column":0},"end":{"line":153,"column":38}},"153":{"start":{"line":154,"column":0},"end":{"line":154,"column":51}},"154":{"start":{"line":155,"column":0},"end":{"line":155,"column":62}},"155":{"start":{"line":156,"column":0},"end":{"line":156,"column":6}},"156":{"start":{"line":157,"column":0},"end":{"line":157,"column":4}},"158":{"start":{"line":159,"column":0},"end":{"line":159,"column":11}},"159":{"start":{"line":160,"column":0},"end":{"line":160,"column":27}},"160":{"start":{"line":161,"column":0},"end":{"line":161,"column":38}},"161":{"start":{"line":162,"column":0},"end":{"line":162,"column":53}},"162":{"start":{"line":163,"column":0},"end":{"line":163,"column":47}},"163":{"start":{"line":164,"column":0},"end":{"line":164,"column":29}},"164":{"start":{"line":165,"column":0},"end":{"line":165,"column":51}},"165":{"start":{"line":166,"column":0},"end":{"line":166,"column":9}},"166":{"start":{"line":167,"column":0},"end":{"line":167,"column":112}},"167":{"start":{"line":168,"column":0},"end":{"line":168,"column":62}},"168":{"start":{"line":169,"column":0},"end":{"line":169,"column":6}},"169":{"start":{"line":170,"column":0},"end":{"line":170,"column":4}},"171":{"start":{"line":172,"column":0},"end":{"line":172,"column":11}},"172":{"start":{"line":173,"column":0},"end":{"line":173,"column":30}},"173":{"start":{"line":174,"column":0},"end":{"line":174,"column":38}},"174":{"start":{"line":175,"column":0},"end":{"line":175,"column":47}},"175":{"start":{"line":176,"column":0},"end":{"line":176,"column":29}},"176":{"start":{"line":177,"column":0},"end":{"line":177,"column":51}},"177":{"start":{"line":178,"column":0},"end":{"line":178,"column":9}},"178":{"start":{"line":179,"column":0},"end":{"line":179,"column":88}},"179":{"start":{"line":180,"column":0},"end":{"line":180,"column":6}},"180":{"start":{"line":181,"column":0},"end":{"line":181,"column":4}},"182":{"start":{"line":183,"column":0},"end":{"line":183,"column":13}},"183":{"start":{"line":184,"column":0},"end":{"line":184,"column":27}},"184":{"start":{"line":185,"column":0},"end":{"line":185,"column":38}},"185":{"start":{"line":186,"column":0},"end":{"line":186,"column":58}},"186":{"start":{"line":187,"column":0},"end":{"line":187,"column":33}},"187":{"start":{"line":188,"column":0},"end":{"line":188,"column":6}},"188":{"start":{"line":189,"column":0},"end":{"line":189,"column":4}},"190":{"start":{"line":191,"column":0},"end":{"line":191,"column":10}},"191":{"start":{"line":192,"column":0},"end":{"line":192,"column":24}},"192":{"start":{"line":193,"column":0},"end":{"line":193,"column":38}},"193":{"start":{"line":194,"column":0},"end":{"line":194,"column":56}},"194":{"start":{"line":195,"column":0},"end":{"line":195,"column":11}},"195":{"start":{"line":196,"column":0},"end":{"line":196,"column":12}},"196":{"start":{"line":197,"column":0},"end":{"line":197,"column":28}},"197":{"start":{"line":198,"column":0},"end":{"line":198,"column":33}},"198":{"start":{"line":199,"column":0},"end":{"line":199,"column":33}},"199":{"start":{"line":200,"column":0},"end":{"line":200,"column":27}},"200":{"start":{"line":201,"column":0},"end":{"line":201,"column":22}},"201":{"start":{"line":202,"column":0},"end":{"line":202,"column":10}},"202":{"start":{"line":203,"column":0},"end":{"line":203,"column":8}},"203":{"start":{"line":204,"column":0},"end":{"line":204,"column":6}},"204":{"start":{"line":205,"column":0},"end":{"line":205,"column":4}},"206":{"start":{"line":207,"column":0},"end":{"line":207,"column":13}},"207":{"start":{"line":208,"column":0},"end":{"line":208,"column":28}},"208":{"start":{"line":209,"column":0},"end":{"line":209,"column":38}},"209":{"start":{"line":210,"column":0},"end":{"line":210,"column":49}},"210":{"start":{"line":211,"column":0},"end":{"line":211,"column":33}},"211":{"start":{"line":212,"column":0},"end":{"line":212,"column":6}},"212":{"start":{"line":213,"column":0},"end":{"line":213,"column":4}},"214":{"start":{"line":215,"column":0},"end":{"line":215,"column":13}},"215":{"start":{"line":216,"column":0},"end":{"line":216,"column":24}},"216":{"start":{"line":217,"column":0},"end":{"line":217,"column":39}},"217":{"start":{"line":218,"column":0},"end":{"line":218,"column":28}},"218":{"start":{"line":219,"column":0},"end":{"line":219,"column":33}},"219":{"start":{"line":220,"column":0},"end":{"line":220,"column":6}},"220":{"start":{"line":221,"column":0},"end":{"line":221,"column":4}},"222":{"start":{"line":223,"column":0},"end":{"line":223,"column":97}},"223":{"start":{"line":224,"column":0},"end":{"line":224,"column":82}},"224":{"start":{"line":225,"column":0},"end":{"line":225,"column":36}},"225":{"start":{"line":226,"column":0},"end":{"line":226,"column":106}},"226":{"start":{"line":227,"column":0},"end":{"line":227,"column":13}},"227":{"start":{"line":228,"column":0},"end":{"line":228,"column":5}},"228":{"start":{"line":229,"column":0},"end":{"line":229,"column":78}},"229":{"start":{"line":230,"column":0},"end":{"line":230,"column":71}},"230":{"start":{"line":231,"column":0},"end":{"line":231,"column":92}},"231":{"start":{"line":232,"column":0},"end":{"line":232,"column":18}},"232":{"start":{"line":233,"column":0},"end":{"line":233,"column":32}},"233":{"start":{"line":234,"column":0},"end":{"line":234,"column":22}},"234":{"start":{"line":235,"column":0},"end":{"line":235,"column":22}},"235":{"start":{"line":236,"column":0},"end":{"line":236,"column":46}},"236":{"start":{"line":237,"column":0},"end":{"line":237,"column":17}},"237":{"start":{"line":238,"column":0},"end":{"line":238,"column":50}},"238":{"start":{"line":239,"column":0},"end":{"line":239,"column":19}},"239":{"start":{"line":240,"column":0},"end":{"line":240,"column":57}},"240":{"start":{"line":241,"column":0},"end":{"line":241,"column":39}},"241":{"start":{"line":242,"column":0},"end":{"line":242,"column":21}},"242":{"start":{"line":243,"column":0},"end":{"line":243,"column":110}},"243":{"start":{"line":244,"column":0},"end":{"line":244,"column":33}},"244":{"start":{"line":245,"column":0},"end":{"line":245,"column":18}},"245":{"start":{"line":246,"column":0},"end":{"line":246,"column":19}},"246":{"start":{"line":247,"column":0},"end":{"line":247,"column":48}},"247":{"start":{"line":248,"column":0},"end":{"line":248,"column":23}},"248":{"start":{"line":249,"column":0},"end":{"line":249,"column":50}},"249":{"start":{"line":250,"column":0},"end":{"line":250,"column":19}},"250":{"start":{"line":251,"column":0},"end":{"line":251,"column":55}},"251":{"start":{"line":252,"column":0},"end":{"line":252,"column":29}},"252":{"start":{"line":253,"column":0},"end":{"line":253,"column":24}},"253":{"start":{"line":254,"column":0},"end":{"line":254,"column":69}},"254":{"start":{"line":255,"column":0},"end":{"line":255,"column":5}},"256":{"start":{"line":257,"column":0},"end":{"line":257,"column":13}},"257":{"start":{"line":258,"column":0},"end":{"line":258,"column":1}}},"s":{"0":1,"24":1,"25":16,"26":16,"28":1,"29":15,"30":15,"32":1,"33":5,"34":5,"35":5,"36":5,"46":6,"47":6,"48":6,"49":6,"50":6,"51":6,"52":6,"53":6,"55":6,"56":6,"57":6,"58":6,"59":6,"60":21,"61":20,"62":20,"63":20,"64":1,"65":21,"66":6,"67":6,"68":6,"70":6,"72":6,"73":6,"74":6,"75":6,"77":6,"78":6,"79":6,"80":6,"81":6,"82":6,"83":6,"84":6,"86":6,"87":6,"88":6,"89":2,"90":2,"91":2,"92":6,"93":6,"95":6,"96":6,"97":6,"98":1,"99":1,"100":1,"101":1,"102":1,"103":1,"104":1,"105":1,"106":1,"107":1,"108":6,"109":6,"111":6,"112":6,"113":6,"114":6,"116":6,"117":6,"118":6,"119":1,"120":1,"121":6,"122":6,"124":6,"125":6,"126":6,"127":1,"128":1,"129":1,"130":6,"131":6,"133":6,"134":6,"135":6,"136":0,"137":0,"138":0,"139":6,"140":6,"142":6,"143":6,"144":6,"145":0,"146":0,"147":6,"148":6,"150":6,"151":6,"152":6,"153":0,"154":0,"155":6,"156":6,"158":6,"159":6,"160":6,"161":1,"162":1,"163":1,"164":1,"165":1,"166":1,"167":1,"168":6,"169":6,"171":6,"172":6,"173":6,"174":0,"175":0,"176":0,"177":0,"178":0,"179":6,"180":6,"182":6,"183":6,"184":6,"185":0,"186":0,"187":6,"188":6,"190":6,"191":6,"192":6,"193":2,"194":2,"195":2,"196":2,"197":2,"198":2,"199":2,"200":2,"201":2,"202":1,"203":6,"204":6,"206":6,"207":6,"208":6,"209":0,"210":0,"211":6,"212":6,"214":6,"215":6,"216":6,"217":0,"218":0,"219":6,"220":6,"222":6,"223":6,"224":5,"225":1,"226":1,"227":1,"228":4,"229":4,"230":5,"231":5,"232":5,"233":2,"234":2,"235":0,"236":0,"237":0,"238":0,"239":0,"240":0,"241":0,"242":2,"243":2,"244":0,"245":5,"246":5,"247":2,"248":2,"249":1,"250":1,"251":1,"252":0,"253":5,"254":6,"256":6,"257":6},"branchMap":{"0":{"type":"branch","line":25,"loc":{"start":{"line":25,"column":21},"end":{"line":27,"column":2}},"locations":[{"start":{"line":25,"column":21},"end":{"line":27,"column":2}}]},"1":{"type":"branch","line":25,"loc":{"start":{"line":25,"column":48},"end":{"line":27,"column":2}},"locations":[{"start":{"line":25,"column":48},"end":{"line":27,"column":2}}]},"2":{"type":"branch","line":29,"loc":{"start":{"line":29,"column":13},"end":{"line":31,"column":2}},"locations":[{"start":{"line":29,"column":13},"end":{"line":31,"column":2}}]},"3":{"type":"branch","line":33,"loc":{"start":{"line":33,"column":18},"end":{"line":37,"column":2}},"locations":[{"start":{"line":33,"column":18},"end":{"line":37,"column":2}}]},"4":{"type":"branch","line":35,"loc":{"start":{"line":35,"column":14},"end":{"line":35,"column":49}},"locations":[{"start":{"line":35,"column":14},"end":{"line":35,"column":49}}]},"5":{"type":"branch","line":47,"loc":{"start":{"line":47,"column":0},"end":{"line":258,"column":1}},"locations":[{"start":{"line":47,"column":0},"end":{"line":258,"column":1}}]},"6":{"type":"branch","line":48,"loc":{"start":{"line":48,"column":30},"end":{"line":48,"column":62}},"locations":[{"start":{"line":48,"column":30},"end":{"line":48,"column":62}}]},"7":{"type":"branch","line":49,"loc":{"start":{"line":49,"column":31},"end":{"line":49,"column":66}},"locations":[{"start":{"line":49,"column":31},"end":{"line":49,"column":66}}]},"8":{"type":"branch","line":50,"loc":{"start":{"line":50,"column":30},"end":{"line":50,"column":58}},"locations":[{"start":{"line":50,"column":30},"end":{"line":50,"column":58}}]},"9":{"type":"branch","line":60,"loc":{"start":{"line":60,"column":6},"end":{"line":66,"column":7}},"locations":[{"start":{"line":60,"column":6},"end":{"line":66,"column":7}}]},"10":{"type":"branch","line":61,"loc":{"start":{"line":61,"column":95},"end":{"line":64,"column":9}},"locations":[{"start":{"line":61,"column":95},"end":{"line":64,"column":9}}]},"11":{"type":"branch","line":64,"loc":{"start":{"line":64,"column":8},"end":{"line":65,"column":49}},"locations":[{"start":{"line":64,"column":8},"end":{"line":65,"column":49}}]},"12":{"type":"branch","line":71,"loc":{"start":{"line":71,"column":25},"end":{"line":71,"column":67}},"locations":[{"start":{"line":71,"column":25},"end":{"line":71,"column":67}}]},"13":{"type":"branch","line":75,"loc":{"start":{"line":75,"column":17},"end":{"line":75,"column":74}},"locations":[{"start":{"line":75,"column":17},"end":{"line":75,"column":74}}]},"14":{"type":"branch","line":80,"loc":{"start":{"line":80,"column":17},"end":{"line":84,"column":5}},"locations":[{"start":{"line":80,"column":17},"end":{"line":84,"column":5}}]},"15":{"type":"branch","line":89,"loc":{"start":{"line":89,"column":17},"end":{"line":93,"column":5}},"locations":[{"start":{"line":89,"column":17},"end":{"line":93,"column":5}}]},"16":{"type":"branch","line":91,"loc":{"start":{"line":91,"column":83},"end":{"line":92,"column":41}},"locations":[{"start":{"line":91,"column":83},"end":{"line":92,"column":41}}]},"17":{"type":"branch","line":92,"loc":{"start":{"line":92,"column":31},"end":{"line":92,"column":51}},"locations":[{"start":{"line":92,"column":31},"end":{"line":92,"column":51}}]},"18":{"type":"branch","line":92,"loc":{"start":{"line":92,"column":41},"end":{"line":92,"column":58}},"locations":[{"start":{"line":92,"column":41},"end":{"line":92,"column":58}}]},"19":{"type":"branch","line":98,"loc":{"start":{"line":98,"column":17},"end":{"line":109,"column":5}},"locations":[{"start":{"line":98,"column":17},"end":{"line":109,"column":5}}]},"20":{"type":"branch","line":101,"loc":{"start":{"line":101,"column":22},"end":{"line":103,"column":7}},"locations":[{"start":{"line":101,"column":22},"end":{"line":103,"column":7}}]},"21":{"type":"branch","line":102,"loc":{"start":{"line":102,"column":32},"end":{"line":102,"column":51}},"locations":[{"start":{"line":102,"column":32},"end":{"line":102,"column":51}}]},"22":{"type":"branch","line":114,"loc":{"start":{"line":114,"column":17},"end":{"line":114,"column":93}},"locations":[{"start":{"line":114,"column":17},"end":{"line":114,"column":93}}]},"23":{"type":"branch","line":119,"loc":{"start":{"line":119,"column":17},"end":{"line":122,"column":5}},"locations":[{"start":{"line":119,"column":17},"end":{"line":122,"column":5}}]},"24":{"type":"branch","line":127,"loc":{"start":{"line":127,"column":17},"end":{"line":131,"column":5}},"locations":[{"start":{"line":127,"column":17},"end":{"line":131,"column":5}}]},"25":{"type":"branch","line":161,"loc":{"start":{"line":161,"column":17},"end":{"line":169,"column":5}},"locations":[{"start":{"line":161,"column":17},"end":{"line":169,"column":5}}]},"26":{"type":"branch","line":162,"loc":{"start":{"line":162,"column":41},"end":{"line":162,"column":51}},"locations":[{"start":{"line":162,"column":41},"end":{"line":162,"column":51}}]},"27":{"type":"branch","line":168,"loc":{"start":{"line":168,"column":41},"end":{"line":168,"column":60}},"locations":[{"start":{"line":168,"column":41},"end":{"line":168,"column":60}}]},"28":{"type":"branch","line":164,"loc":{"start":{"line":164,"column":22},"end":{"line":166,"column":7}},"locations":[{"start":{"line":164,"column":22},"end":{"line":166,"column":7}}]},"29":{"type":"branch","line":165,"loc":{"start":{"line":165,"column":32},"end":{"line":165,"column":51}},"locations":[{"start":{"line":165,"column":32},"end":{"line":165,"column":51}}]},"30":{"type":"branch","line":193,"loc":{"start":{"line":193,"column":17},"end":{"line":204,"column":5}},"locations":[{"start":{"line":193,"column":17},"end":{"line":204,"column":5}}]},"31":{"type":"branch","line":202,"loc":{"start":{"line":202,"column":9},"end":{"line":203,"column":8}},"locations":[{"start":{"line":202,"column":9},"end":{"line":203,"column":8}}]},"32":{"type":"branch","line":224,"loc":{"start":{"line":224,"column":10},"end":{"line":255,"column":3}},"locations":[{"start":{"line":224,"column":10},"end":{"line":255,"column":3}}]},"33":{"type":"branch","line":225,"loc":{"start":{"line":225,"column":35},"end":{"line":228,"column":5}},"locations":[{"start":{"line":225,"column":35},"end":{"line":228,"column":5}}]},"34":{"type":"branch","line":226,"loc":{"start":{"line":226,"column":83},"end":{"line":226,"column":103}},"locations":[{"start":{"line":226,"column":83},"end":{"line":226,"column":103}}]},"35":{"type":"branch","line":228,"loc":{"start":{"line":228,"column":4},"end":{"line":231,"column":69}},"locations":[{"start":{"line":228,"column":4},"end":{"line":231,"column":69}}]},"36":{"type":"branch","line":231,"loc":{"start":{"line":231,"column":57},"end":{"line":231,"column":92}},"locations":[{"start":{"line":231,"column":57},"end":{"line":231,"column":92}}]},"37":{"type":"branch","line":233,"loc":{"start":{"line":233,"column":23},"end":{"line":234,"column":22}},"locations":[{"start":{"line":233,"column":23},"end":{"line":234,"column":22}}]},"38":{"type":"branch","line":234,"loc":{"start":{"line":234,"column":16},"end":{"line":245,"column":18}},"locations":[{"start":{"line":234,"column":16},"end":{"line":245,"column":18}}]},"39":{"type":"branch","line":235,"loc":{"start":{"line":235,"column":10},"end":{"line":242,"column":21}},"locations":[{"start":{"line":235,"column":10},"end":{"line":242,"column":21}}]},"40":{"type":"branch","line":244,"loc":{"start":{"line":244,"column":27},"end":{"line":245,"column":18}},"locations":[{"start":{"line":244,"column":27},"end":{"line":245,"column":18}}]},"41":{"type":"branch","line":247,"loc":{"start":{"line":247,"column":23},"end":{"line":247,"column":48}},"locations":[{"start":{"line":247,"column":23},"end":{"line":247,"column":48}}]},"42":{"type":"branch","line":247,"loc":{"start":{"line":247,"column":36},"end":{"line":248,"column":23}},"locations":[{"start":{"line":247,"column":36},"end":{"line":248,"column":23}}]},"43":{"type":"branch","line":248,"loc":{"start":{"line":248,"column":16},"end":{"line":253,"column":24}},"locations":[{"start":{"line":248,"column":16},"end":{"line":253,"column":24}}]},"44":{"type":"branch","line":249,"loc":{"start":{"line":249,"column":32},"end":{"line":250,"column":19}},"locations":[{"start":{"line":249,"column":32},"end":{"line":250,"column":19}}]},"45":{"type":"branch","line":250,"loc":{"start":{"line":250,"column":12},"end":{"line":253,"column":24}},"locations":[{"start":{"line":250,"column":12},"end":{"line":253,"column":24}}]},"46":{"type":"branch","line":252,"loc":{"start":{"line":252,"column":14},"end":{"line":253,"column":24}},"locations":[{"start":{"line":252,"column":14},"end":{"line":253,"column":24}}]}},"b":{"0":[96],"1":[16],"2":[15],"3":[5],"4":[0],"5":[6],"6":[0],"7":[0],"8":[0],"9":[21],"10":[20],"11":[1],"12":[1],"13":[1],"14":[6],"15":[2],"16":[1],"17":[0],"18":[1],"19":[1],"20":[1],"21":[0],"22":[1],"23":[1],"24":[1],"25":[1],"26":[0],"27":[0],"28":[1],"29":[0],"30":[2],"31":[1],"32":[5],"33":[1],"34":[0],"35":[4],"36":[0],"37":[2],"38":[2],"39":[0],"40":[0],"41":[2],"42":[2],"43":[2],"44":[1],"45":[1],"46":[0]},"fnMap":{"0":{"name":"asyncHandler","decl":{"start":{"line":25,"column":21},"end":{"line":27,"column":2}},"loc":{"start":{"line":25,"column":21},"end":{"line":27,"column":2}},"line":25},"1":{"name":"send","decl":{"start":{"line":29,"column":13},"end":{"line":31,"column":2}},"loc":{"start":{"line":29,"column":13},"end":{"line":31,"column":2}},"line":29},"2":{"name":"pathParam","decl":{"start":{"line":33,"column":18},"end":{"line":37,"column":2}},"loc":{"start":{"line":33,"column":18},"end":{"line":37,"column":2}},"line":33},"3":{"name":"createApp","decl":{"start":{"line":47,"column":0},"end":{"line":258,"column":1}},"loc":{"start":{"line":47,"column":0},"end":{"line":258,"column":1}},"line":47},"4":{"name":"origin","decl":{"start":{"line":60,"column":6},"end":{"line":66,"column":7}},"loc":{"start":{"line":60,"column":6},"end":{"line":66,"column":7}},"line":60}},"f":{"0":96,"1":15,"2":5,"3":6,"4":21}}
,"/Users/along/Desktop/AI/AI中转站链接测试/server/src/config.ts": {"path":"/Users/along/Desktop/AI/AI中转站链接测试/server/src/config.ts","all":false,"statementMap":{"0":{"start":{"line":1,"column":0},"end":{"line":1,"column":28}},"4":{"start":{"line":5,"column":0},"end":{"line":5,"column":63}},"5":{"start":{"line":6,"column":0},"end":{"line":6,"column":60}},"7":{"start":{"line":8,"column":0},"end":{"line":8,"column":56}},"9":{"start":{"line":10,"column":0},"end":{"line":10,"column":79}},"10":{"start":{"line":11,"column":0},"end":{"line":11,"column":31}},"11":{"start":{"line":12,"column":0},"end":{"line":12,"column":68}},"12":{"start":{"line":13,"column":0},"end":{"line":13,"column":1}},"14":{"start":{"line":15,"column":0},"end":{"line":15,"column":77}},"15":{"start":{"line":16,"column":0},"end":{"line":16,"column":43}},"16":{"start":{"line":17,"column":0},"end":{"line":17,"column":75}},"17":{"start":{"line":18,"column":0},"end":{"line":18,"column":1}},"19":{"start":{"line":20,"column":0},"end":{"line":20,"column":80}},"20":{"start":{"line":21,"column":0},"end":{"line":21,"column":37}},"21":{"start":{"line":22,"column":0},"end":{"line":22,"column":15}},"22":{"start":{"line":23,"column":0},"end":{"line":23,"column":52}},"23":{"start":{"line":24,"column":0},"end":{"line":24,"column":21}},"24":{"start":{"line":25,"column":0},"end":{"line":25,"column":47}},"25":{"start":{"line":26,"column":0},"end":{"line":26,"column":1}},"27":{"start":{"line":28,"column":0},"end":{"line":28,"column":23}},"28":{"start":{"line":29,"column":0},"end":{"line":29,"column":55}},"29":{"start":{"line":30,"column":0},"end":{"line":30,"column":47}},"30":{"start":{"line":31,"column":0},"end":{"line":31,"column":106}},"31":{"start":{"line":32,"column":0},"end":{"line":32,"column":80}},"32":{"start":{"line":33,"column":0},"end":{"line":33,"column":69}},"33":{"start":{"line":34,"column":0},"end":{"line":34,"column":65}},"34":{"start":{"line":35,"column":0},"end":{"line":35,"column":84}},"35":{"start":{"line":36,"column":0},"end":{"line":36,"column":84}},"36":{"start":{"line":37,"column":0},"end":{"line":37,"column":2}}},"s":{"0":1,"4":1,"5":1,"7":1,"9":15,"10":15,"11":15,"12":15,"14":5,"15":5,"16":0,"17":0,"19":5,"20":5,"21":5,"22":5,"23":5,"24":5,"25":5,"27":1,"28":1,"29":1,"30":1,"31":1,"32":1,"33":1,"34":1,"35":1,"36":1},"branchMap":{"0":{"type":"branch","line":36,"loc":{"start":{"line":36,"column":38},"end":{"line":36,"column":70}},"locations":[{"start":{"line":36,"column":38},"end":{"line":36,"column":70}}]},"1":{"type":"branch","line":10,"loc":{"start":{"line":10,"column":0},"end":{"line":13,"column":1}},"locations":[{"start":{"line":10,"column":0},"end":{"line":13,"column":1}}]},"2":{"type":"branch","line":12,"loc":{"start":{"line":12,"column":32},"end":{"line":12,"column":50}},"locations":[{"start":{"line":12,"column":32},"end":{"line":12,"column":50}}]},"3":{"type":"branch","line":12,"loc":{"start":{"line":12,"column":46},"end":{"line":12,"column":59}},"locations":[{"start":{"line":12,"column":46},"end":{"line":12,"column":59}}]},"4":{"type":"branch","line":15,"loc":{"start":{"line":15,"column":0},"end":{"line":18,"column":1}},"locations":[{"start":{"line":15,"column":0},"end":{"line":18,"column":1}}]},"5":{"type":"branch","line":16,"loc":{"start":{"line":16,"column":34},"end":{"line":18,"column":1}},"locations":[{"start":{"line":16,"column":34},"end":{"line":18,"column":1}}]},"6":{"type":"branch","line":20,"loc":{"start":{"line":20,"column":0},"end":{"line":26,"column":1}},"locations":[{"start":{"line":20,"column":0},"end":{"line":26,"column":1}}]},"7":{"type":"branch","line":25,"loc":{"start":{"line":25,"column":26},"end":{"line":25,"column":47}},"locations":[{"start":{"line":25,"column":26},"end":{"line":25,"column":47}}]},"8":{"type":"branch","line":23,"loc":{"start":{"line":23,"column":9},"end":{"line":23,"column":51}},"locations":[{"start":{"line":23,"column":9},"end":{"line":23,"column":51}}]}},"b":{"0":[0],"1":[15],"2":[0],"3":[0],"4":[5],"5":[0],"6":[5],"7":[0],"8":[10]},"fnMap":{"0":{"name":"positiveInteger","decl":{"start":{"line":10,"column":0},"end":{"line":13,"column":1}},"loc":{"start":{"line":10,"column":0},"end":{"line":13,"column":1}},"line":10},"1":{"name":"booleanFlag","decl":{"start":{"line":15,"column":0},"end":{"line":18,"column":1}},"loc":{"start":{"line":15,"column":0},"end":{"line":18,"column":1}},"line":15},"2":{"name":"commaSeparated","decl":{"start":{"line":20,"column":0},"end":{"line":26,"column":1}},"loc":{"start":{"line":20,"column":0},"end":{"line":26,"column":1}},"line":20}},"f":{"0":15,"1":5,"2":5}}
,"/Users/along/Desktop/AI/AI中转站链接测试/server/src/server.ts": {"path":"/Users/along/Desktop/AI/AI中转站链接测试/server/src/server.ts","all":true,"statementMap":{"0":{"start":{"line":1,"column":0},"end":{"line":1,"column":37}},"1":{"start":{"line":2,"column":0},"end":{"line":2,"column":37}},"2":{"start":{"line":3,"column":0},"end":{"line":3,"column":0}},"3":{"start":{"line":4,"column":0},"end":{"line":4,"column":30}},"4":{"start":{"line":5,"column":0},"end":{"line":5,"column":44}},"5":{"start":{"line":6,"column":0},"end":{"line":6,"column":71}},"6":{"start":{"line":7,"column":0},"end":{"line":7,"column":3}}},"s":{"0":0,"1":0,"2":0,"3":0,"4":0,"5":0,"6":0},"branchMap":{"0":{"type":"branch","line":1,"loc":{"start":{"line":1,"column":0},"end":{"line":7,"column":3}},"locations":[{"start":{"line":1,"column":0},"end":{"line":7,"column":3}}]}},"b":{"0":[0]},"fnMap":{"0":{"name":"(empty-report)","decl":{"start":{"line":1,"column":0},"end":{"line":7,"column":3}},"loc":{"start":{"line":1,"column":0},"end":{"line":7,"column":3}},"line":1}},"f":{"0":0}}
,"/Users/along/Desktop/AI/AI中转站链接测试/server/src/types.ts": {"path":"/Users/along/Desktop/AI/AI中转站链接测试/server/src/types.ts","all":true,"statementMap":{"0":{"start":{"line":1,"column":0},"end":{"line":1,"column":58}},"1":{"start":{"line":2,"column":0},"end":{"line":2,"column":59}},"2":{"start":{"line":3,"column":0},"end":{"line":3,"column":51}},"3":{"start":{"line":4,"column":0},"end":{"line":4,"column":0}},"4":{"start":{"line":5,"column":0},"end":{"line":5,"column":32}},"5":{"start":{"line":6,"column":0},"end":{"line":6,"column":28}},"6":{"start":{"line":7,"column":0},"end":{"line":7,"column":21}},"7":{"start":{"line":8,"column":0},"end":{"line":8,"column":18}},"8":{"start":{"line":9,"column":0},"end":{"line":9,"column":23}},"9":{"start":{"line":10,"column":0},"end":{"line":10,"column":17}},"10":{"start":{"line":11,"column":0},"end":{"line":11,"column":18}},"11":{"start":{"line":12,"column":0},"end":{"line":12,"column":26}},"12":{"start":{"line":13,"column":0},"end":{"line":13,"column":19}},"13":{"start":{"line":14,"column":0},"end":{"line":14,"column":1}},"14":{"start":{"line":15,"column":0},"end":{"line":15,"column":0}},"15":{"start":{"line":16,"column":0},"end":{"line":16,"column":92}},"16":{"start":{"line":17,"column":0},"end":{"line":17,"column":28}},"17":{"start":{"line":18,"column":0},"end":{"line":18,"column":33}},"18":{"start":{"line":19,"column":0},"end":{"line":19,"column":1}},"19":{"start":{"line":20,"column":0},"end":{"line":20,"column":0}},"20":{"start":{"line":21,"column":0},"end":{"line":21,"column":34}},"21":{"start":{"line":22,"column":0},"end":{"line":22,"column":19}},"22":{"start":{"line":23,"column":0},"end":{"line":23,"column":27}},"23":{"start":{"line":24,"column":0},"end":{"line":24,"column":23}},"24":{"start":{"line":25,"column":0},"end":{"line":25,"column":22}},"25":{"start":{"line":26,"column":0},"end":{"line":26,"column":15}},"26":{"start":{"line":27,"column":0},"end":{"line":27,"column":19}},"27":{"start":{"line":28,"column":0},"end":{"line":28,"column":23}},"28":{"start":{"line":29,"column":0},"end":{"line":29,"column":20}},"29":{"start":{"line":30,"column":0},"end":{"line":30,"column":1}},"30":{"start":{"line":31,"column":0},"end":{"line":31,"column":0}},"31":{"start":{"line":32,"column":0},"end":{"line":32,"column":24}},"32":{"start":{"line":33,"column":0},"end":{"line":33,"column":13}},"33":{"start":{"line":34,"column":0},"end":{"line":34,"column":15}},"34":{"start":{"line":35,"column":0},"end":{"line":35,"column":18}},"35":{"start":{"line":36,"column":0},"end":{"line":36,"column":17}},"36":{"start":{"line":37,"column":0},"end":{"line":37,"column":16}},"37":{"start":{"line":38,"column":0},"end":{"line":38,"column":26}},"38":{"start":{"line":39,"column":0},"end":{"line":39,"column":19}},"39":{"start":{"line":40,"column":0},"end":{"line":40,"column":18}},"40":{"start":{"line":41,"column":0},"end":{"line":41,"column":17}},"41":{"start":{"line":42,"column":0},"end":{"line":42,"column":20}},"42":{"start":{"line":43,"column":0},"end":{"line":43,"column":20}},"43":{"start":{"line":44,"column":0},"end":{"line":44,"column":28}},"44":{"start":{"line":45,"column":0},"end":{"line":45,"column":29}},"45":{"start":{"line":46,"column":0},"end":{"line":46,"column":29}},"46":{"start":{"line":47,"column":0},"end":{"line":47,"column":32}},"47":{"start":{"line":48,"column":0},"end":{"line":48,"column":28}},"48":{"start":{"line":49,"column":0},"end":{"line":49,"column":1}},"49":{"start":{"line":50,"column":0},"end":{"line":50,"column":0}},"50":{"start":{"line":51,"column":0},"end":{"line":51,"column":69}},"51":{"start":{"line":52,"column":0},"end":{"line":52,"column":23}},"52":{"start":{"line":53,"column":0},"end":{"line":53,"column":38}},"53":{"start":{"line":54,"column":0},"end":{"line":54,"column":2}},"54":{"start":{"line":55,"column":0},"end":{"line":55,"column":0}},"55":{"start":{"line":56,"column":0},"end":{"line":56,"column":27}},"56":{"start":{"line":57,"column":0},"end":{"line":57,"column":10}},"57":{"start":{"line":58,"column":0},"end":{"line":58,"column":16}},"58":{"start":{"line":59,"column":0},"end":{"line":59,"column":21}},"59":{"start":{"line":60,"column":0},"end":{"line":60,"column":15}},"60":{"start":{"line":61,"column":0},"end":{"line":61,"column":12}},"61":{"start":{"line":62,"column":0},"end":{"line":62,"column":13}},"62":{"start":{"line":63,"column":0},"end":{"line":63,"column":15}},"63":{"start":{"line":64,"column":0},"end":{"line":64,"column":9}},"64":{"start":{"line":65,"column":0},"end":{"line":65,"column":16}},"65":{"start":{"line":66,"column":0},"end":{"line":66,"column":9}},"66":{"start":{"line":67,"column":0},"end":{"line":67,"column":13}},"67":{"start":{"line":68,"column":0},"end":{"line":68,"column":22}},"68":{"start":{"line":69,"column":0},"end":{"line":69,"column":16}},"69":{"start":{"line":70,"column":0},"end":{"line":70,"column":9}},"70":{"start":{"line":71,"column":0},"end":{"line":71,"column":0}},"71":{"start":{"line":72,"column":0},"end":{"line":72,"column":29}},"72":{"start":{"line":73,"column":0},"end":{"line":73,"column":13}},"73":{"start":{"line":74,"column":0},"end":{"line":74,"column":19}},"74":{"start":{"line":75,"column":0},"end":{"line":75,"column":18}},"75":{"start":{"line":76,"column":0},"end":{"line":76,"column":20}},"76":{"start":{"line":77,"column":0},"end":{"line":77,"column":16}},"77":{"start":{"line":78,"column":0},"end":{"line":78,"column":43}},"78":{"start":{"line":79,"column":0},"end":{"line":79,"column":28}},"79":{"start":{"line":80,"column":0},"end":{"line":80,"column":23}},"80":{"start":{"line":81,"column":0},"end":{"line":81,"column":24}},"81":{"start":{"line":82,"column":0},"end":{"line":82,"column":29}},"82":{"start":{"line":83,"column":0},"end":{"line":83,"column":29}},"83":{"start":{"line":84,"column":0},"end":{"line":84,"column":29}},"84":{"start":{"line":85,"column":0},"end":{"line":85,"column":35}},"85":{"start":{"line":86,"column":0},"end":{"line":86,"column":27}},"86":{"start":{"line":87,"column":0},"end":{"line":87,"column":23}},"87":{"start":{"line":88,"column":0},"end":{"line":88,"column":19}},"88":{"start":{"line":89,"column":0},"end":{"line":89,"column":1}},"89":{"start":{"line":90,"column":0},"end":{"line":90,"column":0}},"90":{"start":{"line":91,"column":0},"end":{"line":91,"column":33}},"91":{"start":{"line":92,"column":0},"end":{"line":92,"column":19}},"92":{"start":{"line":93,"column":0},"end":{"line":93,"column":10}},"93":{"start":{"line":94,"column":0},"end":{"line":94,"column":18}},"94":{"start":{"line":95,"column":0},"end":{"line":95,"column":1}},"95":{"start":{"line":96,"column":0},"end":{"line":96,"column":0}},"96":{"start":{"line":97,"column":0},"end":{"line":97,"column":29}},"97":{"start":{"line":98,"column":0},"end":{"line":98,"column":15}},"98":{"start":{"line":99,"column":0},"end":{"line":99,"column":18}},"99":{"start":{"line":100,"column":0},"end":{"line":100,"column":17}},"100":{"start":{"line":101,"column":0},"end":{"line":101,"column":16}},"101":{"start":{"line":102,"column":0},"end":{"line":102,"column":26}},"102":{"start":{"line":103,"column":0},"end":{"line":103,"column":19}},"103":{"start":{"line":104,"column":0},"end":{"line":104,"column":18}},"104":{"start":{"line":105,"column":0},"end":{"line":105,"column":17}},"105":{"start":{"line":106,"column":0},"end":{"line":106,"column":32}},"106":{"start":{"line":107,"column":0},"end":{"line":107,"column":1}}},"s":{"0":0,"1":0,"2":0,"3":0,"4":0,"5":0,"6":0,"7":0,"8":0,"9":0,"10":0,"11":0,"12":0,"13":0,"14":0,"15":0,"16":0,"17":0,"18":0,"19":0,"20":0,"21":0,"22":0,"23":0,"24":0,"25":0,"26":0,"27":0,"28":0,"29":0,"30":0,"31":0,"32":0,"33":0,"34":0,"35":0,"36":0,"37":0,"38":0,"39":0,"40":0,"41":0,"42":0,"43":0,"44":0,"45":0,"46":0,"47":0,"48":0,"49":0,"50":0,"51":0,"52":0,"53":0,"54":0,"55":0,"56":0,"57":0,"58":0,"59":0,"60":0,"61":0,"62":0,"63":0,"64":0,"65":0,"66":0,"67":0,"68":0,"69":0,"70":0,"71":0,"72":0,"73":0,"74":0,"75":0,"76":0,"77":0,"78":0,"79":0,"80":0,"81":0,"82":0,"83":0,"84":0,"85":0,"86":0,"87":0,"88":0,"89":0,"90":0,"91":0,"92":0,"93":0,"94":0,"95":0,"96":0,"97":0,"98":0,"99":0,"100":0,"101":0,"102":0,"103":0,"104":0,"105":0,"106":0},"branchMap":{"0":{"type":"branch","line":1,"loc":{"start":{"line":1,"column":0},"end":{"line":107,"column":1}},"locations":[{"start":{"line":1,"column":0},"end":{"line":107,"column":1}}]}},"b":{"0":[0]},"fnMap":{"0":{"name":"(empty-report)","decl":{"start":{"line":1,"column":0},"end":{"line":107,"column":1}},"loc":{"start":{"line":1,"column":0},"end":{"line":107,"column":1}},"line":1}},"f":{"0":0}}
,"/Users/along/Desktop/AI/AI中转站链接测试/server/src/validation.ts": {"path":"/Users/along/Desktop/AI/AI中转站链接测试/server/src/validation.ts","all":false,"statementMap":{"0":{"start":{"line":1,"column":0},"end":{"line":1,"column":24}},"2":{"start":{"line":3,"column":0},"end":{"line":3,"column":55}},"3":{"start":{"line":4,"column":0},"end":{"line":4,"column":17}},"4":{"start":{"line":5,"column":0},"end":{"line":5,"column":11}},"5":{"start":{"line":6,"column":0},"end":{"line":6,"column":9}},"6":{"start":{"line":7,"column":0},"end":{"line":7,"column":19}},"7":{"start":{"line":8,"column":0},"end":{"line":8,"column":11}},"8":{"start":{"line":9,"column":0},"end":{"line":9,"column":102}},"9":{"start":{"line":10,"column":0},"end":{"line":10,"column":22}},"10":{"start":{"line":11,"column":0},"end":{"line":11,"column":31}},"11":{"start":{"line":12,"column":0},"end":{"line":12,"column":42}},"12":{"start":{"line":13,"column":0},"end":{"line":13,"column":23}},"14":{"start":{"line":15,"column":0},"end":{"line":15,"column":22}},"15":{"start":{"line":16,"column":0},"end":{"line":16,"column":11}},"16":{"start":{"line":17,"column":0},"end":{"line":17,"column":9}},"17":{"start":{"line":18,"column":0},"end":{"line":18,"column":24}},"18":{"start":{"line":19,"column":0},"end":{"line":19,"column":11}},"19":{"start":{"line":20,"column":0},"end":{"line":20,"column":63}},"20":{"start":{"line":21,"column":0},"end":{"line":21,"column":22}},"21":{"start":{"line":22,"column":0},"end":{"line":22,"column":11}},"22":{"start":{"line":23,"column":0},"end":{"line":23,"column":9}},"23":{"start":{"line":24,"column":0},"end":{"line":24,"column":11}},"24":{"start":{"line":25,"column":0},"end":{"line":25,"column":62}},"25":{"start":{"line":26,"column":0},"end":{"line":26,"column":14}},"27":{"start":{"line":28,"column":0},"end":{"line":28,"column":54}},"28":{"start":{"line":29,"column":0},"end":{"line":29,"column":38}},"29":{"start":{"line":30,"column":0},"end":{"line":30,"column":47}},"30":{"start":{"line":31,"column":0},"end":{"line":31,"column":60}},"31":{"start":{"line":32,"column":0},"end":{"line":32,"column":23}},"32":{"start":{"line":33,"column":0},"end":{"line":33,"column":28}},"33":{"start":{"line":34,"column":0},"end":{"line":34,"column":49}},"34":{"start":{"line":35,"column":0},"end":{"line":35,"column":65}},"35":{"start":{"line":36,"column":0},"end":{"line":36,"column":65}},"36":{"start":{"line":37,"column":0},"end":{"line":37,"column":36}},"37":{"start":{"line":38,"column":0},"end":{"line":38,"column":3}},"39":{"start":{"line":40,"column":0},"end":{"line":40,"column":43}},"40":{"start":{"line":41,"column":0},"end":{"line":41,"column":50}},"41":{"start":{"line":42,"column":0},"end":{"line":42,"column":19}},"42":{"start":{"line":43,"column":0},"end":{"line":43,"column":23}},"43":{"start":{"line":44,"column":0},"end":{"line":44,"column":52}},"44":{"start":{"line":45,"column":0},"end":{"line":45,"column":37}},"45":{"start":{"line":46,"column":0},"end":{"line":46,"column":37}},"46":{"start":{"line":47,"column":0},"end":{"line":47,"column":65}},"47":{"start":{"line":48,"column":0},"end":{"line":48,"column":49}},"48":{"start":{"line":49,"column":0},"end":{"line":49,"column":47}},"49":{"start":{"line":50,"column":0},"end":{"line":50,"column":3}},"51":{"start":{"line":52,"column":0},"end":{"line":52,"column":94}},"53":{"start":{"line":54,"column":0},"end":{"line":54,"column":36}},"54":{"start":{"line":55,"column":0},"end":{"line":55,"column":47}},"55":{"start":{"line":56,"column":0},"end":{"line":56,"column":60}},"56":{"start":{"line":57,"column":0},"end":{"line":57,"column":31}},"57":{"start":{"line":58,"column":0},"end":{"line":58,"column":3}},"59":{"start":{"line":60,"column":0},"end":{"line":60,"column":41}},"60":{"start":{"line":61,"column":0},"end":{"line":61,"column":120}},"61":{"start":{"line":62,"column":0},"end":{"line":62,"column":59}},"62":{"start":{"line":63,"column":0},"end":{"line":63,"column":3}},"64":{"start":{"line":65,"column":0},"end":{"line":65,"column":43}},"65":{"start":{"line":66,"column":0},"end":{"line":66,"column":120}},"66":{"start":{"line":67,"column":0},"end":{"line":67,"column":22}},"67":{"start":{"line":68,"column":0},"end":{"line":68,"column":3}},"69":{"start":{"line":70,"column":0},"end":{"line":70,"column":40}},"70":{"start":{"line":71,"column":0},"end":{"line":71,"column":19}},"71":{"start":{"line":72,"column":0},"end":{"line":72,"column":23}},"72":{"start":{"line":73,"column":0},"end":{"line":73,"column":64}},"73":{"start":{"line":74,"column":0},"end":{"line":74,"column":3}},"75":{"start":{"line":76,"column":0},"end":{"line":76,"column":44}},"76":{"start":{"line":77,"column":0},"end":{"line":77,"column":40}},"77":{"start":{"line":78,"column":0},"end":{"line":78,"column":87}},"78":{"start":{"line":79,"column":0},"end":{"line":79,"column":57}},"79":{"start":{"line":80,"column":0},"end":{"line":80,"column":54}},"80":{"start":{"line":81,"column":0},"end":{"line":81,"column":3}}},"s":{"0":1,"2":1,"3":1,"4":1,"5":1,"6":1,"7":1,"8":1,"9":1,"10":6,"11":6,"12":1,"14":1,"15":1,"16":1,"17":1,"18":1,"19":1,"20":1,"21":1,"22":1,"23":1,"24":1,"25":1,"27":1,"28":1,"29":1,"30":1,"31":1,"32":1,"33":1,"34":1,"35":1,"36":1,"37":1,"39":1,"40":1,"41":1,"42":1,"43":1,"44":1,"45":1,"46":1,"47":1,"48":1,"49":1,"51":1,"53":1,"54":1,"55":1,"56":1,"57":1,"59":1,"60":1,"61":1,"62":1,"64":1,"65":1,"66":1,"67":1,"69":1,"70":1,"71":1,"72":1,"73":1,"75":1,"76":1,"77":1,"78":1,"79":1,"80":1},"branchMap":{"0":{"type":"branch","line":9,"loc":{"start":{"line":9,"column":10},"end":{"line":9,"column":76}},"locations":[{"start":{"line":9,"column":10},"end":{"line":9,"column":76}}]},"1":{"type":"branch","line":10,"loc":{"start":{"line":10,"column":10},"end":{"line":13,"column":5}},"locations":[{"start":{"line":10,"column":10},"end":{"line":13,"column":5}}]},"2":{"type":"branch","line":20,"loc":{"start":{"line":20,"column":10},"end":{"line":20,"column":44}},"locations":[{"start":{"line":20,"column":10},"end":{"line":20,"column":44}}]},"3":{"type":"branch","line":25,"loc":{"start":{"line":25,"column":10},"end":{"line":25,"column":44}},"locations":[{"start":{"line":25,"column":10},"end":{"line":25,"column":44}}]},"4":{"type":"branch","line":61,"loc":{"start":{"line":61,"column":62},"end":{"line":61,"column":105}},"locations":[{"start":{"line":61,"column":62},"end":{"line":61,"column":105}}]},"5":{"type":"branch","line":66,"loc":{"start":{"line":66,"column":62},"end":{"line":66,"column":105}},"locations":[{"start":{"line":66,"column":62},"end":{"line":66,"column":105}}]}},"b":{"0":[6],"1":[6],"2":[6],"3":[1],"4":[1],"5":[2]},"fnMap":{},"f":{}}
,"/Users/along/Desktop/AI/AI中转站链接测试/server/src/lib/http-error.ts": {"path":"/Users/along/Desktop/AI/AI中转站链接测试/server/src/lib/http-error.ts","all":false,"statementMap":{"0":{"start":{"line":1,"column":0},"end":{"line":1,"column":38}},"1":{"start":{"line":2,"column":0},"end":{"line":2,"column":14}},"2":{"start":{"line":3,"column":0},"end":{"line":3,"column":35}},"3":{"start":{"line":4,"column":0},"end":{"line":4,"column":19}},"4":{"start":{"line":5,"column":0},"end":{"line":5,"column":5}},"5":{"start":{"line":6,"column":0},"end":{"line":6,"column":19}},"6":{"start":{"line":7,"column":0},"end":{"line":7,"column":3}},"7":{"start":{"line":8,"column":0},"end":{"line":8,"column":1}}},"s":{"0":1,"1":1,"2":9,"3":9,"4":9,"5":9,"6":9,"7":1},"branchMap":{"0":{"type":"branch","line":2,"loc":{"start":{"line":2,"column":2},"end":{"line":7,"column":3}},"locations":[{"start":{"line":2,"column":2},"end":{"line":7,"column":3}}]}},"b":{"0":[9]},"fnMap":{"0":{"name":"HttpError","decl":{"start":{"line":2,"column":2},"end":{"line":7,"column":3}},"loc":{"start":{"line":2,"column":2},"end":{"line":7,"column":3}},"line":2}},"f":{"0":9}}
,"/Users/along/Desktop/AI/AI中转站链接测试/server/src/lib/json-store.ts": {"path":"/Users/along/Desktop/AI/AI中转站链接测试/server/src/lib/json-store.ts","all":false,"statementMap":{"0":{"start":{"line":1,"column":0},"end":{"line":1,"column":41}},"4":{"start":{"line":5,"column":0},"end":{"line":5,"column":27}},"5":{"start":{"line":6,"column":0},"end":{"line":6,"column":51}},"7":{"start":{"line":8,"column":0},"end":{"line":8,"column":14}},"8":{"start":{"line":9,"column":0},"end":{"line":9,"column":38}},"9":{"start":{"line":10,"column":0},"end":{"line":10,"column":36}},"10":{"start":{"line":11,"column":0},"end":{"line":11,"column":6}},"12":{"start":{"line":13,"column":0},"end":{"line":13,"column":37}},"13":{"start":{"line":14,"column":0},"end":{"line":14,"column":66}},"14":{"start":{"line":15,"column":0},"end":{"line":15,"column":9}},"15":{"start":{"line":16,"column":0},"end":{"line":16,"column":30}},"16":{"start":{"line":17,"column":0},"end":{"line":17,"column":21}},"17":{"start":{"line":18,"column":0},"end":{"line":18,"column":74}},"18":{"start":{"line":19,"column":0},"end":{"line":19,"column":48}},"19":{"start":{"line":20,"column":0},"end":{"line":20,"column":5}},"20":{"start":{"line":21,"column":0},"end":{"line":21,"column":3}},"22":{"start":{"line":23,"column":0},"end":{"line":23,"column":28}},"23":{"start":{"line":24,"column":0},"end":{"line":24,"column":21}},"24":{"start":{"line":25,"column":0},"end":{"line":25,"column":29}},"25":{"start":{"line":26,"column":0},"end":{"line":26,"column":3}},"27":{"start":{"line":28,"column":0},"end":{"line":28,"column":69}},"28":{"start":{"line":29,"column":0},"end":{"line":29,"column":19}},"29":{"start":{"line":30,"column":0},"end":{"line":30,"column":51}},"30":{"start":{"line":31,"column":0},"end":{"line":31,"column":46}},"31":{"start":{"line":32,"column":0},"end":{"line":32,"column":38}},"32":{"start":{"line":33,"column":0},"end":{"line":33,"column":37}},"33":{"start":{"line":34,"column":0},"end":{"line":34,"column":7}},"34":{"start":{"line":35,"column":0},"end":{"line":35,"column":50}},"35":{"start":{"line":36,"column":0},"end":{"line":36,"column":20}},"36":{"start":{"line":37,"column":0},"end":{"line":37,"column":18}},"37":{"start":{"line":38,"column":0},"end":{"line":38,"column":3}},"39":{"start":{"line":40,"column":0},"end":{"line":40,"column":42}},"40":{"start":{"line":41,"column":0},"end":{"line":41,"column":54}},"41":{"start":{"line":42,"column":0},"end":{"line":42,"column":9}},"42":{"start":{"line":43,"column":0},"end":{"line":43,"column":34}},"43":{"start":{"line":44,"column":0},"end":{"line":44,"column":13}},"44":{"start":{"line":45,"column":0},"end":{"line":45,"column":66}},"45":{"start":{"line":46,"column":0},"end":{"line":46,"column":5}},"46":{"start":{"line":47,"column":0},"end":{"line":47,"column":3}},"48":{"start":{"line":49,"column":0},"end":{"line":49,"column":54}},"49":{"start":{"line":50,"column":0},"end":{"line":50,"column":80}},"50":{"start":{"line":51,"column":0},"end":{"line":51,"column":9}},"51":{"start":{"line":52,"column":0},"end":{"line":52,"column":77}},"52":{"start":{"line":53,"column":0},"end":{"line":53,"column":25}},"53":{"start":{"line":54,"column":0},"end":{"line":54,"column":19}},"54":{"start":{"line":55,"column":0},"end":{"line":55,"column":9}},"55":{"start":{"line":56,"column":0},"end":{"line":56,"column":49}},"56":{"start":{"line":57,"column":0},"end":{"line":57,"column":21}},"57":{"start":{"line":58,"column":0},"end":{"line":58,"column":70}},"58":{"start":{"line":59,"column":0},"end":{"line":59,"column":18}},"59":{"start":{"line":60,"column":0},"end":{"line":60,"column":5}},"60":{"start":{"line":61,"column":0},"end":{"line":61,"column":3}},"61":{"start":{"line":62,"column":0},"end":{"line":62,"column":1}}},"s":{"0":1,"4":1,"5":21,"7":21,"8":21,"9":21,"10":21,"12":21,"13":21,"14":21,"15":21,"16":21,"17":19,"18":18,"19":18,"20":21,"22":21,"23":53,"24":53,"25":53,"27":21,"28":80,"29":80,"30":80,"31":80,"32":79,"33":80,"34":80,"35":80,"36":79,"37":80,"39":21,"40":154,"41":136,"42":136,"43":154,"44":1,"45":1,"46":154,"48":21,"49":97,"50":97,"51":97,"52":97,"53":97,"54":97,"55":97,"56":97,"57":0,"58":0,"59":0,"60":97,"61":21},"branchMap":{"0":{"type":"branch","line":5,"loc":{"start":{"line":5,"column":7},"end":{"line":62,"column":1}},"locations":[{"start":{"line":5,"column":7},"end":{"line":62,"column":1}}]},"1":{"type":"branch","line":8,"loc":{"start":{"line":8,"column":2},"end":{"line":11,"column":6}},"locations":[{"start":{"line":8,"column":2},"end":{"line":11,"column":6}}]},"2":{"type":"branch","line":13,"loc":{"start":{"line":13,"column":2},"end":{"line":21,"column":3}},"locations":[{"start":{"line":13,"column":2},"end":{"line":21,"column":3}}]},"3":{"type":"branch","line":16,"loc":{"start":{"line":16,"column":28},"end":{"line":17,"column":13}},"locations":[{"start":{"line":16,"column":28},"end":{"line":17,"column":13}}]},"4":{"type":"branch","line":17,"loc":{"start":{"line":17,"column":4},"end":{"line":20,"column":5}},"locations":[{"start":{"line":17,"column":4},"end":{"line":20,"column":5}}]},"5":{"type":"branch","line":18,"loc":{"start":{"line":18,"column":62},"end":{"line":20,"column":5}},"locations":[{"start":{"line":18,"column":62},"end":{"line":20,"column":5}}]},"6":{"type":"branch","line":18,"loc":{"start":{"line":18,"column":62},"end":{"line":18,"column":74}},"locations":[{"start":{"line":18,"column":62},"end":{"line":18,"column":74}}]},"7":{"type":"branch","line":23,"loc":{"start":{"line":23,"column":2},"end":{"line":26,"column":3}},"locations":[{"start":{"line":23,"column":2},"end":{"line":26,"column":3}}]},"8":{"type":"branch","line":28,"loc":{"start":{"line":28,"column":2},"end":{"line":38,"column":3}},"locations":[{"start":{"line":28,"column":2},"end":{"line":38,"column":3}}]},"9":{"type":"branch","line":36,"loc":{"start":{"line":36,"column":10},"end":{"line":37,"column":18}},"locations":[{"start":{"line":36,"column":10},"end":{"line":37,"column":18}}]},"10":{"type":"branch","line":30,"loc":{"start":{"line":30,"column":38},"end":{"line":34,"column":5}},"locations":[{"start":{"line":30,"column":38},"end":{"line":34,"column":5}}]},"11":{"type":"branch","line":32,"loc":{"start":{"line":32,"column":36},"end":{"line":33,"column":37}},"locations":[{"start":{"line":32,"column":36},"end":{"line":33,"column":37}}]},"12":{"type":"branch","line":35,"loc":{"start":{"line":35,"column":33},"end":{"line":35,"column":48}},"locations":[{"start":{"line":35,"column":33},"end":{"line":35,"column":48}}]},"13":{"type":"branch","line":40,"loc":{"start":{"line":40,"column":2},"end":{"line":47,"column":3}},"locations":[{"start":{"line":40,"column":2},"end":{"line":47,"column":3}}]},"14":{"type":"branch","line":41,"loc":{"start":{"line":41,"column":52},"end":{"line":44,"column":12}},"locations":[{"start":{"line":41,"column":52},"end":{"line":44,"column":12}}]},"15":{"type":"branch","line":44,"loc":{"start":{"line":44,"column":4},"end":{"line":46,"column":5}},"locations":[{"start":{"line":44,"column":4},"end":{"line":46,"column":5}}]},"16":{"type":"branch","line":49,"loc":{"start":{"line":49,"column":2},"end":{"line":61,"column":3}},"locations":[{"start":{"line":49,"column":2},"end":{"line":61,"column":3}}]},"17":{"type":"branch","line":57,"loc":{"start":{"line":57,"column":4},"end":{"line":60,"column":5}},"locations":[{"start":{"line":57,"column":4},"end":{"line":60,"column":5}}]}},"b":{"0":[21],"1":[21],"2":[21],"3":[2],"4":[19],"5":[18],"6":[1],"7":[53],"8":[80],"9":[79],"10":[80],"11":[79],"12":[1],"13":[154],"14":[136],"15":[1],"16":[97],"17":[0]},"fnMap":{"0":{"name":"<instance_members_initializer>","decl":{"start":{"line":5,"column":7},"end":{"line":62,"column":1}},"loc":{"start":{"line":5,"column":7},"end":{"line":62,"column":1}},"line":5},"1":{"name":"JsonStore","decl":{"start":{"line":8,"column":2},"end":{"line":11,"column":6}},"loc":{"start":{"line":8,"column":2},"end":{"line":11,"column":6}},"line":8},"2":{"name":"initialize","decl":{"start":{"line":13,"column":2},"end":{"line":21,"column":3}},"loc":{"start":{"line":13,"column":2},"end":{"line":21,"column":3}},"line":13},"3":{"name":"read","decl":{"start":{"line":23,"column":2},"end":{"line":26,"column":3}},"loc":{"start":{"line":23,"column":2},"end":{"line":26,"column":3}},"line":23},"4":{"name":"update","decl":{"start":{"line":28,"column":2},"end":{"line":38,"column":3}},"loc":{"start":{"line":28,"column":2},"end":{"line":38,"column":3}},"line":28},"5":{"name":"readUnsafe","decl":{"start":{"line":40,"column":2},"end":{"line":47,"column":3}},"loc":{"start":{"line":40,"column":2},"end":{"line":47,"column":3}},"line":40},"6":{"name":"writeUnsafe","decl":{"start":{"line":49,"column":2},"end":{"line":61,"column":3}},"loc":{"start":{"line":49,"column":2},"end":{"line":61,"column":3}},"line":49}},"f":{"0":21,"1":21,"2":21,"3":53,"4":80,"5":154,"6":97}}
,"/Users/along/Desktop/AI/AI中转站链接测试/server/src/lib/key-cipher.ts": {"path":"/Users/along/Desktop/AI/AI中转站链接测试/server/src/lib/key-cipher.ts","all":false,"statementMap":{"0":{"start":{"line":1,"column":0},"end":{"line":1,"column":88}},"2":{"start":{"line":3,"column":0},"end":{"line":3,"column":24}},"4":{"start":{"line":5,"column":0},"end":{"line":5,"column":24}},"5":{"start":{"line":6,"column":0},"end":{"line":6,"column":32}},"7":{"start":{"line":8,"column":0},"end":{"line":8,"column":32}},"8":{"start":{"line":9,"column":0},"end":{"line":9,"column":89}},"9":{"start":{"line":10,"column":0},"end":{"line":10,"column":3}},"11":{"start":{"line":12,"column":0},"end":{"line":12,"column":26}},"12":{"start":{"line":13,"column":0},"end":{"line":13,"column":34}},"13":{"start":{"line":14,"column":0},"end":{"line":14,"column":3}},"15":{"start":{"line":16,"column":0},"end":{"line":16,"column":39}},"16":{"start":{"line":17,"column":0},"end":{"line":17,"column":42}},"17":{"start":{"line":18,"column":0},"end":{"line":18,"column":3}},"19":{"start":{"line":20,"column":0},"end":{"line":20,"column":34}},"20":{"start":{"line":21,"column":0},"end":{"line":21,"column":32}},"21":{"start":{"line":22,"column":0},"end":{"line":22,"column":31}},"22":{"start":{"line":23,"column":0},"end":{"line":23,"column":63}},"23":{"start":{"line":24,"column":0},"end":{"line":24,"column":84}},"24":{"start":{"line":25,"column":0},"end":{"line":25,"column":132}},"25":{"start":{"line":26,"column":0},"end":{"line":26,"column":3}},"27":{"start":{"line":28,"column":0},"end":{"line":28,"column":34}},"28":{"start":{"line":29,"column":0},"end":{"line":29,"column":47}},"29":{"start":{"line":30,"column":0},"end":{"line":30,"column":86}},"30":{"start":{"line":31,"column":0},"end":{"line":31,"column":69}},"31":{"start":{"line":32,"column":0},"end":{"line":32,"column":86}},"32":{"start":{"line":33,"column":0},"end":{"line":33,"column":9}},"33":{"start":{"line":34,"column":0},"end":{"line":34,"column":100}},"34":{"start":{"line":35,"column":0},"end":{"line":35,"column":62}},"35":{"start":{"line":36,"column":0},"end":{"line":36,"column":28}},"36":{"start":{"line":37,"column":0},"end":{"line":37,"column":66}},"37":{"start":{"line":38,"column":0},"end":{"line":38,"column":24}},"38":{"start":{"line":39,"column":0},"end":{"line":39,"column":26}},"39":{"start":{"line":40,"column":0},"end":{"line":40,"column":13}},"40":{"start":{"line":41,"column":0},"end":{"line":41,"column":68}},"41":{"start":{"line":42,"column":0},"end":{"line":42,"column":5}},"42":{"start":{"line":43,"column":0},"end":{"line":43,"column":3}},"43":{"start":{"line":44,"column":0},"end":{"line":44,"column":1}}},"s":{"0":1,"2":1,"4":1,"5":12,"7":12,"8":12,"9":12,"11":12,"12":11,"13":11,"15":12,"16":36,"17":36,"19":12,"20":23,"21":2,"22":2,"23":2,"24":2,"25":23,"27":12,"28":35,"29":4,"30":4,"31":35,"32":4,"33":4,"34":4,"35":4,"36":4,"37":4,"38":4,"39":4,"40":1,"41":1,"42":35,"43":12},"branchMap":{"0":{"type":"branch","line":5,"loc":{"start":{"line":5,"column":7},"end":{"line":44,"column":1}},"locations":[{"start":{"line":5,"column":7},"end":{"line":44,"column":1}}]},"1":{"type":"branch","line":8,"loc":{"start":{"line":8,"column":2},"end":{"line":10,"column":3}},"locations":[{"start":{"line":8,"column":2},"end":{"line":10,"column":3}}]},"2":{"type":"branch","line":9,"loc":{"start":{"line":9,"column":15},"end":{"line":9,"column":79}},"locations":[{"start":{"line":9,"column":15},"end":{"line":9,"column":79}}]},"3":{"type":"branch","line":9,"loc":{"start":{"line":9,"column":75},"end":{"line":9,"column":89}},"locations":[{"start":{"line":9,"column":75},"end":{"line":9,"column":89}}]},"4":{"type":"branch","line":12,"loc":{"start":{"line":12,"column":2},"end":{"line":14,"column":3}},"locations":[{"start":{"line":12,"column":2},"end":{"line":14,"column":3}}]},"5":{"type":"branch","line":16,"loc":{"start":{"line":16,"column":2},"end":{"line":18,"column":3}},"locations":[{"start":{"line":16,"column":2},"end":{"line":18,"column":3}}]},"6":{"type":"branch","line":20,"loc":{"start":{"line":20,"column":2},"end":{"line":26,"column":3}},"locations":[{"start":{"line":20,"column":2},"end":{"line":26,"column":3}}]},"7":{"type":"branch","line":21,"loc":{"start":{"line":21,"column":19},"end":{"line":21,"column":32}},"locations":[{"start":{"line":21,"column":19},"end":{"line":21,"column":32}}]},"8":{"type":"branch","line":21,"loc":{"start":{"line":21,"column":26},"end":{"line":25,"column":132}},"locations":[{"start":{"line":21,"column":26},"end":{"line":25,"column":132}}]},"9":{"type":"branch","line":28,"loc":{"start":{"line":28,"column":2},"end":{"line":43,"column":3}},"locations":[{"start":{"line":28,"column":2},"end":{"line":43,"column":3}}]},"10":{"type":"branch","line":29,"loc":{"start":{"line":29,"column":34},"end":{"line":29,"column":47}},"locations":[{"start":{"line":29,"column":34},"end":{"line":29,"column":47}}]},"11":{"type":"branch","line":29,"loc":{"start":{"line":29,"column":41},"end":{"line":32,"column":33}},"locations":[{"start":{"line":29,"column":41},"end":{"line":32,"column":33}}]},"12":{"type":"branch","line":30,"loc":{"start":{"line":30,"column":19},"end":{"line":30,"column":86}},"locations":[{"start":{"line":30,"column":19},"end":{"line":30,"column":86}}]},"13":{"type":"branch","line":32,"loc":{"start":{"line":32,"column":21},"end":{"line":32,"column":50}},"locations":[{"start":{"line":32,"column":21},"end":{"line":32,"column":50}}]},"14":{"type":"branch","line":32,"loc":{"start":{"line":32,"column":50},"end":{"line":42,"column":5}},"locations":[{"start":{"line":32,"column":50},"end":{"line":42,"column":5}}]},"15":{"type":"branch","line":32,"loc":{"start":{"line":32,"column":50},"end":{"line":32,"column":86}},"locations":[{"start":{"line":32,"column":50},"end":{"line":32,"column":86}}]},"16":{"type":"branch","line":40,"loc":{"start":{"line":40,"column":4},"end":{"line":42,"column":5}},"locations":[{"start":{"line":40,"column":4},"end":{"line":42,"column":5}}]}},"b":{"0":[12],"1":[12],"2":[3],"3":[9],"4":[11],"5":[36],"6":[23],"7":[21],"8":[2],"9":[35],"10":[31],"11":[4],"12":[0],"13":[4],"14":[4],"15":[0],"16":[1]},"fnMap":{"0":{"name":"<instance_members_initializer>","decl":{"start":{"line":5,"column":7},"end":{"line":44,"column":1}},"loc":{"start":{"line":5,"column":7},"end":{"line":44,"column":1}},"line":5},"1":{"name":"KeyCipher","decl":{"start":{"line":8,"column":2},"end":{"line":10,"column":3}},"loc":{"start":{"line":8,"column":2},"end":{"line":10,"column":3}},"line":8},"2":{"name":"get enabled","decl":{"start":{"line":12,"column":2},"end":{"line":14,"column":3}},"loc":{"start":{"line":12,"column":2},"end":{"line":14,"column":3}},"line":12},"3":{"name":"isEncrypted","decl":{"start":{"line":16,"column":2},"end":{"line":18,"column":3}},"loc":{"start":{"line":16,"column":2},"end":{"line":18,"column":3}},"line":16},"4":{"name":"encrypt","decl":{"start":{"line":20,"column":2},"end":{"line":26,"column":3}},"loc":{"start":{"line":20,"column":2},"end":{"line":26,"column":3}},"line":20},"5":{"name":"decrypt","decl":{"start":{"line":28,"column":2},"end":{"line":43,"column":3}},"loc":{"start":{"line":28,"column":2},"end":{"line":43,"column":3}},"line":28}},"f":{"0":12,"1":12,"2":11,"3":36,"4":23,"5":35}}
,"/Users/along/Desktop/AI/AI中转站链接测试/server/src/lib/origin-policy.ts": {"path":"/Users/along/Desktop/AI/AI中转站链接测试/server/src/lib/origin-policy.ts","all":false,"statementMap":{"0":{"start":{"line":1,"column":0},"end":{"line":1,"column":67}},"1":{"start":{"line":2,"column":0},"end":{"line":2,"column":71}},"2":{"start":{"line":3,"column":0},"end":{"line":3,"column":78}},"4":{"start":{"line":5,"column":0},"end":{"line":5,"column":60}},"5":{"start":{"line":6,"column":0},"end":{"line":6,"column":7}},"6":{"start":{"line":7,"column":0},"end":{"line":7,"column":32}},"7":{"start":{"line":8,"column":0},"end":{"line":8,"column":34}},"8":{"start":{"line":9,"column":0},"end":{"line":9,"column":12}},"9":{"start":{"line":10,"column":0},"end":{"line":10,"column":33}},"10":{"start":{"line":11,"column":0},"end":{"line":11,"column":67}},"11":{"start":{"line":12,"column":0},"end":{"line":12,"column":31}},"12":{"start":{"line":13,"column":0},"end":{"line":13,"column":18}},"13":{"start":{"line":14,"column":0},"end":{"line":14,"column":19}},"15":{"start":{"line":16,"column":0},"end":{"line":16,"column":11}},"16":{"start":{"line":17,"column":0},"end":{"line":17,"column":17}},"17":{"start":{"line":18,"column":0},"end":{"line":18,"column":3}},"18":{"start":{"line":19,"column":0},"end":{"line":19,"column":1}},"20":{"start":{"line":21,"column":0},"end":{"line":21,"column":67}},"21":{"start":{"line":22,"column":0},"end":{"line":22,"column":10}},"22":{"start":{"line":23,"column":0},"end":{"line":23,"column":43}},"23":{"start":{"line":24,"column":0},"end":{"line":24,"column":42}},"24":{"start":{"line":25,"column":0},"end":{"line":25,"column":38}},"26":{"start":{"line":27,"column":0},"end":{"line":27,"column":1}},"28":{"start":{"line":29,"column":0},"end":{"line":29,"column":38}},"29":{"start":{"line":30,"column":0},"end":{"line":30,"column":29}},"30":{"start":{"line":31,"column":0},"end":{"line":31,"column":36}},"31":{"start":{"line":32,"column":0},"end":{"line":32,"column":32}},"32":{"start":{"line":33,"column":0},"end":{"line":33,"column":12}},"33":{"start":{"line":34,"column":0},"end":{"line":34,"column":27}},"34":{"start":{"line":35,"column":0},"end":{"line":35,"column":83}},"35":{"start":{"line":36,"column":0},"end":{"line":36,"column":52}},"36":{"start":{"line":37,"column":0},"end":{"line":37,"column":67}},"37":{"start":{"line":38,"column":0},"end":{"line":38,"column":1}}},"s":{"0":1,"1":1,"2":1,"4":9,"5":9,"6":9,"7":9,"8":9,"9":9,"10":3,"11":2,"12":2,"13":2,"15":9,"16":0,"17":0,"18":9,"20":1,"21":10,"22":10,"23":7,"24":5,"26":10,"28":1,"29":29,"30":29,"31":29,"32":29,"33":29,"34":29,"35":29,"36":11,"37":29},"branchMap":{"0":{"type":"branch","line":5,"loc":{"start":{"line":5,"column":0},"end":{"line":19,"column":1}},"locations":[{"start":{"line":5,"column":0},"end":{"line":19,"column":1}}]},"1":{"type":"branch","line":10,"loc":{"start":{"line":10,"column":23},"end":{"line":11,"column":67}},"locations":[{"start":{"line":10,"column":23},"end":{"line":11,"column":67}}]},"2":{"type":"branch","line":11,"loc":{"start":{"line":11,"column":63},"end":{"line":12,"column":31}},"locations":[{"start":{"line":11,"column":63},"end":{"line":12,"column":31}}]},"3":{"type":"branch","line":12,"loc":{"start":{"line":12,"column":27},"end":{"line":13,"column":18}},"locations":[{"start":{"line":12,"column":27},"end":{"line":13,"column":18}}]},"4":{"type":"branch","line":13,"loc":{"start":{"line":13,"column":14},"end":{"line":14,"column":19}},"locations":[{"start":{"line":13,"column":14},"end":{"line":14,"column":19}}]},"5":{"type":"branch","line":16,"loc":{"start":{"line":16,"column":2},"end":{"line":18,"column":3}},"locations":[{"start":{"line":16,"column":2},"end":{"line":18,"column":3}}]},"6":{"type":"branch","line":21,"loc":{"start":{"line":21,"column":7},"end":{"line":27,"column":1}},"locations":[{"start":{"line":21,"column":7},"end":{"line":27,"column":1}}]},"7":{"type":"branch","line":23,"loc":{"start":{"line":23,"column":39},"end":{"line":24,"column":42}},"locations":[{"start":{"line":23,"column":39},"end":{"line":24,"column":42}}]},"8":{"type":"branch","line":24,"loc":{"start":{"line":24,"column":38},"end":{"line":25,"column":38}},"locations":[{"start":{"line":24,"column":38},"end":{"line":25,"column":38}}]},"9":{"type":"branch","line":29,"loc":{"start":{"line":29,"column":7},"end":{"line":38,"column":1}},"locations":[{"start":{"line":29,"column":7},"end":{"line":38,"column":1}}]},"10":{"type":"branch","line":34,"loc":{"start":{"line":34,"column":15},"end":{"line":34,"column":27}},"locations":[{"start":{"line":34,"column":15},"end":{"line":34,"column":27}}]},"11":{"type":"branch","line":34,"loc":{"start":{"line":34,"column":22},"end":{"line":35,"column":71}},"locations":[{"start":{"line":34,"column":22},"end":{"line":35,"column":71}}]},"12":{"type":"branch","line":35,"loc":{"start":{"line":35,"column":71},"end":{"line":35,"column":83}},"locations":[{"start":{"line":35,"column":71},"end":{"line":35,"column":83}}]},"13":{"type":"branch","line":35,"loc":{"start":{"line":35,"column":78},"end":{"line":36,"column":47}},"locations":[{"start":{"line":35,"column":78},"end":{"line":36,"column":47}}]},"14":{"type":"branch","line":36,"loc":{"start":{"line":36,"column":40},"end":{"line":36,"column":52}},"locations":[{"start":{"line":36,"column":40},"end":{"line":36,"column":52}}]},"15":{"type":"branch","line":36,"loc":{"start":{"line":36,"column":47},"end":{"line":37,"column":67}},"locations":[{"start":{"line":36,"column":47},"end":{"line":37,"column":67}}]},"16":{"type":"branch","line":36,"loc":{"start":{"line":36,"column":47},"end":{"line":37,"column":34}},"locations":[{"start":{"line":36,"column":47},"end":{"line":37,"column":34}}]},"17":{"type":"branch","line":37,"loc":{"start":{"line":37,"column":9},"end":{"line":37,"column":67}},"locations":[{"start":{"line":37,"column":9},"end":{"line":37,"column":67}}]}},"b":{"0":[9],"1":[3],"2":[2],"3":[2],"4":[2],"5":[0],"6":[10],"7":[7],"8":[5],"9":[29],"10":[19],"11":[10],"12":[1],"13":[9],"14":[2],"15":[11],"16":[7],"17":[6]},"fnMap":{"0":{"name":"isLocalDevelopmentOrigin","decl":{"start":{"line":5,"column":0},"end":{"line":19,"column":1}},"loc":{"start":{"line":5,"column":0},"end":{"line":19,"column":1}},"line":5},"1":{"name":"isBrowserExtensionOrigin","decl":{"start":{"line":21,"column":7},"end":{"line":27,"column":1}},"loc":{"start":{"line":21,"column":7},"end":{"line":27,"column":1}},"line":21},"2":{"name":"isAllowedClientOrigin","decl":{"start":{"line":29,"column":7},"end":{"line":38,"column":1}},"loc":{"start":{"line":29,"column":7},"end":{"line":38,"column":1}},"line":29}},"f":{"0":9,"1":10,"2":29}}
,"/Users/along/Desktop/AI/AI中转站链接测试/server/src/lib/relay-utils.ts": {"path":"/Users/along/Desktop/AI/AI中转站链接测试/server/src/lib/relay-utils.ts","all":false,"statementMap":{"2":{"start":{"line":3,"column":0},"end":{"line":3,"column":69}},"4":{"start":{"line":5,"column":0},"end":{"line":5,"column":57}},"5":{"start":{"line":6,"column":0},"end":{"line":6,"column":36}},"6":{"start":{"line":7,"column":0},"end":{"line":7,"column":62}},"7":{"start":{"line":8,"column":0},"end":{"line":8,"column":47}},"8":{"start":{"line":9,"column":0},"end":{"line":9,"column":3}},"9":{"start":{"line":10,"column":0},"end":{"line":10,"column":70}},"10":{"start":{"line":11,"column":0},"end":{"line":11,"column":18}},"11":{"start":{"line":12,"column":0},"end":{"line":12,"column":16}},"12":{"start":{"line":13,"column":0},"end":{"line":13,"column":50}},"13":{"start":{"line":14,"column":0},"end":{"line":14,"column":45}},"14":{"start":{"line":15,"column":0},"end":{"line":15,"column":56}},"15":{"start":{"line":16,"column":0},"end":{"line":16,"column":77}},"16":{"start":{"line":17,"column":0},"end":{"line":17,"column":12}},"17":{"start":{"line":18,"column":0},"end":{"line":18,"column":5}},"18":{"start":{"line":19,"column":0},"end":{"line":19,"column":3}},"19":{"start":{"line":20,"column":0},"end":{"line":20,"column":71}},"20":{"start":{"line":21,"column":0},"end":{"line":21,"column":33}},"21":{"start":{"line":22,"column":0},"end":{"line":22,"column":43}},"22":{"start":{"line":23,"column":0},"end":{"line":23,"column":1}},"24":{"start":{"line":25,"column":0},"end":{"line":25,"column":72}},"25":{"start":{"line":26,"column":0},"end":{"line":26,"column":47}},"26":{"start":{"line":27,"column":0},"end":{"line":27,"column":70}},"27":{"start":{"line":28,"column":0},"end":{"line":28,"column":92}},"28":{"start":{"line":29,"column":0},"end":{"line":29,"column":45}},"29":{"start":{"line":30,"column":0},"end":{"line":30,"column":3}},"30":{"start":{"line":31,"column":0},"end":{"line":31,"column":34}},"31":{"start":{"line":32,"column":0},"end":{"line":32,"column":1}},"33":{"start":{"line":34,"column":0},"end":{"line":34,"column":52}},"34":{"start":{"line":35,"column":0},"end":{"line":35,"column":72}},"35":{"start":{"line":36,"column":0},"end":{"line":36,"column":108}},"36":{"start":{"line":37,"column":0},"end":{"line":37,"column":98}},"37":{"start":{"line":38,"column":0},"end":{"line":38,"column":1}},"39":{"start":{"line":40,"column":0},"end":{"line":40,"column":56}},"40":{"start":{"line":41,"column":0},"end":{"line":41,"column":51}},"41":{"start":{"line":42,"column":0},"end":{"line":42,"column":10}},"42":{"start":{"line":43,"column":0},"end":{"line":43,"column":12}},"43":{"start":{"line":44,"column":0},"end":{"line":44,"column":37}},"44":{"start":{"line":45,"column":0},"end":{"line":45,"column":32}},"45":{"start":{"line":46,"column":0},"end":{"line":46,"column":9}},"46":{"start":{"line":47,"column":0},"end":{"line":47,"column":43}},"47":{"start":{"line":48,"column":0},"end":{"line":48,"column":47}},"48":{"start":{"line":49,"column":0},"end":{"line":49,"column":39}},"49":{"start":{"line":50,"column":0},"end":{"line":50,"column":41}},"50":{"start":{"line":51,"column":0},"end":{"line":51,"column":57}},"51":{"start":{"line":52,"column":0},"end":{"line":52,"column":41}},"52":{"start":{"line":53,"column":0},"end":{"line":53,"column":58}},"53":{"start":{"line":54,"column":0},"end":{"line":54,"column":67}},"54":{"start":{"line":55,"column":0},"end":{"line":55,"column":9}},"55":{"start":{"line":56,"column":0},"end":{"line":56,"column":17}},"56":{"start":{"line":57,"column":0},"end":{"line":57,"column":4}},"57":{"start":{"line":58,"column":0},"end":{"line":58,"column":1}}},"s":{"2":1,"4":1,"5":40,"6":40,"7":0,"8":0,"9":40,"10":39,"11":39,"12":39,"13":40,"14":114,"15":3,"16":3,"17":3,"18":114,"19":40,"20":40,"21":40,"22":40,"24":1,"25":20,"26":20,"27":20,"28":18,"29":18,"30":2,"31":2,"33":1,"34":30,"35":30,"36":19,"37":19,"39":1,"40":7,"41":7,"42":7,"43":7,"44":7,"45":0,"46":0,"47":0,"48":0,"49":0,"50":0,"51":0,"52":0,"53":0,"54":0,"55":7,"56":7,"57":7},"branchMap":{"0":{"type":"branch","line":5,"loc":{"start":{"line":5,"column":7},"end":{"line":23,"column":1}},"locations":[{"start":{"line":5,"column":7},"end":{"line":23,"column":1}}]},"1":{"type":"branch","line":7,"loc":{"start":{"line":7,"column":61},"end":{"line":9,"column":3}},"locations":[{"start":{"line":7,"column":61},"end":{"line":9,"column":3}}]},"2":{"type":"branch","line":10,"loc":{"start":{"line":10,"column":10},"end":{"line":10,"column":36}},"locations":[{"start":{"line":10,"column":10},"end":{"line":10,"column":36}}]},"3":{"type":"branch","line":10,"loc":{"start":{"line":10,"column":36},"end":{"line":10,"column":70}},"locations":[{"start":{"line":10,"column":36},"end":{"line":10,"column":70}}]},"4":{"type":"branch","line":10,"loc":{"start":{"line":10,"column":68},"end":{"line":14,"column":44}},"locations":[{"start":{"line":10,"column":68},"end":{"line":14,"column":44}}]},"5":{"type":"branch","line":14,"loc":{"start":{"line":14,"column":44},"end":{"line":19,"column":3}},"locations":[{"start":{"line":14,"column":44},"end":{"line":19,"column":3}}]},"6":{"type":"branch","line":15,"loc":{"start":{"line":15,"column":55},"end":{"line":18,"column":5}},"locations":[{"start":{"line":15,"column":55},"end":{"line":18,"column":5}}]},"7":{"type":"branch","line":19,"loc":{"start":{"line":19,"column":2},"end":{"line":20,"column":49}},"locations":[{"start":{"line":19,"column":2},"end":{"line":20,"column":49}}]},"8":{"type":"branch","line":20,"loc":{"start":{"line":20,"column":38},"end":{"line":20,"column":71}},"locations":[{"start":{"line":20,"column":38},"end":{"line":20,"column":71}}]},"9":{"type":"branch","line":20,"loc":{"start":{"line":20,"column":69},"end":{"line":21,"column":29}},"locations":[{"start":{"line":20,"column":69},"end":{"line":21,"column":29}}]},"10":{"type":"branch","line":21,"loc":{"start":{"line":21,"column":17},"end":{"line":21,"column":33}},"locations":[{"start":{"line":21,"column":17},"end":{"line":21,"column":33}}]},"11":{"type":"branch","line":25,"loc":{"start":{"line":25,"column":7},"end":{"line":32,"column":1}},"locations":[{"start":{"line":25,"column":7},"end":{"line":32,"column":1}}]},"12":{"type":"branch","line":27,"loc":{"start":{"line":27,"column":44},"end":{"line":27,"column":70}},"locations":[{"start":{"line":27,"column":44},"end":{"line":27,"column":70}}]},"13":{"type":"branch","line":28,"loc":{"start":{"line":28,"column":45},"end":{"line":28,"column":91}},"locations":[{"start":{"line":28,"column":45},"end":{"line":28,"column":91}}]},"14":{"type":"branch","line":28,"loc":{"start":{"line":28,"column":91},"end":{"line":32,"column":1}},"locations":[{"start":{"line":28,"column":91},"end":{"line":32,"column":1}}]},"15":{"type":"branch","line":28,"loc":{"start":{"line":28,"column":91},"end":{"line":30,"column":3}},"locations":[{"start":{"line":28,"column":91},"end":{"line":30,"column":3}}]},"16":{"type":"branch","line":30,"loc":{"start":{"line":30,"column":2},"end":{"line":32,"column":1}},"locations":[{"start":{"line":30,"column":2},"end":{"line":32,"column":1}}]},"17":{"type":"branch","line":34,"loc":{"start":{"line":34,"column":7},"end":{"line":38,"column":1}},"locations":[{"start":{"line":34,"column":7},"end":{"line":38,"column":1}}]},"18":{"type":"branch","line":35,"loc":{"start":{"line":35,"column":26},"end":{"line":36,"column":33}},"locations":[{"start":{"line":35,"column":26},"end":{"line":36,"column":33}}]},"19":{"type":"branch","line":35,"loc":{"start":{"line":35,"column":26},"end":{"line":35,"column":72}},"locations":[{"start":{"line":35,"column":26},"end":{"line":35,"column":72}}]},"20":{"type":"branch","line":36,"loc":{"start":{"line":36,"column":26},"end":{"line":38,"column":1}},"locations":[{"start":{"line":36,"column":26},"end":{"line":38,"column":1}}]},"21":{"type":"branch","line":36,"loc":{"start":{"line":36,"column":26},"end":{"line":36,"column":108}},"locations":[{"start":{"line":36,"column":26},"end":{"line":36,"column":108}}]},"22":{"type":"branch","line":36,"loc":{"start":{"line":36,"column":105},"end":{"line":38,"column":1}},"locations":[{"start":{"line":36,"column":105},"end":{"line":38,"column":1}}]},"23":{"type":"branch","line":40,"loc":{"start":{"line":40,"column":7},"end":{"line":58,"column":1}},"locations":[{"start":{"line":40,"column":7},"end":{"line":58,"column":1}}]},"24":{"type":"branch","line":45,"loc":{"start":{"line":45,"column":19},"end":{"line":55,"column":9}},"locations":[{"start":{"line":45,"column":19},"end":{"line":55,"column":9}}]}},"b":{"0":[40],"1":[0],"2":[39],"3":[1],"4":[39],"5":[114],"6":[3],"7":[39],"8":[1],"9":[39],"10":[1],"11":[20],"12":[0],"13":[18],"14":[19],"15":[18],"16":[2],"17":[30],"18":[29],"19":[1],"20":[28],"21":[10],"22":[19],"23":[7],"24":[0]},"fnMap":{"0":{"name":"normalizeBaseUrl","decl":{"start":{"line":5,"column":7},"end":{"line":23,"column":1}},"loc":{"start":{"line":5,"column":7},"end":{"line":23,"column":1}},"line":5},"1":{"name":"endpointUrl","decl":{"start":{"line":25,"column":7},"end":{"line":32,"column":1}},"loc":{"start":{"line":25,"column":7},"end":{"line":32,"column":1}},"line":25},"2":{"name":"maskApiKey","decl":{"start":{"line":34,"column":7},"end":{"line":38,"column":1}},"loc":{"start":{"line":34,"column":7},"end":{"line":38,"column":1}},"line":34},"3":{"name":"publicRelay","decl":{"start":{"line":40,"column":7},"end":{"line":58,"column":1}},"loc":{"start":{"line":40,"co
[...]
lumn":0},"end":{"line":90,"column":48}},"90":{"start":{"line":91,"column":0},"end":{"line":91,"column":22}},"91":{"start":{"line":92,"column":0},"end":{"line":92,"column":84}},"92":{"start":{"line":93,"column":0},"end":{"line":93,"column":73}},"93":{"start":{"line":94,"column":0},"end":{"line":94,"column":10}},"94":{"start":{"line":95,"column":0},"end":{"line":95,"column":91}},"95":{"start":{"line":96,"column":0},"end":{"line":96,"column":22}},"96":{"start":{"line":97,"column":0},"end":{"line":97,"column":8}},"97":{"start":{"line":98,"column":0},"end":{"line":98,"column":6}},"98":{"start":{"line":99,"column":0},"end":{"line":99,"column":3}},"100":{"start":{"line":101,"column":0},"end":{"line":101,"column":48}},"101":{"start":{"line":102,"column":0},"end":{"line":102,"column":51}},"102":{"start":{"line":103,"column":0},"end":{"line":103,"column":53}},"103":{"start":{"line":104,"column":0},"end":{"line":104,"column":67}},"104":{"start":{"line":105,"column":0},"end":{"line":105,"column":3}},"106":{"start":{"line":107,"column":0},"end":{"line":107,"column":56}},"107":{"start":{"line":108,"column":0},"end":{"line":108,"column":63}},"108":{"start":{"line":109,"column":0},"end":{"line":109,"column":20}},"109":{"start":{"line":110,"column":0},"end":{"line":110,"column":31}},"110":{"start":{"line":111,"column":0},"end":{"line":111,"column":3}},"112":{"start":{"line":113,"column":0},"end":{"line":113,"column":58}},"113":{"start":{"line":114,"column":0},"end":{"line":114,"column":38}},"114":{"start":{"line":115,"column":0},"end":{"line":115,"column":23}},"115":{"start":{"line":116,"column":0},"end":{"line":116,"column":23}},"116":{"start":{"line":117,"column":0},"end":{"line":117,"column":44}},"117":{"start":{"line":118,"column":0},"end":{"line":118,"column":3}},"119":{"start":{"line":120,"column":0},"end":{"line":120,"column":100}},"120":{"start":{"line":121,"column":0},"end":{"line":121,"column":33}},"121":{"start":{"line":122,"column":0},"end":{"line":122,"column":9}},"122":{"start":{"line":123,"column":0},"end":{"line":123,"column":41}},"123":{"start":{"line":124,"column":0},"end":{"line":124,"column":13}},"124":{"start":{"line":125,"column":0},"end":{"line":125,"column":24}},"125":{"start":{"line":126,"column":0},"end":{"line":126,"column":5}},"126":{"start":{"line":127,"column":0},"end":{"line":127,"column":69}},"127":{"start":{"line":128,"column":0},"end":{"line":128,"column":61}},"128":{"start":{"line":129,"column":0},"end":{"line":129,"column":19}},"129":{"start":{"line":130,"column":0},"end":{"line":130,"column":33}},"130":{"start":{"line":131,"column":0},"end":{"line":131,"column":21}},"131":{"start":{"line":132,"column":0},"end":{"line":132,"column":23}},"132":{"start":{"line":133,"column":0},"end":{"line":133,"column":12}},"133":{"start":{"line":134,"column":0},"end":{"line":134,"column":23}},"134":{"start":{"line":135,"column":0},"end":{"line":135,"column":21}},"135":{"start":{"line":136,"column":0},"end":{"line":136,"column":18}},"136":{"start":{"line":137,"column":0},"end":{"line":137,"column":40}},"137":{"start":{"line":138,"column":0},"end":{"line":138,"column":32}},"138":{"start":{"line":139,"column":0},"end":{"line":139,"column":66}},"139":{"start":{"line":140,"column":0},"end":{"line":140,"column":44}},"140":{"start":{"line":141,"column":0},"end":{"line":141,"column":23}},"141":{"start":{"line":142,"column":0},"end":{"line":142,"column":23}},"142":{"start":{"line":143,"column":0},"end":{"line":143,"column":24}},"143":{"start":{"line":144,"column":0},"end":{"line":144,"column":24}},"144":{"start":{"line":145,"column":0},"end":{"line":145,"column":24}},"145":{"start":{"line":146,"column":0},"end":{"line":146,"column":30}},"146":{"start":{"line":147,"column":0},"end":{"line":147,"column":16}},"147":{"start":{"line":148,"column":0},"end":{"line":148,"column":77}},"148":{"start":{"line":149,"column":0},"end":{"line":149,"column":40}},"149":{"start":{"line":150,"column":0},"end":{"line":150,"column":6}},"150":{"start":{"line":151,"column":0},"end":{"line":151,"column":3}},"151":{"start":{"line":152,"column":0},"end":{"line":152,"column":1}}},"s":{"0":1,"15":5,"16":5,"17":5,"18":5,"19":5,"20":5,"21":5,"22":5,"23":5,"24":17,"25":30,"26":30,"27":30,"28":30,"29":5,"30":5,"31":30,"32":17,"33":5,"34":5,"35":5,"37":1,"38":7,"40":7,"41":7,"42":7,"43":7,"44":7,"46":7,"47":14,"48":14,"49":14,"50":14,"51":14,"53":12,"54":12,"55":12,"56":12,"57":12,"58":12,"59":12,"60":12,"61":12,"62":14,"63":14,"64":12,"65":12,"66":12,"67":10,"68":10,"69":12,"70":12,"71":12,"72":12,"73":12,"74":14,"76":7,"77":3,"78":3,"79":3,"80":3,"81":3,"82":3,"83":3,"84":3,"85":3,"86":3,"87":3,"88":16,"89":8,"90":8,"91":16,"92":16,"93":16,"94":8,"95":8,"96":3,"97":3,"98":3,"100":7,"101":2,"102":2,"103":2,"104":2,"106":7,"107":12,"108":12,"109":12,"110":12,"112":7,"113":12,"114":12,"115":12,"116":12,"117":12,"119":7,"120":8,"121":8,"122":8,"123":7,"124":1,"125":1,"126":8,"127":8,"128":5,"129":3,"130":1,"131":2,"132":8,"133":8,"134":8,"135":8,"136":8,"137":8,"138":8,"139":8,"140":8,"141":8,"142":8,"143":8,"144":8,"145":8,"146":8,"147":8,"148":8,"149":8,"150":8,"151":7},"branchMap":{"0":{"type":"branch","line":16,"loc":{"start":{"line":16,"column":0},"end":{"line":36,"column":1}},"locations":[{"start":{"line":16,"column":0},"end":{"line":36,"column":1}}]},"1":{"type":"branch","line":20,"loc":{"start":{"line":20,"column":30},"end":{"line":20,"column":41}},"locations":[{"start":{"line":20,"column":30},"end":{"line":20,"column":41}}]},"2":{"type":"branch","line":24,"loc":{"start":{"line":24,"column":2},"end":{"line":33,"column":3}},"locations":[{"start":{"line":24,"column":2},"end":{"line":33,"column":3}}]},"3":{"type":"branch","line":25,"loc":{"start":{"line":25,"column":27},"end":{"line":25,"column":52}},"locations":[{"start":{"line":25,"column":27},"end":{"line":25,"column":52}}]},"4":{"type":"branch","line":25,"loc":{"start":{"line":25,"column":52},"end":{"line":32,"column":5}},"locations":[{"start":{"line":25,"column":52},"end":{"line":32,"column":5}}]},"5":{"type":"branch","line":28,"loc":{"start":{"line":28,"column":82},"end":{"line":29,"column":15}},"locations":[{"start":{"line":28,"column":82},"end":{"line":29,"column":15}}]},"6":{"type":"branch","line":29,"loc":{"start":{"line":29,"column":6},"end":{"line":31,"column":7}},"locations":[{"start":{"line":29,"column":6},"end":{"line":31,"column":7}}]},"7":{"type":"branch","line":35,"loc":{"start":{"line":35,"column":47},"end":{"line":35,"column":102}},"locations":[{"start":{"line":35,"column":47},"end":{"line":35,"column":102}}]},"8":{"type":"branch","line":35,"loc":{"start":{"line":35,"column":74},"end":{"line":35,"column":102}},"locations":[{"start":{"line":35,"column":74},"end":{"line":35,"column":102}}]},"9":{"type":"branch","line":38,"loc":{"start":{"line":38,"column":7},"end":{"line":152,"column":1}},"locations":[{"start":{"line":38,"column":7},"end":{"line":152,"column":1}}]},"10":{"type":"branch","line":41,"loc":{"start":{"line":41,"column":2},"end":{"line":45,"column":6}},"locations":[{"start":{"line":41,"column":2},"end":{"line":45,"column":6}}]},"11":{"type":"branch","line":47,"loc":{"start":{"line":47,"column":2},"end":{"line":75,"column":3}},"locations":[{"start":{"line":47,"column":2},"end":{"line":75,"column":3}}]},"12":{"type":"branch","line":51,"loc":{"start":{"line":51,"column":43},"end":{"line":52,"column":30}},"locations":[{"start":{"line":51,"column":43},"end":{"line":52,"column":30}}]},"13":{"type":"branch","line":52,"loc":{"start":{"line":52,"column":24},"end":{"line":52,"column":60}},"locations":[{"start":{"line":52,"column":24},"end":{"line":52,"column":60}}]},"14":{"type":"branch","line":52,"loc":{"start":{"line":52,"column":58},"end":{"line":63,"column":37}},"locations":[{"start":{"line":52,"column":58},"end":{"line":63,"column":37}}]},"15":{"type":"branch","line":63,"loc":{"start":{"line":63,"column":12},"end":{"line":63,"column":37}},"locations":[{"start":{"line":63,"column":12},"end":{"line":63,"column":37}}]},"16":{"type":"branch","line":64,"loc":{"start":{"line":64,"column":16},"end":{"line":64,"column":33}},"locations":[{"start":{"line":64,"column":16},"end":{"line":64,"column":33}}]},"17":{"type":"branch","line":64,"loc":{"start":{"line":64,"column":33},"end":{"line":64,"column":52}},"locations":[{"start":{"line":64,"column":33},"end":{"line":64,"column":52}}]},"18":{"type":"branch","line":64,"loc":{"start":{"line":64,"column":50},"end":{"line":74,"column":5}},"locations":[{"start":{"line":64,"column":50},"end":{"line":74,"column":5}}]},"19":{"type":"branch","line":67,"loc":{"start":{"line":67,"column":92},"end":{"line":70,"column":6}},"locations":[{"start":{"line":67,"column":92},"end":{"line":70,"column":6}}]},"20":{"type":"branch","line":71,"loc":{"start":{"line":71,"column":14},"end":{"line":71,"column":42}},"locations":[{"start":{"line":71,"column":14},"end":{"line":71,"column":42}}]},"21":{"type":"branch","line":58,"loc":{"start":{"line":58,"column":36},"end":{"line":60,"column":7}},"locations":[{"start":{"line":58,"column":36},"end":{"line":60,"column":7}}]},"22":{"type":"branch","line":77,"loc":{"start":{"line":77,"column":2},"end":{"line":99,"column":3}},"locations":[{"start":{"line":77,"column":2},"end":{"line":99,"column":3}}]},"23":{"type":"branch","line":84,"loc":{"start":{"line":84,"column":6},"end":{"line":84,"column":87}},"locations":[{"start":{"line":84,"column":6},"end":{"line":84,"column":87}}]},"24":{"type":"branch","line":85,"loc":{"start":{"line":85,"column":6},"end":{"line":85,"column":44}},"locations":[{"start":{"line":85,"column":6},"end":{"line":85,"column":44}}]},"25":{"type":"branch","line":85,"loc":{"start":{"line":85,"column":20},"end":{"line":85,"column":39}},"locations":[{"start":{"line":85,"column":20},"end":{"line":85,"column":39}}]},"26":{"type":"branch","line":85,"loc":{"start":{"line":85,"column":28},"end":{"line":85,"column":44}},"locations":[{"start":{"line":85,"column":28},"end":{"line":85,"column":44}}]},"27":{"type":"branch","line":88,"loc":{"start":{"line":88,"column":18},"end":{"line":97,"column":7}},"locations":[{"start":{"line":88,"column":18},"end":{"line":97,"column":7}}]},"28":{"type":"branch","line":89,"loc":{"start":{"line":89,"column":41},"end":{"line":92,"column":40}},"locations":[{"start":{"line":89,"column":41},"end":{"line":92,"column":40}}]},"29":{"type":"branch","line":92,"loc":{"start":{"line":92,"column":26},"end":{"line":92,"column":72}},"locations":[{"start":{"line":92,"column":26},"end":{"line":92,"column":72}}]},"30":{"type":"branch","line":92,"loc":{"start":{"line":92,"column":68},"end":{"line":92,"column":84}},"locations":[{"start":{"line":92,"column":68},"end":{"line":92,"column":84}}]},"31":{"type":"branch","line":93,"loc":{"start":{"line":93,"column":26},"end":{"line":93,"column":73}},"locations":[{"start":{"line":93,"column":26},"end":{"line":93,"column":73}}]},"32":{"type":"branch","line":93,"loc":{"start":{"line":93,"column":49},"end":{"line":93,"column":69}},"locations":[{"start":{"line":93,"column":49},"end":{"line":93,"column":69}}]},"33":{"type":"branch","line":94,"loc":{"start":{"line":94,"column":8},"end":{"line":96,"column":22}},"locations":[{"start":{"line":94,"column":8},"end":{"line":96,"column":22}}]},"34":{"type":"branch","line":101,"loc":{"start":{"line":101,"column":2},"end":{"line":105,"column":3}},"locations":[{"start":{"line":101,"column":2},"end":{"line":105,"column":3}}]},"35":{"type":"branch","line":102,"loc":{"start":{"line":102,"column":41},"end":{"line":102,"column":49}},"locations":[{"start":{"line":102,"column":41},"end":{"line":102,"column":49}}]},"36":{"type":"branch","line":103,"loc":{"start":{"line":103,"column":18},"end":{"line":103,"column":51}},"locations":[{"start":{"line":103,"column":18},"end":{"line":103,"column":51}}]},"37":{"type":"branch","line":104,"loc":{"start":{"line":104,"column":39},"end":{"line":104,"column":64}},"locations":[{"start":{"line":104,"column":39},"end":{"line":104,"column":64}}]},"38":{"type":"branch","line":107,"loc":{"start":{"line":107,"column":10},"end":{"line":111,"column":3}},"locations":[{"start":{"line":107,"column":10},"end":{"line":111,"column":3}}]},"39":{"type":"branch","line":113,"loc":{"start":{"line":113,"column":10},"end":{"line":118,"column":3}},"locations":[{"start":{"line":113,"column":10},"end":{"line":118,"column":3}}]},"40":{"type":"branch","line":115,"loc":{"start":{"line":115,"column":16},"end":{"line":115,"column":23}},"locations":[{"start":{"line":115,"column":16},"end":{"line":115,"column":23}}]},"41":{"type":"branch","line":120,"loc":{"start":{"line":120,"column":2},"end":{"line":151,"column":3}},"locations":[{"start":{"line":120,"column":2},"end":{"line":151,"column":3}}]},"42":{"type":"branch","line":123,"loc":{"start":{"line":123,"column":39},"end":{"line":126,"column":5}},"locations":[{"start":{"line":123,"column":39},"end":{"line":126,"column":5}}]},"43":{"type":"branch","line":124,"loc":{"start":{"line":124,"column":4},"end":{"line":126,"column":5}},"locations":[{"start":{"line":124,"column":4},"end":{"line":126,"column":5}}]},"44":{"type":"branch","line":127,"loc":{"start":{"line":127,"column":39},"end":{"line":127,"column":59}},"locations":[{"start":{"line":127,"column":39},"end":{"line":127,"column":59}}]},"45":{"type":"branch","line":127,"loc":{"start":{"line":127,"column":51},"end":{"line":127,"column":69}},"locations":[{"start":{"line":127,"column":51},"end":{"line":127,"column":69}}]},"46":{"type":"branch","line":128,"loc":{"start":{"line":128,"column":52},"end":{"line":129,"column":19}},"locations":[{"start":{"line":128,"column":52},"end":{"line":129,"column":19}}]},"47":{"type":"branch","line":129,"loc":{"start":{"line":129,"column":8},"end":{"line":132,"column":23}},"locations":[{"start":{"line":129,"column":8},"end":{"line":132,"column":23}}]},"48":{"type":"branch","line":130,"loc":{"start":{"line":130,"column":8},"end":{"line":130,"column":30}},"locations":[{"start":{"line":130,"column":8},"end":{"line":130,"column":30}}]},"49":{"type":"branch","line":130,"loc":{"start":{"line":130,"column":30},"end":{"line":131,"column":21}},"locations":[{"start":{"line":130,"column":30},"end":{"line":131,"column":21}}]},"50":{"type":"branch","line":131,"loc":{"start":{"line":131,"column":10},"end":{"line":132,"column":23}},"locations":[{"start":{"line":131,"column":10},"end":{"line":132,"column":23}}]},"51":{"type":"branch","line":137,"loc":{"start":{"line":137,"column":17},"end":{"line":137,"column":32}},"locations":[{"start":{"line":137,"column":17},"end":{"line":137,"column":32}}]},"52":{"type":"branch","line":137,"loc":{"start":{"line":137,"column":24},"end":{"line":137,"column":40}},"locations":[{"start":{"line":137,"column":24},"end":{"line":137,"column":40}}]},"53":{"type":"branch","line":138,"loc":{"start":{"line":138,"column":13},"end":{"line":138,"column":29}},"locations":[{"start":{"line":138,"column":13},"end":{"line":138,"column":29}}]},"54":{"type":"branch","line":138,"loc":{"start":{"line":138,"column":20},"end":{"line":138,"column":32}},"locations":[{"start":{"line":138,"column":20},"end":{"line":138,"column":32}}]},"55":{"type":"branch","line":139,"loc":{"start":{"line":139,"column":16},"end":{"line":139,"column":36}},"locations":[{"start":{"line":139,"column":16},"end":{"line":139,"column":36}}]},"56":{"type":"branch","line":139,"loc":{"start":{"line":139,"column":36},"end":{"line":139,"column":54}},"locations":[{"start":{"line":139,"column":36},"end":{"line":139,"column":54}}]},"57":{"type":"branch","line":139,"loc":{"start":{"line":139,"column":45},"end":{"line":139,"column":66}},"locations":[{"start":{"line":139,"column":45},"end":{"line":139,"column":66}}]},"58":{"type":"branch","line":140,"loc":{"start":{"line":140,"column":18},"end":{"line":140,"column":39}},"locations":[{"start":{"line":140,"column":18},"end":{"line":140,"column":39}}]},"59":{"type":"branch","line":140,"loc":{"start":{"line":140,"column":29},"end":{"line":140,"column":44}},"locations":[{"start":{"line":140,"column":29},"end":{"line":140,"column":44}}]},"60":{"type":"branch","line":148,"loc":{"start":{"line":148,"column":20},"end":{"line":148,"column":44}},"locations":[{"start":{"line":148,"column":20},"end":{"line":148,"column":44}}]},"61":{"type":"branch","line":148,"loc":{"start":{"line":148,"column":32},"end":{"line":148,"column":77}},"locations":[{"start":{"line":148,"column":32},"end":{"line":148,"column":77}}]},"62":{"type":"branch","line":148,"loc":{"start":{"line":148,"column":44},"end":{"line":148,"column":66}},"locations":[{"start":{"line":148,"column":44},"end":{"line":148,"column":66}}]},"63":{"type":"branch","line":148,"loc":{"start":{"line":148,"column":55},"end":{"line":148,"column":77}},"locations":[{"start":{"line":148,"column":55},"end":{"line":148,"column":77}}]}},"b":{"0":[5],"1":[16],"2":[17],"3":[36],"4":[30],"5":[25],"6":[5],"7":[37],"8":[7],"9":[7],"10":[7],"11":[14],"12":[13],"13":[1],"14":[12],"15":[6],"16":[6],"17":[4],"18":[12],"19":[10],"20":[6],"21":[12],"22":[3],"23":[12],"24":[16],"25":[11],"26":[5],"27":[16],"28":[8],"29":[4],"30":[4],"31":[4],"32":[3],"33":[8],"34":[2],"35":[1],"36":[1],"37":[1],"38":[12],"39":[12],"40":[0],"41":[8],"42":[7],"43":[1],"44":[6],"45":[2],"46":[5],"47":[3],"48":[2],"49":[1],"50":[2],"51":[7],"52":[1],"53":[7],"54":[1],"55":[7],"56":[6],"57":[2],"58":[6],"59":[2],"60":[5],"61":[3],"62":[2],"63":[1]},"fnMap":{"0":{"name":"runConcurrent","decl":{"start":{"line":16,"column":0},"end":{"line":36,"column":1}},"loc":{"start":{"line":16,"column":0},"end":{"line":36,"column":1}},"line":16},"1":{"name":"shouldStop","decl":{"start":{"line":20,"column":30},"end":{"line":20,"column":41}},"loc":{"start":{"line":20,"column":30},"end":{"line":20,"column":41}},"line":20},"2":{"name":"consume","decl":{"start":{"line":24,"column":2},"end":{"line":33,"column":3}},"loc":{"start":{"line":24,"column":2},"end":{"line":33,"column":3}},"line":24},"3":{"name":"<instance_members_initializer>","decl":{"start":{"line":38,"column":7},"end":{"line":152,"column":1}},"loc":{"start":{"line":38,"column":7},"end":{"line":152,"column":1}},"line":38},"4":{"name":"TestCoordinator","decl":{"start":{"line":41,"column":2},"end":{"line":45,"column":6}},"loc":{"start":{"line":41,"column":2},"end":{"line":45,"column":6}},"line":41},"5":{"name":"testRelay","decl":{"start":{"line":47,"column":2},"end":{"line":75,"column":3}},"loc":{"start":{"line":47,"column":2},"end":{"line":75,"column":3}},"line":47},"6":{"name":"activeTest.completion","decl":{"start":{"line":58,"column":36},"end":{"line":60,"column":7}},"loc":{"start":{"line":58,"column":36},"end":{"line":60,"column":7}},"line":58},"7":{"name":"abort","decl":{"start":{"line":62,"column":18},"end":{"line":62,"column":49}},"loc":{"start":{"line":62,"column":18},"end":{"line":62,"column":49}},"line":62},"8":{"name":"batchTest","decl":{"start":{"line":77,"column":2},"end":{"line":99,"column":3}},"loc":{"start":{"line":77,"column":2},"end":{"line":99,"column":3}},"line":77},"9":{"name":"settled","decl":{"start":{"line":84,"column":6},"end":{"line":84,"column":87}},"loc":{"start":{"line":84,"column":6},"end":{"line":84,"column":87}},"line":84},"10":{"name":"cancelRelay","decl":{"start":{"line":101,"column":2},"end":{"line":105,"column":3}},"loc":{"start":{"line":101,"column":2},"end":{"line":105,"column":3}},"line":101},"11":{"name":"register","decl":{"start":{"line":107,"column":10},"end":{"line":111,"column":3}},"loc":{"start":{"line":107,"column":10},"end":{"line":111,"column":3}},"line":107},"12":{"name":"unregister","decl":{"start":{"line":113,"column":10},"end":{"line":118,"column":3}},"loc":{"start":{"line":113,"column":10},"end":{"line":118,"column":3}},"line":113},"13":{"name":"failureResult","decl":{"start":{"line":120,"column":2},"end":{"line":151,"column":3}},"loc":{"start":{"line":120,"column":2},"end":{"line":151,"column":3}},"line":120}},"f":{"0":5,"1":16,"2":17,"3":7,"4":7,"5":14,"6":12,"7":0,"8":3,"9":12,"10":2,"11":12,"12":12,"13":8}}
}
