{"/Users/along/Desktop/AI/Relay-Pulse/server/src/app.ts": {"path":"/Users/along/Desktop/AI/Relay-Pulse/server/src/app.ts","all":false,"statementMap":{"0":{"start":{"line":1,"column":0},"end":{"line":1,"column":24}},"32":{"start":{"line":33,"column":0},"end":{"line":33,"column":102}},"33":{"start":{"line":34,"column":0},"end":{"line":34,"column":43}},"34":{"start":{"line":35,"column":0},"end":{"line":35,"column":2}},"36":{"start":{"line":37,"column":0},"end":{"line":37,"column":65}},"37":{"start":{"line":38,"column":0},"end":{"line":38,"column":45}},"38":{"start":{"line":39,"column":0},"end":{"line":39,"column":2}},"40":{"start":{"line":41,"column":0},"end":{"line":41,"column":59}},"41":{"start":{"line":42,"column":0},"end":{"line":42,"column":33}},"42":{"start":{"line":43,"column":0},"end":{"line":43,"column":49}},"43":{"start":{"line":44,"column":0},"end":{"line":44,"column":15}},"44":{"start":{"line":45,"column":0},"end":{"line":45,"column":2}},"46":{"start":{"line":47,"column":0},"end":{"line":47,"column":45}},"47":{"start":{"line":48,"column":0},"end":{"line":48,"column":74}},"48":{"start":{"line":49,"column":0},"end":{"line":49,"column":60}},"49":{"start":{"line":50,"column":0},"end":{"line":50,"column":46}},"50":{"start":{"line":51,"column":0},"end":{"line":51,"column":2}},"52":{"start":{"line":53,"column":0},"end":{"line":53,"column":74}},"53":{"start":{"line":54,"column":0},"end":{"line":54,"column":7}},"54":{"start":{"line":55,"column":0},"end":{"line":55,"column":26}},"55":{"start":{"line":56,"column":0},"end":{"line":56,"column":19}},"56":{"start":{"line":57,"column":0},"end":{"line":57,"column":48}},"57":{"start":{"line":58,"column":0},"end":{"line":58,"column":69}},"58":{"start":{"line":59,"column":0},"end":{"line":59,"column":78}},"59":{"start":{"line":60,"column":0},"end":{"line":60,"column":48}},"60":{"start":{"line":61,"column":0},"end":{"line":61,"column":84}},"61":{"start":{"line":62,"column":0},"end":{"line":62,"column":52}},"62":{"start":{"line":63,"column":0},"end":{"line":63,"column":7}},"63":{"start":{"line":64,"column":0},"end":{"line":64,"column":88}},"64":{"start":{"line":65,"column":0},"end":{"line":65,"column":125}},"65":{"start":{"line":66,"column":0},"end":{"line":66,"column":5}},"66":{"start":{"line":67,"column":0},"end":{"line":67,"column":16}},"67":{"start":{"line":68,"column":0},"end":{"line":68,"column":3}},"68":{"start":{"line":69,"column":0},"end":{"line":69,"column":2}},"81":{"start":{"line":82,"column":0},"end":{"line":82,"column":95}},"82":{"start":{"line":83,"column":0},"end":{"line":83,"column":62}},"83":{"start":{"line":84,"column":0},"end":{"line":84,"column":66}},"84":{"start":{"line":85,"column":0},"end":{"line":85,"column":58}},"85":{"start":{"line":86,"column":0},"end":{"line":86,"column":67}},"86":{"start":{"line":87,"column":0},"end":{"line":87,"column":69}},"87":{"start":{"line":88,"column":0},"end":{"line":88,"column":78}},"88":{"start":{"line":89,"column":0},"end":{"line":89,"column":72}},"89":{"start":{"line":90,"column":0},"end":{"line":90,"column":58}},"90":{"start":{"line":91,"column":0},"end":{"line":91,"column":36}},"91":{"start":{"line":92,"column":0},"end":{"line":92,"column":71}},"92":{"start":{"line":93,"column":0},"end":{"line":93,"column":50}},"93":{"start":{"line":94,"column":0},"end":{"line":94,"column":5}},"94":{"start":{"line":95,"column":0},"end":{"line":95,"column":89}},"95":{"start":{"line":96,"column":0},"end":{"line":96,"column":98}},"97":{"start":{"line":98,"column":0},"end":{"line":98,"column":24}},"98":{"start":{"line":99,"column":0},"end":{"line":99,"column":25}},"99":{"start":{"line":100,"column":0},"end":{"line":100,"column":30}},"100":{"start":{"line":101,"column":0},"end":{"line":101,"column":10}},"101":{"start":{"line":102,"column":0},"end":{"line":102,"column":10}},"102":{"start":{"line":103,"column":0},"end":{"line":103,"column":32}},"103":{"start":{"line":104,"column":0},"end":{"line":104,"column":96}},"104":{"start":{"line":105,"column":0},"end":{"line":105,"column":31}},"105":{"start":{"line":106,"column":0},"end":{"line":106,"column":17}},"106":{"start":{"line":107,"column":0},"end":{"line":107,"column":9}},"107":{"start":{"line":108,"column":0},"end":{"line":108,"column":49}},"108":{"start":{"line":109,"column":0},"end":{"line":109,"column":7}},"109":{"start":{"line":110,"column":0},"end":{"line":110,"column":6}},"110":{"start":{"line":111,"column":0},"end":{"line":111,"column":4}},"111":{"start":{"line":112,"column":0},"end":{"line":112,"column":43}},"113":{"start":{"line":114,"column":0},"end":{"line":114,"column":69}},"115":{"start":{"line":116,"column":0},"end":{"line":116,"column":64}},"117":{"start":{"line":118,"column":0},"end":{"line":118,"column":11}},"118":{"start":{"line":119,"column":0},"end":{"line":119,"column":22}},"119":{"start":{"line":120,"column":0},"end":{"line":120,"column":38}},"120":{"start":{"line":121,"column":0},"end":{"line":121,"column":58}},"121":{"start":{"line":122,"column":0},"end":{"line":122,"column":66}},"122":{"start":{"line":123,"column":0},"end":{"line":123,"column":30}},"123":{"start":{"line":124,"column":0},"end":{"line":124,"column":35}},"124":{"start":{"line":125,"column":0},"end":{"line":125,"column":6}},"125":{"start":{"line":126,"column":0},"end":{"line":126,"column":4}},"127":{"start":{"line":128,"column":0},"end":{"line":128,"column":11}},"128":{"start":{"line":129,"column":0},"end":{"line":129,"column":21}},"129":{"start":{"line":130,"column":0},"end":{"line":130,"column":39}},"130":{"start":{"line":131,"column":0},"end":{"line":131,"column":60}},"131":{"start":{"line":132,"column":0},"end":{"line":132,"column":30}},"132":{"start":{"line":133,"column":0},"end":{"line":133,"column":35}},"133":{"start":{"line":134,"column":0},"end":{"line":134,"column":6}},"134":{"start":{"line":135,"column":0},"end":{"line":135,"column":4}},"136":{"start":{"line":137,"column":0},"end":{"line":137,"column":11}},"137":{"start":{"line":138,"column":0},"end":{"line":138,"column":24}},"138":{"start":{"line":139,"column":0},"end":{"line":139,"column":39}},"139":{"start":{"line":140,"column":0},"end":{"line":140,"column":47}},"140":{"start":{"line":141,"column":0},"end":{"line":141,"column":29}},"141":{"start":{"line":142,"column":0},"end":{"line":142,"column":51}},"142":{"start":{"line":143,"column":0},"end":{"line":143,"column":9}},"143":{"start":{"line":144,"column":0},"end":{"line":144,"column":95}},"144":{"start":{"line":145,"column":0},"end":{"line":145,"column":6}},"145":{"start":{"line":146,"column":0},"end":{"line":146,"column":4}},"147":{"start":{"line":148,"column":0},"end":{"line":148,"column":11}},"148":{"start":{"line":149,"column":0},"end":{"line":149,"column":25}},"149":{"start":{"line":150,"column":0},"end":{"line":150,"column":38}},"150":{"start":{"line":151,"column":0},"end":{"line":151,"column":61}},"151":{"start":{"line":152,"column":0},"end":{"line":152,"column":101}},"152":{"start":{"line":153,"column":0},"end":{"line":153,"column":37}},"153":{"start":{"line":154,"column":0},"end":{"line":154,"column":6}},"154":{"start":{"line":155,"column":0},"end":{"line":155,"column":4}},"156":{"start":{"line":157,"column":0},"end":{"line":157,"column":11}},"157":{"start":{"line":158,"column":0},"end":{"line":158,"column":27}},"158":{"start":{"line":159,"column":0},"end":{"line":159,"column":111}},"159":{"start":{"line":160,"column":0},"end":{"line":160,"column":4}},"161":{"start":{"line":162,"column":0},"end":{"line":162,"column":11}},"162":{"start":{"line":163,"column":0},"end":{"line":163,"column":26}},"163":{"start":{"line":164,"column":0},"end":{"line":164,"column":39}},"164":{"start":{"line":165,"column":0},"end":{"line":165,"column":35}},"165":{"start":{"line":166,"column":0},"end":{"line":166,"column":84}},"166":{"start":{"line":167,"column":0},"end":{"line":167,"column":45}},"167":{"start":{"line":168,"column":0},"end":{"line":168,"column":7}},"168":{"start":{"line":169,"column":0},"end":{"line":169,"column":89}},"169":{"start":{"line":170,"column":0},"end":{"line":170,"column":88}},"170":{"start":{"line":171,"column":0},"end":{"line":171,"column":58}},"171":{"start":{"line":172,"column":0},"end":{"line":172,"column":48}},"172":{"start":{"line":173,"column":0},"end":{"line":173,"column":32}},"173":{"start":{"line":174,"column":0},"end":{"line":174,"column":30}},"174":{"start":{"line":175,"column":0},"end":{"line":175,"column":14}},"175":{"start":{"line":176,"column":0},"end":{"line":176,"column":33}},"176":{"start":{"line":177,"column":0},"end":{"line":177,"column":9}},"177":{"start":{"line":178,"column":0},"end":{"line":178,"column":80}},"178":{"start":{"line":179,"column":0},"end":{"line":179,"column":6}},"179":{"start":{"line":180,"column":0},"end":{"line":180,"column":4}},"181":{"start":{"line":182,"column":0},"end":{"line":182,"column":10}},"182":{"start":{"line":183,"column":0},"end":{"line":183,"column":22}},"183":{"start":{"line":184,"column":0},"end":{"line":184,"column":38}},"184":{"start":{"line":185,"column":0},"end":{"line":185,"column":58}},"185":{"start":{"line":186,"column":0},"end":{"line":186,"column":47}},"186":{"start":{"line":187,"column":0},"end":{"line":187,"column":6}},"187":{"start":{"line":188,"column":0},"end":{"line":188,"column":4}},"189":{"start":{"line":190,"column":0},"end":{"line":190,"column":10}},"190":{"start":{"line":191,"column":0},"end":{"line":191,"column":29}},"191":{"start":{"line":192,"column":0},"end":{"line":192,"column":38}},"192":{"start":{"line":193,"column":0},"end":{"line":193,"column":58}},"193":{"start":{"line":194,"column":0},"end":{"line":194,"column":99}},"194":{"start":{"line":195,"column":0},"end":{"line":195,"column":20}},"195":{"start":{"line":196,"column":0},"end":{"line":196,"column":128}},"196":{"start":{"line":197,"column":0},"end":{"line":197,"column":43}},"197":{"start":{"line":198,"column":0},"end":{"line":198,"column":27}},"198":{"start":{"line":199,"column":0},"end":{"line":199,"column":27}},"199":{"start":{"line":200,"column":0},"end":{"line":200,"column":23}},"200":{"start":{"line":201,"column":0},"end":{"line":201,"column":26}},"201":{"start":{"line":202,"column":0},"end":{"line":202,"column":24}},"202":{"start":{"line":203,"column":0},"end":{"line":203,"column":28}},"203":{"start":{"line":204,"column":0},"end":{"line":204,"column":26}},"204":{"start":{"line":205,"column":0},"end":{"line":205,"column":29}},"205":{"start":{"line":206,"column":0},"end":{"line":206,"column":30}},"206":{"start":{"line":207,"column":0},"end":{"line":207,"column":30}},"207":{"start":{"line":208,"column":0},"end":{"line":208,"column":29}},"208":{"start":{"line":209,"column":0},"end":{"line":209,"column":28}},"209":{"start":{"line":210,"column":0},"end":{"line":210,"column":27}},"210":{"start":{"line":211,"column":0},"end":{"line":211,"column":29}},"211":{"start":{"line":212,"column":0},"end":{"line":212,"column":10}},"212":{"start":{"line":213,"column":0},"end":{"line":213,"column":8}},"213":{"start":{"line":214,"column":0},"end":{"line":214,"column":89}},"214":{"start":{"line":215,"column":0},"end":{"line":215,"column":9}},"215":{"start":{"line":216,"column":0},"end":{"line":216,"column":20}},"216":{"start":{"line":217,"column":0},"end":{"line":217,"column":55}},"217":{"start":{"line":218,"column":0},"end":{"line":218,"column":83}},"218":{"start":{"line":219,"column":0},"end":{"line":219,"column":20}},"219":{"start":{"line":220,"column":0},"end":{"line":220,"column":6}},"220":{"start":{"line":221,"column":0},"end":{"line":221,"column":4}},"222":{"start":{"line":223,"column":0},"end":{"line":223,"column":10}},"223":{"start":{"line":224,"column":0},"end":{"line":224,"column":28}},"224":{"start":{"line":225,"column":0},"end":{"line":225,"column":74}},"225":{"start":{"line":226,"column":0},"end":{"line":226,"column":4}},"227":{"start":{"line":228,"column":0},"end":{"line":228,"column":11}},"228":{"start":{"line":229,"column":0},"end":{"line":229,"column":28}},"229":{"start":{"line":230,"column":0},"end":{"line":230,"column":38}},"230":{"start":{"line":231,"column":0},"end":{"line":231,"column":57}},"231":{"start":{"line":232,"column":0},"end":{"line":232,"column":63}},"232":{"start":{"line":233,"column":0},"end":{"line":233,"column":44}},"233":{"start":{"line":234,"column":0},"end":{"line":234,"column":63}},"234":{"start":{"line":235,"column":0},"end":{"line":235,"column":24}},"235":{"start":{"line":236,"column":0},"end":{"line":236,"column":33}},"236":{"start":{"line":237,"column":0},"end":{"line":237,"column":6}},"237":{"start":{"line":238,"column":0},"end":{"line":238,"column":4}},"239":{"start":{"line":240,"column":0},"end":{"line":240,"column":10}},"240":{"start":{"line":241,"column":0},"end":{"line":241,"column":18}},"241":{"start":{"line":242,"column":0},"end":{"line":242,"column":75}},"242":{"start":{"line":243,"column":0},"end":{"line":243,"column":4}},"244":{"start":{"line":245,"column":0},"end":{"line":245,"column":11}},"245":{"start":{"line":246,"column":0},"end":{"line":246,"column":18}},"246":{"start":{"line":247,"column":0},"end":{"line":247,"column":38}},"247":{"start":{"line":248,"column":0},"end":{"line":248,"column":75}},"248":{"start":{"line":249,"column":0},"end":{"line":249,"column":22}},"249":{"start":{"line":250,"column":0},"end":{"line":250,"column":46}},"250":{"start":{"line":251,"column":0},"end":{"line":251,"column":6}},"251":{"start":{"line":252,"column":0},"end":{"line":252,"column":4}},"253":{"start":{"line":254,"column":0},"end":{"line":254,"column":12}},"254":{"start":{"line":255,"column":0},"end":{"line":255,"column":24}},"255":{"start":{"line":256,"column":0},"end":{"line":256,"column":38}},"256":{"start":{"line":257,"column":0},"end":{"line":257,"column":54}},"257":{"start":{"line":258,"column":0},"end":{"line":258,"column":85}},"258":{"start":{"line":259,"column":0},"end":{"line":259,"column":60}},"259":{"start":{"line":260,"column":0},"end":{"line":260,"column":6}},"260":{"start":{"line":261,"column":0},"end":{"line":261,"column":4}},"262":{"start":{"line":263,"column":0},"end":{"line":263,"column":12}},"263":{"start":{"line":264,"column":0},"end":{"line":264,"column":24}},"264":{"start":{"line":265,"column":0},"end":{"line":265,"column":38}},"265":{"start":{"line":266,"column":0},"end":{"line":266,"column":53}},"266":{"start":{"line":267,"column":0},"end":{"line":267,"column":66}},"267":{"start":{"line":268,"column":0},"end":{"line":268,"column":6}},"268":{"start":{"line":269,"column":0},"end":{"line":269,"column":4}},"270":{"start":{"line":271,"column":0},"end":{"line":271,"column":11}},"271":{"start":{"line":272,"column":0},"end":{"line":272,"column":29}},"272":{"start":{"line":273,"column":0},"end":{"line":273,"column":38}},"273":{"start":{"line":274,"column":0},"end":{"line":274,"column":52}},"274":{"start":{"line":275,"column":0},"end":{"line":275,"column":47}},"275":{"start":{"line":276,"column":0},"end":{"line":276,"column":29}},"276":{"start":{"line":277,"column":0},"end":{"line":277,"column":51}},"277":{"start":{"line":278,"column":0},"end":{"line":278,"column":9}},"278":{"start":{"line":279,"column":0},"end":{"line":279,"column":11}},"279":{"start":{"line":280,"column":0},"end":{"line":280,"column":12}},"280":{"start":{"line":281,"column":0},"end":{"line":281,"column":107}},"281":{"start":{"line":282,"column":0},"end":{"line":282,"column":16}},"282":{"start":{"line":283,"column":0},"end":{"line":283,"column":8}},"283":{"start":{"line":284,"column":0},"end":{"line":284,"column":6}},"284":{"start":{"line":285,"column":0},"end":{"line":285,"column":4}},"286":{"start":{"line":287,"column":0},"end":{"line":287,"column":10}},"287":{"start":{"line":288,"column":0},"end":{"line":288,"column":30}},"288":{"start":{"line":289,"column":0},"end":{"line":289,"column":109}},"289":{"start":{"line":290,"column":0},"end":{"line":290,"column":4}},"291":{"start":{"line":292,"column":0},"end":{"line":292,"column":10}},"292":{"start":{"line":293,"column":0},"end":{"line":293,"column":43}},"293":{"start":{"line":294,"column":0},"end":{"line":294,"column":38}},"294":{"start":{"line":295,"column":0},"end":{"line":295,"column":84}},"295":{"start":{"line":296,"column":0},"end":{"line":296,"column":104}},"296":{"start":{"line":297,"column":0},"end":{"line":297,"column":6}},"297":{"start":{"line":298,"column":0},"end":{"line":298,"column":4}},"299":{"start":{"line":300,"column":0},"end":{"line":300,"column":10}},"300":{"start":{"line":301,"column":0},"end":{"line":301,"column":22}},"301":{"start":{"line":302,"column":0},"end":{"line":302,"column":94}},"302":{"start":{"line":303,"column":0},"end":{"line":303,"column":4}},"304":{"start":{"line":305,"column":0},"end":{"line":305,"column":10}},"305":{"start":{"line":306,"column":0},"end":{"line":306,"column":22}},"306":{"start":{"line":307,"column":0},"end":{"line":307,"column":38}},"307":{"start":{"line":308,"column":0},"end":{"line":308,"column":97}},"308":{"start":{"line":309,"column":0},"end":{"line":309,"column":46}},"309":{"start":{"line":310,"column":0},"end":{"line":310,"column":6}},"310":{"start":{"line":311,"column":0},"end":{"line":311,"column":4}},"312":{"start":{"line":313,"column":0},"end":{"line":313,"column":13}},"313":{"start":{"line":314,"column":0},"end":{"line":314,"column":22}},"314":{"start":{"line":315,"column":0},"end":{"line":315,"column":38}},"315":{"start":{"line":316,"column":0},"end":{"line":316,"column":58}},"316":{"start":{"line":317,"column":0},"end":{"line":317,"column":48}},"317":{"start":{"line":318,"column":0},"end":{"line":318,"column":32}},"318":{"start":{"line":319,"column":0},"end":{"line":319,"column":6}},"319":{"start":{"line":320,"column":0},"end":{"line":320,"column":4}},"321":{"start":{"line":322,"column":0},"end":{"line":322,"column":11}},"322":{"start":{"line":323,"column":0},"end":{"line":323,"column":32}},"323":{"start":{"line":324,"column":0},"end":{"line":324,"column":38}},"324":{"start":{"line":325,"column":0},"end":{"line":325,"column":65}},"325":{"start":{"line":326,"column":0},"end":{"line":326,"column":22}},"326":{"start":{"line":327,"column":0},"end":{"line":327,"column":45}},"327":{"start":{"line":328,"column":0},"end":{"line":328,"column":6}},"328":{"start":{"line":329,"column":0},"end":{"line":329,"column":4}},"330":{"start":{"line":331,"column":0},"end":{"line":331,"column":10}},"331":{"start":{"line":332,"column":0},"end":{"line":332,"column":29}},"332":{"start":{"line":333,"column":0},"end":{"line":333,"column":38}},"333":{"start":{"line":334,"column":0},"end":{"line":334,"column":60}},"334":{"start":{"line":335,"column":0},"end":{"line":335,"column":62}},"335":{"start":{"line":336,"column":0},"end":{"line":336,"column":6}},"336":{"start":{"line":337,"column":0},"end":{"line":337,"column":4}},"338":{"start":{"line":339,"column":0},"end":{"line":339,"column":11}},"339":{"start":{"line":340,"column":0},"end":{"line":340,"column":27}},"340":{"start":{"line":341,"column":0},"end":{"line":341,"column":38}},"341":{"start":{"line":342,"column":0},"end":{"line":342,"column":51}},"342":{"start":{"line":343,"column":0},"end":{"line":343,"column":62}},"343":{"start":{"line":344,"column":0},"end":{"line":344,"column":6}},"344":{"start":{"line":345,"column":0},"end":{"line":345,"column":4}},"346":{"start":{"line":347,"column":0},"end":{"line":347,"column":11}},"347":{"start":{"line":348,"column":0},"end":{"line":348,"column":27}},"348":{"start":{"line":349,"column":0},"end":{"line":349,"column":38}},"349":{"start":{"line":350,"column":0},"end":{"line":350,"column":53}},"350":{"start":{"line":351,"column":0},"end":{"line":351,"column":47}},"351":{"start":{"line":352,"column":0},"end":{"line":352,"column":29}},"352":{"start":{"line":353,"column":0},"end":{"line":353,"column":51}},"353":{"start":{"line":354,"column":0},"end":{"line":354,"column":9}},"354":{"start":{"line":355,"column":0},"end":{"line":355,"column":112}},"355":{"start":{"line":356,"column":0},"end":{"line":356,"column":62}},"356":{"start":{"line":357,"column":0},"end":{"line":357,"column":6}},"357":{"start":{"line":358,"column":0},"end":{"line":358,"column":4}},"359":{"start":{"line":360,"column":0},"end":{"line":360,"column":11}},"360":{"start":{"line":361,"column":0},"end":{"line":361,"column":30}},"361":{"start":{"line":362,"column":0},"end":{"line":362,"column":38}},"362":{"start":{"line":363,"column":0},"end":{"line":363,"column":47}},"363":{"start":{"line":364,"column":0},"end":{"line":364,"column":29}},"364":{"start":{"line":365,"column":0},"end":{"line":365,"column":51}},"365":{"start":{"line":366,"column":0},"end":{"line":366,"column":9}},"366":{"start":{"line":367,"column":0},"end":{"line":367,"column":88}},"367":{"start":{"line":368,"column":0},"end":{"line":368,"column":6}},"368":{"start":{"line":369,"column":0},"end":{"line":369,"column":4}},"370":{"start":{"line":371,"column":0},"end":{"line":371,"column":13}},"371":{"start":{"line":372,"column":0},"end":{"line":372,"column":27}},"372":{"start":{"line":373,"column":0},"end":{"line":373,"column":38}},"373":{"start":{"line":374,"column":0},"end":{"line":374,"column":58}},"374":{"start":{"line":375,"column":0},"end":{"line":375,"column":33}},"375":{"start":{"line":376,"column":0},"end":{"line":376,"column":6}},"376":{"start":{"line":377,"column":0},"end":{"line":377,"column":4}},"378":{"start":{"line":379,"column":0},"end":{"line":379,"column":10}},"379":{"start":{"line":380,"column":0},"end":{"line":380,"column":24}},"380":{"start":{"line":381,"column":0},"end":{"line":381,"column":38}},"381":{"start":{"line":382,"column":0},"end":{"line":382,"column":56}},"382":{"start":{"line":383,"column":0},"end":{"line":383,"column":11}},"383":{"start":{"line":384,"column":0},"end":{"line":384,"column":12}},"384":{"start":{"line":385,"column":0},"end":{"line":385,"column":28}},"385":{"start":{"line":386,"column":0},"end":{"line":386,"column":33}},"386":{"start":{"line":387,"column":0},"end":{"line":387,"column":33}},"387":{"start":{"line":388,"column":0},"end":{"line":388,"column":27}},"388":{"start":{"line":389,"column":0},"end":{"line":389,"column":22}},"389":{"start":{"line":390,"column":0},"end":{"line":390,"column":10}},"390":{"start":{"line":391,"column":0},"end":{"line":391,"column":8}},"391":{"start":{"line":392,"column":0},"end":{"line":392,"column":6}},"392":{"start":{"line":393,"column":0},"end":{"line":393,"column":4}},"394":{"start":{"line":395,"column":0},"end":{"line":395,"column":13}},"395":{"start":{"line":396,"column":0},"end":{"line":396,"column":28}},"396":{"start":{"line":397,"column":0},"end":{"line":397,"column":38}},"397":{"start":{"line":398,"column":0},"end":{"line":398,"column":49}},"398":{"start":{"line":399,"column":0},"end":{"line":399,"column":33}},"399":{"start":{"line":400,"column":0},"end":{"line":400,"column":6}},"400":{"start":{"line":401,"column":0},"end":{"line":401,"column":4}},"402":{"start":{"line":403,"column":0},"end":{"line":403,"column":13}},"403":{"start":{"line":404,"column":0},"end":{"line":404,"column":24}},"404":{"start":{"line":405,"column":0},"end":{"line":405,"column":39}},"405":{"start":{"line":406,"column":0},"end":{"line":406,"column":28}},"406":{"start":{"line":407,"column":0},"end":{"line":407,"column":33}},"407":{"start":{"line":408,"column":0},"end":{"line":408,"column":6}},"408":{"start":{"line":409,"column":0},"end":{"line":409,"column":4}},"410":{"start":{"line":411,"column":0},"end":{"line":411,"column":97}},"411":{"start":{"line":412,"column":0},"end":{"line":412,"column":82}},"412":{"start":{"line":413,"column":0},"end":{"line":413,"column":36}},"413":{"start":{"line":414,"column":0},"end":{"line":414,"column":106}},"414":{"start":{"line":415,"column":0},"end":{"line":415,"column":13}},"415":{"start":{"line":416,"column":0},"end":{"line":416,"column":5}},"416":{"start":{"line":417,"column":0},"end":{"line":417,"column":78}},"417":{"start":{"line":418,"column":0},"end":{"line":418,"column":71}},"418":{"start":{"line":419,"column":0},"end":{"line":419,"column":92}},"419":{"start":{"line":420,"column":0},"end":{"line":420,"column":18}},"420":{"start":{"line":421,"column":0},"end":{"line":421,"column":32}},"421":{"start":{"line":422,"column":0},"end":{"line":422,"column":22}},"422":{"start":{"line":423,"column":0},"end":{"line":423,"column":22}},"423":{"start":{"line":424,"column":0},"end":{"line":424,"column":46}},"424":{"start":{"line":425,"column":0},"end":{"line":425,"column":17}},"425":{"start":{"line":426,"column":0},"end":{"line":426,"column":50}},"426":{"start":{"line":427,"column":0},"end":{"line":427,"column":19}},"427":{"start":{"line":428,"column":0},"end":{"line":428,"column":57}},"428":{"start":{"line":429,"column":0},"end":{"line":429,"column":39}},"429":{"start":{"line":430,"column":0},"end":{"line":430,"column":21}},"430":{"start":{"line":431,"column":0},"end":{"line":431,"column":110}},"431":{"start":{"line":432,"column":0},"end":{"line":432,"column":33}},"432":{"start":{"line":433,"column":0},"end":{"line":433,"column":18}},"433":{"start":{"line":434,"column":0},"end":{"line":434,"column":19}},"434":{"start":{"line":435,"column":0},"end":{"line":435,"column":48}},"435":{"start":{"line":436,"column":0},"end":{"line":436,"column":23}},"436":{"start":{"line":437,"column":0},"end":{"line":437,"column":50}},"437":{"start":{"line":438,"column":0},"end":{"line":438,"column":19}},"438":{"start":{"line":439,"column":0},"end":{"line":439,"column":55}},"439":{"start":{"line":440,"column":0},"end":{"line":440,"column":29}},"440":{"start":{"line":441,"column":0},"end":{"line":441,"column":24}},"441":{"start":{"line":442,"column":0},"end":{"line":442,"column":69}},"442":{"start":{"line":443,"column":0},"end":{"line":443,"column":5}},"444":{"start":{"line":445,"column":0},"end":{"line":445,"column":13}},"445":{"start":{"line":446,"column":0},"end":{"line":446,"column":1}}},"s":{"0":1,"32":1,"33":45,"34":45,"36":1,"37":39,"38":39,"40":1,"41":8,"42":8,"43":8,"44":8,"46":1,"47":28,"48":28,"49":28,"50":28,"52":1,"53":11,"54":11,"55":11,"56":4,"57":4,"58":4,"59":4,"60":4,"61":3,"62":3,"63":4,"64":4,"65":4,"66":0,"67":0,"68":11,"81":12,"82":12,"83":12,"84":12,"85":12,"86":12,"87":12,"88":12,"89":12,"90":11,"91":11,"92":11,"93":11,"94":12,"95":12,"97":12,"98":12,"99":12,"100":12,"101":12,"102":12,"103":52,"104":51,"105":51,"106":51,"107":1,"108":52,"109":12,"110":12,"111":12,"113":12,"115":12,"117":12,"118":12,"119":12,"120":5,"121":5,"122":2,"123":2,"124":12,"125":12,"127":12,"128":12,"129":12,"130":2,"131":2,"132":2,"133":12,"134":12,"136":12,"137":12,"138":12,"139":1,"140":1,"141":1,"142":1,"143":1,"144":12,"145":12,"147":12,"148":12,"149":12,"150":3,"151":3,"152":1,"153":12,"154":12,"156":12,"157":12,"158":12,"159":12,"161":12,"162":12,"163":12,"164":0,"165":0,"166":0,"167":0,"168":0,"169":0,"170":0,"171":0,"172":0,"173":0,"174":0,"175":0,"176":0,"177":0,"178":12,"179":12,"181":12,"182":12,"183":12,"184":5,"185":5,"186":12,"187":12,"189":12,"190":12,"191":12,"192":1,"193":1,"194":1,"195":1,"196":1,"197":1,"198":1,"199":1,"200":1,"201":1,"202":1,"203":1,"204":1,"205":1,"206":1,"207":1,"208":1,"209":1,"210":1,"211":1,"212":1,"213":1,"214":1,"215":1,"216":1,"217":1,"218":1,"219":12,"220":12,"222":12,"223":12,"224":12,"225":12,"227":12,"228":12,"229":12,"230":0,"231":0,"232":0,"233":0,"234":0,"235":0,"236":12,"237":12,"239":12,"240":12,"241":12,"242":12,"244":12,"245":12,"246":12,"247":10,"248":10,"249":10,"250":12,"251":12,"253":12,"254":12,"255":12,"256":2,"257":2,"258":2,"259":12,"260":12,"262":12,"263":12,"264":12,"265":1,"266":1,"267":12,"268":12,"270":12,"271":12,"272":12,"273":1,"274":1,"275":1,"276":1,"277":1,"278":1,"279":1,"280":1,"281":1,"282":1,"283":12,"284":12,"286":12,"287":12,"288":12,"289":12,"291":12,"292":12,"293":12,"294":2,"295":2,"296":12,"297":12,"299":12,"300":12,"301":12,"302":12,"304":12,"305":12,"306":12,"307":1,"308":1,"309":12,"310":12,"312":12,"313":12,"314":12,"315":1,"316":1,"317":1,"318":12,"319":12,"321":12,"322":12,"323":12,"324":0,"325":0,"326":0,"327":12,"328":12,"330":12,"331":12,"332":12,"333":0,"334":0,"335":12,"336":12,"338":12,"339":12,"340":12,"341":0,"342":0,"343":12,"344":12,"346":12,"347":12,"348":12,"349":1,"350":1,"351":1,"352":1,"353":1,"354":1,"355":1,"356":12,"357":12,"359":12,"360":12,"361":12,"362":0,"363":0,"364":0,"365":0,"366":0,"367":12,"368":12,"370":12,"371":12,"372":12,"373":0,"374":0,"375":12,"376":12,"378":12,"379":12,"380":12,"381":2,"382":2,"383":2,"384":2,"385":2,"386":2,"387":2,"388":2,"389":2,"390":1,"391":12,"392":12,"394":12,"395":12,"396":12,"397":0,"398":0,"399":12,"400":12,"402":12,"403":12,"404":12,"405":0,"406":0,"407":12,"408":12,"410":12,"411":12,"412":11,"413":3,"414":3,"415":3,"416":8,"417":8,"418":11,"419":11,"420":11,"421":6,"422":2,"423":0,"424":0,"425":0,"426":0,"427":0,"428":0,"429":0,"430":2,"431":2,"432":0,"433":11,"434":11,"435":6,"436":2,"437":1,"438":1,"439":1,"440":0,"441":11,"442":12,"444":12,"445":12},"branchMap":{"0":{"type":"branch","line":33,"loc":{"start":{"line":33,"column":21},"end":{"line":35,"column":2}},"locations":[{"start":{"line":33,"column":21},"end":{"line":35,"column":2}}]},"1":{"type":"branch","line":33,"loc":{"start":{"line":33,"column":48},"end":{"line":35,"column":2}},"locations":[{"start":{"line":33,"column":48},"end":{"line":35,"column":2}}]},"2":{"type":"branch","line":37,"loc":{"start":{"line":37,"column":13},"end":{"line":39,"column":2}},"locations":[{"start":{"line":37,"column":13},"end":{"line":39,"column":2}}]},"3":{"type":"branch","line":41,"loc":{"start":{"line":41,"column":18},"end":{"line":45,"column":2}},"locations":[{"start":{"line":41,"column":18},"end":{"line":45,"column":2}}]},"4":{"type":"branch","line":43,"loc":{"start":{"line":43,"column":14},"end":{"line":43,"column":49}},"locations":[{"start":{"line":43,"column":14},"end":{"line":43,"column":49}}]},"5":{"type":"branch","line":47,"loc":{"start":{"line":47,"column":16},"end":{"line":51,"column":2}},"locations":[{"start":{"line":47,"column":16},"end":{"line":51,"column":2}}]},"6":{"type":"branch","line":48,"loc":{"start":{"line":48,"column":25},"end":{"line":48,"column":55}},"locations":[{"start":{"line":48,"column":25},"end":{"line":48,"column":55}}]},"7":{"type":"branch","line":48,"loc":{"start":{"line":48,"column":43},"end":{"line":48,"column":60}},"locations":[{"start":{"line":48,"column":43},"end":{"line":48,"column":60}}]},"8":{"type":"branch","line":48,"loc":{"start":{"line":48,"column":55},"end":{"line":48,"column":74}},"locations":[{"start":{"line":48,"column":55},"end":{"line":48,"column":74}}]},"9":{"type":"branch","line":49,"loc":{"start":{"line":49,"column":38},"end":{"line":49,"column":55}},"locations":[{"start":{"line":49,"column":38},"end":{"line":49,"column":55}}]},"10":{"type":"branch","line":49,"loc":{"start":{"line":49,"column":50},"end":{"line":49,"column":60}},"locations":[{"start":{"line":49,"column":50},"end":{"line":49,"column":60}}]},"11":{"type":"branch","line":53,"loc":{"start":{"line":53,"column":22},"end":{"line":69,"column":2}},"locations":[{"start":{"line":53,"column":22},"end":{"line":69,"column":2}}]},"12":{"type":"branch","line":56,"loc":{"start":{"line":56,"column":2},"end":{"line":68,"column":3}},"locations":[{"start":{"line":56,"column":2},"end":{"line":68,"column":3}}]},"13":{"type":"branch","line":57,"loc":{"start":{"line":57,"column":36},"end":{"line":57,"column":48}},"locations":[{"start":{"line":57,"column":36},"end":{"line":57,"column":48}}]},"14":{"type":"branch","line":59,"loc":{"start":{"line":59,"column":41},"end":{"line":59,"column":78}},"locations":[{"start":{"line":59,"column":41},"end":{"line":59,"column":78}}]},"15":{"type":"branch","line":61,"loc":{"start":{"line":61,"column":32},"end":{"line":61,"column":83}},"locations":[{"start":{"line":61,"column":32},"end":{"line":61,"column":83}}]},"16":{"type":"branch","line":61,"loc":{"start":{"line":61,"column":83},"end":{"line":63,"column":7}},"locations":[{"start":{"line":61,"column":83},"end":{"line":63,"column":7}}]},"17":{"type":"branch","line":63,"loc":{"start":{"line":63,"column":6},"end":{"line":64,"column":50}},"locations":[{"start":{"line":63,"column":6},"end":{"line":64,"column":50}}]},"18":{"type":"branch","line":64,"loc":{"start":{"line":64,"column":44},"end":{"line":64,"column":88}},"locations":[{"start":{"line":64,"column":44},"end":{"line":64,"column":88}}]},"19":{"type":"branch","line":64,"loc":{"start":{"line":64,"column":86},"end":{"line":65,"column":46}},"locations":[{"start":{"line":64,"column":86},"end":{"line":65,"column":46}}]},"20":{"type":"branch","line":65,"loc":{"start":{"line":65,"column":41},"end":{"line":65,"column":81}},"locations":[{"start":{"line":65,"column":41},"end":{"line":65,"column":81}}]},"21":{"type":"branch","line":65,"loc":{"start":{"line":65,"column":81},"end":{"line":65,"column":125}},"locations":[{"start":{"line":65,"column":81},"end":{"line":65,"column":125}}]},"22":{"type":"branch","line":66,"loc":{"start":{"line":66,"column":4},"end":{"line":68,"column":3}},"locations":[{"start":{"line":66,"column":4},"end":{"line":68,"column":3}}]},"23":{"type":"branch","line":82,"loc":{"start":{"line":82,"column":0},"end":{"line":446,"column":1}},"locations":[{"start":{"line":82,"column":0},"end":{"line":446,"column":1}}]},"24":{"type":"branch","line":83,"loc":{"start":{"line":83,"column":30},"end":{"line":83,"column":62}},"locations":[{"start":{"line":83,"column":30},"end":{"line":83,"column":62}}]},"25":{"type":"branch","line":84,"loc":{"start":{"line":84,"column":31},"end":{"line":84,"column":66}},"locations":[{"start":{"line":84,"column":31},"end":{"line":84,"column":66}}]},"26":{"type":"branch","line":85,"loc":{"start":{"line":85,"column":30},"end":{"line":85,"column":58}},"locations":[{"start":{"line":85,"column":30},"end":{"line":85,"column":58}}]},"27":{"type":"branch","line":89,"loc":{"start":{"line":89,"column":33},"end":{"line":89,"column":72}},"locations":[{"start":{"line":89,"column":33},"end":{"line":89,"column":72}}]},"28":{"type":"branch","line":90,"loc":{"start":{"line":90,"column":28},"end":{"line":94,"column":5}},"locations":[{"start":{"line":90,"column":28},"end":{"line":94,"column":5}}]},"29":{"type":"branch","line":96,"loc":{"start":{"line":96,"column":52},"end":{"line":96,"column":98}},"locations":[{"start":{"line":96,"column":52},"end":{"line":96,"column":98}}]},"30":{"type":"branch","line":91,"loc":{"start":{"line":91,"column":16},"end":{"line":91,"column":36}},"locations":[{"start":{"line":91,"column":16},"end":{"line":91,"column":36}}]},"31":{"type":"branch","line":103,"loc":{"start":{"line":103,"column":6},"end":{"line":109,"column":7}},"locations":[{"start":{"line":103,"column":6},"end":{"line":109,"column":7}}]},"32":{"type":"branch","line":104,"loc":{"start":{"line":104,"column":95},"end":{"line":107,"column":9}},"locations":[{"start":{"line":104,"column":95},"end":{"line":107,"column":9}}]},"33":{"type":"branch","line":107,"loc":{"start":{"line":107,"column":8},"end":{"line":108,"column":49}},"locations":[{"start":{"line":107,"column":8},"end":{"line":108,"column":49}}]},"34":{"type":"branch","line":114,"loc":{"start":{"line":114,"column":25},"end":{"line":114,"column":67}},"locations":[{"start":{"line":114,"column":25},"end":{"line":114,"column":67}}]},"35":{"type":"branch","line":116,"loc":{"start":{"line":116,"column":23},"end":{"line":116,"column":62}},"locations":[{"start":{"line":116,"column":23},"end":{"line":116,"column":62}}]},"36":{"type":"branch","line":120,"loc":{"start":{"line":120,"column":17},"end":{"line":125,"column":5}},"locations":[{"start":{"line":120,"column":17},"end":{"line":125,"column":5}}]},"37":{"type":"branch","line":121,"loc":{"start":{"line":121,"column":46},"end":{"line":121,"column":56}},"locations":[{"start":{"line":121,"column":46},"end":{"line":121,"column":56}}]},"38":{"type":"branch","line":122,"loc":{"start":{"line":122,"column":64},"end":{"line":124,"column":35}},"locations":[{"start":{"line":122,"column":64},"end":{"line":124,"column":35}}]},"39":{"type":"branch","line":122,"loc":{"start":{"line":122,"column":41},"end":{"line":122,"column":64}},"locations":[{"start":{"line":122,"column":41},"end":{"line":122,"column":64}}]},"40":{"type":"branch","line":130,"loc":{"start":{"line":130,"column":17},"end":{"line":134,"column":5}},"locations":[{"start":{"line":130,"column":17},"end":{"line":134,"column":5}}]},"41":{"type":"branch","line":131,"loc":{"start":{"line":131,"column":41},"end":{"line":131,"column":58}},"locations":[{"start":{"line":131,"column":41},"end":{"line":131,"column":58}}]},"42":{"type":"branch","line":139,"loc":{"start":{"line":139,"column":17},"end":{"line":145,"column":5}},"locations":[{"start":{"line":139,"column":17},"end":{"line":145,"column":5}}]},"43":{"type":"branch","line":141,"loc":{"start":{"line":141,"column":22},"end":{"line":143,"column":7}},"locations":[{"start":{"line":141,"column":22},"end":{"line":143,"column":7}}]},"44":{"type":"branch","line":142,"loc":{"start":{"line":142,"column":32},"end":{"line":142,"column":51}},"locations":[{"start":{"line":142,"column":32},"end":{"line":142,"column":51}}]},"45":{"type":"branch","line":144,"loc":{"start":{"line":144,"column":36},"end":{"line":144,"column":81}},"locations":[{"start":{"line":144,"column":36},"end":{"line":144,"column":81}}]},"46":{"type":"branch","line":150,"loc":{"start":{"line":150,"column":17},"end":{"line":154,"column":5}},"locations":[{"start":{"line":150,"column":17},"end":{"line":154,"column":5}}]},"47":{"type":"branch","line":151,"loc":{"start":{"line":151,"column":49},"end":{"line":151,"column":59}},"locations":[{"start":{"line":151,"column":49},"end":{"line":151,"column":59}}]},"48":{"type":"branch","line":152,"loc":{"start":{"line":152,"column":99},"end":{"line":153,"column":37}},"locations":[{"start":{"line":152,"column":99},"end":{"line":153,"column":37}}]},"49":{"type":"branch","line":152,"loc":{"start":{"line":152,"column":41},"end":{"line":152,"column":99}},"locations":[{"start":{"line":152,"column":41},"end":{"line":152,"column":99}}]},"50":{"type":"branch","line":159,"loc":{"start":{"line":159,"column":17},"end":{"line":159,"column":110}},"locations":[{"start":{"line":159,"column":17},"end":{"line":159,"column":110}}]},"51":{"type":"branch","line":159,"loc":{"start":{"line":159,"column":90},"end":{"line":159,"column":109}},"locations":[{"start":{"line":159,"column":90},"end":{"line":159,"column":109}}]},"52":{"type":"branch","line":159,"loc":{"start":{"line":159,"column":68},"end":{"line":159,"column":90}},"locations":[{"start":{"line":159,"column":68},"end":{"line":159,"column":90}}]},"53":{"type":"branch","line":184,"loc":{"start":{"line":184,"column":17},"end":{"line":187,"column":5}},"locations":[{"start":{"line":184,"column":17},"end":{"line":187,"column":5}}]},"54":{"type":"branch","line":192,"loc":{"start":{"line":192,"column":17},"end":{"line":220,"column":5}},"locations":[{"start":{"line":192,"column":17},"end":{"line":220,"column":5}}]},"55":{"type":"branch","line":197,"loc":{"start":{"line":197,"column":30},"end":{"line":212,"column":9}},"locations":[{"start":{"line":197,"column":30},"end":{"line":212,"column":9}}]},"56":{"type":"branch","line":214,"loc":{"start":{"line":214,"column":37},"end":{"line":214,"column":72}},"locations":[{"start":{"line":214,"column":37},"end":{"line":214,"column":72}}]},"57":{"type":"branch","line":242,"loc":{"start":{"line":242,"column":17},"end":{"line":242,"column":74}},"locations":[{"start":{"line":242,"column":17},"end":{"line":242,"column":74}}]},"58":{"type":"branch","line":247,"loc":{"start":{"line":247,"column":17},"end":{"line":251,"column":5}},"locations":[{"start":{"line":247,"column":17},"end":{"line":251,"column":5}}]},"59":{"type":"branch","line":256,"loc":{"start":{"line":256,"column":17},"end":{"line":260,"column":5}},"locations":[{"start":{"line":256,"column":17},"end":{"line":260,"column":5}}]},"60":{"type":"branch","line":258,"loc":{"start":{"line":258,"column":83},"end":{"line":259,"column":41}},"locations":[{"start":{"line":258,"column":83},"end":{"line":259,"column":41}}]},"61":{"type":"branch","line":259,"loc":{"start":{"line":259,"column":31},"end":{"line":259,"column":51}},"locations":[{"start":{"line":259,"column":31},"end":{"line":259,"column":51}}]},"62":{"type":"branch","line":259,"loc":{"start":{"line":259,"column":41},"end":{"line":259,"column":58}},"locations":[{"start":{"line":259,"column":41},"end":{"line":259,"column":58}}]},"63":{"type":"branch","line":265,"loc":{"start":{"line":265,"column":17},"end":{"line":268,"column":5}},"locations":[{"start":{"line":265,"column":17},"end":{"line":268,"column":5}}]},"64":{"type":"branch","line":273,"loc":{"start":{"line":273,"column":17},"end":{"line":284,"column":5}},"locations":[{"start":{"line":273,"column":17},"end":{"line":284,"column":5}}]},"65":{"type":"branch","line":276,"loc":{"start":{"line":276,"column":22},"end":{"line":278,"column":7}},"locations":[{"start":{"line":276,"column":22},"end":{"line":278,"column":7}}]},"66":{"type":"branch","line":277,"loc":{"start":{"line":277,"column":32},"end":{"line":277,"column":51}},"locations":[{"start":{"line":277,"column":32},"end":{"line":277,"column":51}}]},"67":{"type":"branch","line":289,"loc":{"start":{"line":289,"column":17},"end":{"line":289,"column":108}},"locations":[{"start":{"line":289,"column":17},"end":{"line":289,"column":108}}]},"68":{"type":"branch","line":294,"loc":{"start":{"line":294,"column":17},"end":{"line":297,"column":5}},"locations":[{"start":{"line":294,"column":17},"end":{"line":297,"column":5}}]},"69":{"type":"branch","line":296,"loc":{"start":{"line":296,"column":41},"end":{"line":296,"column":55}},"locations":[{"start":{"line":296,"column":41},"end":{"line":296,"column":55}}]},"70":{"type":"branch","line":296,"loc":{"start":{"line":296,"column":83},"end":{"line":296,"column":101}},"locations":[{"start":{"line":296,"column":83},"end":{"line":296,"column":101}}]},"71":{"type":"branch","line":302,"loc":{"start":{"line":302,"column":17},"end":{"line":302,"column":93}},"locations":[{"start":{"line":302,"column":17},"end":{"line":302,"column":93}}]},"72":{"type":"branch","line":307,"loc":{"start":{"line":307,"column":17},"end":{"line":310,"column":5}},"locations":[{"start":{"line":307,"column":17},"end":{"line":310,"column":5}}]},"73":{"type":"branch","line":315,"loc":{"start":{"line":315,"column":17},"end":{"line":319,"column":5}},"locations":[{"start":{"line":315,"column":17},"end":{"line":319,"column":5}}]},"74":{"type":"branch","line":349,"loc":{"start":{"line":349,"column":17},"end":{"line":357,"column":5}},"locations":[{"start":{"line":349,"column":17},"end":{"line":357,"column":5}}]},"75":{"type":"branch","line":350,"loc":{"start":{"line":350,"column":41},"end":{"line":350,"column":51}},"locations":[{"start":{"line":350,"column":41},"end":{"line":350,"column":51}}]},"76":{"type":"branch","line":356,"loc":{"start":{"line":356,"column":41},"end":{"line":356,"column":60}},"locations":[{"start":{"line":356,"column":41},"end":{"line":356,"column":60}}]},"77":{"type":"branch","line":352,"loc":{"start":{"line":352,"column":22},"end":{"line":354,"column":7}},"locations":[{"start":{"line":352,"column":22},"end":{"line":354,"column":7}}]},"78":{"type":"branch","line":353,"loc":{"start":{"line":353,"column":32},"end":{"line":353,"column":51}},"locations":[{"start":{"line":353,"column":32},"end":{"line":353,"column":51}}]},"79":{"type":"branch","line":381,"loc":{"start":{"line":381,"column":17},"end":{"line":392,"column":5}},"locations":[{"start":{"line":381,"column":17},"end":{"line":392,"column":5}}]},"80":{"type":"branch","line":390,"loc":{"start":{"line":390,"column":9},"end":{"line":391,"column":8}},"locations":[{"start":{"line":390,"column":9},"end":{"line":391,"column":8}}]},"81":{"type":"branch","line":412,"loc":{"start":{"line":412,"column":10},"end":{"line":443,"column":3}},"locations":[{"start":{"line":412,"column":10},"end":{"line":443,"column":3}}]},"82":{"type":"branch","line":413,"loc":{"start":{"line":413,"column":35},"end":{"line":416,"column":5}},"locations":[{"start":{"line":413,"column":35},"end":{"line":416,"column":5}}]},"83":{"type":"branch","line":414,"loc":{"start":{"line":414,"column":83},"end":{"line":414,"column":103}},"locations":[{"start":{"line":414,"column":83},"end":{"line":414,"column":103}}]},"84":{"type":"branch","line":416,"loc":{"start":{"line":416,"column":4},"end":{"line":419,"column":69}},"locations":[{"start":{"line":416,"column":4},"end":{"line":419,"column":69}}]},"85":{"type":"branch","line":419,"loc":{"start":{"line":419,"column":57},"end":{"line":419,"column":92}},"locations":[{"start":{"line":419,"column":57},"end":{"line":419,"column":92}}]},"86":{"type":"branch","line":421,"loc":{"start":{"line":421,"column":23},"end":{"line":422,"column":22}},"locations":[{"start":{"line":421,"column":23},"end":{"line":422,"column":22}}]},"87":{"type":"branch","line":422,"loc":{"start":{"line":422,"column":16},"end":{"line":433,"column":18}},"locations":[{"start":{"line":422,"column":16},"end":{"line":433,"column":18}}]},"88":{"type":"branch","line":423,"loc":{"start":{"line":423,"column":10},"end":{"line":430,"column":21}},"locations":[{"start":{"line":423,"column":10},"end":{"line":430,"column":21}}]},"89":{"type":"branch","line":432,"loc":{"start":{"line":432,"column":27},"end":{"line":433,"column":18}},"locations":[{"start":{"line":432,"column":27},"end":{"line":433,"column":18}}]},"90":{"type":"branch","line":435,"loc":{"start":{"line":435,"column":23},"end":{"line":435,"column":48}},"locations":[{"start":{"line":435,"column":23},"end":{"line":435,"column":48}}]},"91":{"type":"branch","line":435,"loc":{"start":{"line":435,"column":36},"end":{"line":436,"column":23}},"locations":[{"start":{"line":435,"column":36},"end":{"line":436,"column":23}}]},"92":{"type":"branch","line":436,"loc":{"start":{"line":436,"column":16},"end":{"line":441,"column":24}},"locations":[{"start":{"line":436,"column":16},"end":{"line":441,"column":24}}]},"93":{"type":"branch","line":437,"loc":{"start":{"line":437,"column":32},"end":{"line":438,"column":19}},"locations":[{"start":{"line":437,"column":32},"end":{"line":438,"column":19}}]},"94":{"type":"branch","line":438,"loc":{"start":{"line":438,"column":12},"end":{"line":441,"column":24}},"locations":[{"start":{"line":438,"column":12},"end":{"line":441,"column":24}}]},"95":{"type":"branch","line":440,"loc":{"start":{"line":440,"column":14},"end":{"line":441,"column":24}},"locations":[{"start":{"line":440,"column":14},"end":{"line":441,"column":24}}]}},"b":{"0":[348],"1":[45],"2":[39],"3":[8],"4":[0],"5":[28],"6":[24],"7":[4],"8":[24],"9":[1],"10":[27],"11":[11],"12":[4],"13":[0],"14":[0],"15":[3],"16":[3],"17":[1],"18":[0],"19":[1],"20":[0],"21":[1],"22":[0],"23":[12],"24":[0],"25":[0],"26":[0],"27":[0],"28":[11],"29":[0],"30":[6],"31":[52],"32":[51],"33":[1],"34":[1],"35":[2],"36":[5],"37":[0],"38":[2],"39":[4],"40":[2],"41":[2],"42":[1],"43":[1],"44":[0],"45":[1],"46":[3],"47":[0],"48":[1],"49":[2],"50":[2],"51":[1],"52":[2],"53":[5],"54":[1],"55":[1],"56":[2],"57":[3],"58":[10],"59":[2],"60":[1],"61":[0],"62":[1],"63":[1],"64":[1],"65":[1],"66":[0],"67":[1],"68":[2],"69":[1],"70":[1],"71":[1],"72":[1],"73":[1],"74":[1],"75":[0],"76":[0],"77":[1],"78":[0],"79":[2],"80":[1],"81":[11],"82":[3],"83":[0],"84":[8],"85":[0],"86":[6],"87":[2],"88":[0],"89":[0],"90":[2],"91":[6],"92":[2],"93":[1],"94":[1],"95":[0]},"fnMap":{"0":{"name":"asyncHandler","decl":{"start":{"line":33,"column":21},"end":{"line":35,"column":2}},"loc":{"start":{"line":33,"column":21},"end":{"line":35,"column":2}},"line":33},"1":{"name":"send","decl":{"start":{"line":37,"column":13},"end":{"line":39,"column":2}},"loc":{"start":{"line":37,"column":13},"end":{"line":39,"column":2}},"line":37},"2":{"name":"pathParam","decl":{"start":{"line":41,"column":18},"end":{"line":45,"column":2}},"loc":{"start":{"line":41,"column":18},"end":{"line":45,"column":2}},"line":41},"3":{"name":"csvCell","decl":{"start":{"line":47,"column":16},"end":{"line":51,"column":2}},"loc":{"start":{"line":47,"column":16},"end":{"line":51,"column":2}},"line":47},"4":{"name":"runPoolAction","decl":{"start":{"line":53,"column":22},"end":{"line":69,"column":2}},"loc":{"start":{"line":53,"column":22},"end":{"line":69,"column":2}},"line":53},"5":{"name":"createApp","decl":{"start":{"line":82,"column":0},"end":{"line":446,"column":1}},"loc":{"start":{"line":82,"column":0},"end":{"line":446,"column":1}},"line":82},"6":{"name":"listRelays","decl":{"start":{"line":91,"column":16},"end":{"line":91,"column":36}},"loc":{"start":{"line":91,"column":16},"end":{"line":91,"column":36}},"line":91},"7":{"name":"refreshBalance","decl":{"start":{"line":92,"column":20},"end":{"line":92,"column":71}},"loc":{"start":{"line":92,"column":20},"end":{"line":92,"column":71}},"line":92},"8":{"name":"recordUsage","decl":{"start":{"line":93,"column":17},"end":{"line":93,"column":50}},"loc":{"start":{"line":93,"column":17},"end":{"line":93,"column":50}},"line":93},"9":{"name":"origin","decl":{"start":{"line":103,"column":6},"end":{"line":109,"column":7}},"loc":{"start":{"line":103,"column":6},"end":{"line":109,"column":7}},"line":103}},"f":{"0":348,"1":39,"2":8,"3":28,"4":11,"5":12,"6":6,"7":0,"8":0,"9":52}}
,"/Users/along/Desktop/AI/Relay-Pulse/server/src/config.ts": {"path":"/Users/along/Desktop/AI/Relay-Pulse/server/src/config.ts","all":false,"statementMap":{"0":{"start":{"line":1,"column":0},"end":{"line":1,"column":28}},"5":{"start":{"line":6,"column":0},"end":{"line":6,"column":63}},"6":{"start":{"line":7,"column":0},"end":{"line":7,"column":100}},"8":{"start":{"line":9,"column":0},"end":{"line":9,"column":36}},"9":{"start":{"line":10,"column":0},"end":{"line":10,"column":38}},"10":{"start":{"line":11,"column":0},"end":{"line":11,"column":84}},"11":{"start":{"line":12,"column":0},"end":{"line":12,"column":3}},"12":{"start":{"line":13,"column":0},"end":{"line":13,"column":37}},"13":{"start":{"line":14,"column":0},"end":{"line":14,"column":106}},"14":{"start":{"line":15,"column":0},"end":{"line":15,"column":3}},"15":{"start":{"line":16,"column":0},"end":{"line":16,"column":107}},"16":{"start":{"line":17,"column":0},"end":{"line":17,"column":1}},"18":{"start":{"line":19,"column":0},"end":{"line":19,"column":47}},"19":{"start":{"line":20,"column":0},"end":{"line":20,"column":34}},"20":{"start":{"line":21,"column":0},"end":{"line":21,"column":37}},"22":{"start":{"line":23,"column":0},"end":{"line":23,"column":56}},"24":{"start":{"line":25,"column":0},"end":{"line":25,"column":79}},"25":{"start":{"line":26,"column":0},"end":{"line":26,"column":31}},"26":{"start":{"line":27,"column":0},"end":{"line":27,"column":68}},"27":{"start":{"line":28,"column":0},"end":{"line":28,"column":1}},"29":{"start":{"line":30,"column":0},"end":{"line":30,"column":77}},"30":{"start":{"line":31,"column":0},"end":{"line":31,"column":43}},"31":{"start":{"line":32,"column":0},"end":{"line":32,"column":75}},"32":{"start":{"line":33,"column":0},"end":{"line":33,"column":1}},"34":{"start":{"line":35,"column":0},"end":{"line":35,"column":80}},"35":{"start":{"line":36,"column":0},"end":{"line":36,"column":37}},"36":{"start":{"line":37,"column":0},"end":{"line":37,"column":15}},"37":{"start":{"line":38,"column":0},"end":{"line":38,"column":52}},"38":{"start":{"line":39,"column":0},"end":{"line":39,"column":21}},"39":{"start":{"line":40,"column":0},"end":{"line":40,"column":47}},"40":{"start":{"line":41,"column":0},"end":{"line":41,"column":1}},"42":{"start":{"line":43,"column":0},"end":{"line":43,"column":23}},"43":{"start":{"line":44,"column":0},"end":{"line":44,"column":55}},"44":{"start":{"line":45,"column":0},"end":{"line":45,"column":47}},"45":{"start":{"line":46,"column":0},"end":{"line":46,"column":106}},"46":{"start":{"line":47,"column":0},"end":{"line":47,"column":80}},"47":{"start":{"line":48,"column":0},"end":{"line":48,"column":31}},"48":{"start":{"line":49,"column":0},"end":{"line":49,"column":53}},"49":{"start":{"line":50,"column":0},"end":{"line":50,"column":80}},"50":{"start":{"line":51,"column":0},"end":{"line":51,"column":65}},"51":{"start":{"line":52,"column":0},"end":{"line":52,"column":89}},"52":{"start":{"line":53,"column":0},"end":{"line":53,"column":84}},"53":{"start":{"line":54,"column":0},"end":{"line":54,"column":85}},"54":{"start":{"line":55,"column":0},"end":{"line":55,"column":126}},"55":{"start":{"line":56,"column":0},"end":{"line":56,"column":2}}},"s":{"0":1,"5":1,"6":1,"8":0,"9":0,"10":0,"11":0,"12":0,"13":0,"14":0,"15":0,"16":0,"18":1,"19":0,"20":1,"22":1,"24":28,"25":28,"26":28,"27":28,"29":7,"30":7,"31":0,"32":0,"34":7,"35":7,"36":7,"37":7,"38":7,"39":7,"40":7,"42":1,"43":1,"44":1,"45":1,"46":1,"47":1,"48":0,"49":1,"50":1,"51":1,"52":1,"53":1,"54":1,"55":1},"branchMap":{"0":{"type":"branch","line":7,"loc":{"start":{"line":7,"column":56},"end":{"line":7,"column":63}},"locations":[{"start":{"line":7,"column":56},"end":{"line":7,"column":63}}]},"1":{"type":"branch","line":19,"loc":{"start":{"line":19,"column":27},"end":{"line":20,"column":34}},"locations":[{"start":{"line":19,"column":27},"end":{"line":20,"column":34}}]},"2":{"type":"branch","line":48,"loc":{"start":{"line":48,"column":23},"end":{"line":49,"column":53}},"locations":[{"start":{"line":48,"column":23},"end":{"line":49,"column":53}}]},"3":{"type":"branch","line":50,"loc":{"start":{"line":50,"column":6},"end":{"line":50,"column":49}},"locations":[{"start":{"line":50,"column":6},"end":{"line":50,"column":49}}]},"4":{"type":"branch","line":54,"loc":{"start":{"line":54,"column":38},"end":{"line":54,"column":70}},"locations":[{"start":{"line":54,"column":38},"end":{"line":54,"column":70}}]},"5":{"type":"branch","line":55,"loc":{"start":{"line":55,"column":43},"end":{"line":55,"column":67}},"locations":[{"start":{"line":55,"column":43},"end":{"line":55,"column":67}}]},"6":{"type":"branch","line":25,"loc":{"start":{"line":25,"column":0},"end":{"line":28,"column":1}},"locations":[{"start":{"line":25,"column":0},"end":{"line":28,"column":1}}]},"7":{"type":"branch","line":27,"loc":{"start":{"line":27,"column":32},"end":{"line":27,"column":50}},"locations":[{"start":{"line":27,"column":32},"end":{"line":27,"column":50}}]},"8":{"type":"branch","line":27,"loc":{"start":{"line":27,"column":46},"end":{"line":27,"column":59}},"locations":[{"start":{"line":27,"column":46},"end":{"line":27,"column":59}}]},"9":{"type":"branch","line":30,"loc":{"start":{"line":30,"column":0},"end":{"line":33,"column":1}},"locations":[{"start":{"line":30,"column":0},"end":{"line":33,"column":1}}]},"10":{"type":"branch","line":31,"loc":{"start":{"line":31,"column":34},"end":{"line":33,"column":1}},"locations":[{"start":{"line":31,"column":34},"end":{"line":33,"column":1}}]},"11":{"type":"branch","line":35,"loc":{"start":{"line":35,"column":0},"end":{"line":41,"column":1}},"locations":[{"start":{"line":35,"column":0},"end":{"line":41,"column":1}}]},"12":{"type":"branch","line":40,"loc":{"start":{"line":40,"column":26},"end":{"line":40,"column":47}},"locations":[{"start":{"line":40,"column":26},"end":{"line":40,"column":47}}]},"13":{"type":"branch","line":38,"loc":{"start":{"line":38,"column":9},"end":{"line":38,"column":51}},"locations":[{"start":{"line":38,"column":9},"end":{"line":38,"column":51}}]}},"b":{"0":[0],"1":[0],"2":[0],"3":[0],"4":[0],"5":[0],"6":[28],"7":[0],"8":[0],"9":[7],"10":[0],"11":[7],"12":[0],"13":[14]},"fnMap":{"0":{"name":"packagedDataDir","decl":{"start":{"line":9,"column":0},"end":{"line":17,"column":1}},"loc":{"start":{"line":9,"column":0},"end":{"line":17,"column":1}},"line":9},"1":{"name":"positiveInteger","decl":{"start":{"line":25,"column":0},"end":{"line":28,"column":1}},"loc":{"start":{"line":25,"column":0},"end":{"line":28,"column":1}},"line":25},"2":{"name":"booleanFlag","decl":{"start":{"line":30,"column":0},"end":{"line":33,"column":1}},"loc":{"start":{"line":30,"column":0},"end":{"line":33,"column":1}},"line":30},"3":{"name":"commaSeparated","decl":{"start":{"line":35,"column":0},"end":{"line":41,"column":1}},"loc":{"start":{"line":35,"column":0},"end":{"line":41,"column":1}},"line":35}},"f":{"0":0,"1":28,"2":7,"3":7}}
,"/Users/along/Desktop/AI/Relay-Pulse/server/src/server.ts": {"path":"/Users/along/Desktop/AI/Relay-Pulse/server/src/server.ts","all":true,"statementMap":{"0":{"start":{"line":1,"column":0},"end":{"line":1,"column":40}},"1":{"start":{"line":2,"column":0},"end":{"line":2,"column":37}},"2":{"start":{"line":3,"column":0},"end":{"line":3,"column":37}},"5":{"start":{"line":6,"column":0},"end":{"line":6,"column":25}},"7":{"start":{"line":8,"column":0},"end":{"line":8,"column":53}},"8":{"start":{"line":9,"column":0},"end":{"line":9,"column":43}},"9":{"start":{"line":10,"column":0},"end":{"line":10,"column":29}},"10":{"start":{"line":11,"column":0},"end":{"line":11,"column":31}},"11":{"start":{"line":12,"column":0},"end":{"line":12,"column":21}},"12":{"start":{"line":13,"column":0},"end":{"line":13,"column":7}},"13":{"start":{"line":14,"column":0},"end":{"line":14,"column":5}},"14":{"start":{"line":15,"column":0},"end":{"line":15,"column":1}},"16":{"start":{"line":17,"column":0},"end":{"line":17,"column":96}},"17":{"start":{"line":18,"column":0},"end":{"line":18,"column":27}},"18":{"start":{"line":19,"column":0},"end":{"line":19,"column":22}},"19":{"start":{"line":20,"column":0},"end":{"line":20,"column":48}},"20":{"start":{"line":21,"column":0},"end":{"line":21,"column":21}},"21":{"start":{"line":22,"column":0},"end":{"line":22,"column":28}},"22":{"start":{"line":23,"column":0},"end":{"line":23,"column":1}},"24":{"start":{"line":25,"column":0},"end":{"line":25,"column":38}},"25":{"start":{"line":26,"column":0},"end":{"line":26,"column":32}},"26":{"start":{"line":27,"column":0},"end":{"line":27,"column":61}},"27":{"start":{"line":28,"column":0},"end":{"line":28,"column":73}},"28":{"start":{"line":29,"column":0},"end":{"line":29,"column":5}},"29":{"start":{"line":30,"column":0},"end":{"line":30,"column":51}},"31":{"start":{"line":32,"column":0},"end":{"line":32,"column":56}},"32":{"start":{"line":33,"column":0},"end":{"line":33,"column":32}},"33":{"start":{"line":34,"column":0},"end":{"line":34,"column":41}},"34":{"start":{"line":35,"column":0},"end":{"line":35,"column":36}},"35":{"start":{"line":36,"column":0},"end":{"line":36,"column":36}},"36":{"start":{"line":37,"column":0},"end":{"line":37,"column":51}},"37":{"start":{"line":38,"column":0},"end":{"line":38,"column":26}},"38":{"start":{"line":39,"column":0},"end":{"line":39,"column":11}},"39":{"start":{"line":40,"column":0},"end":{"line":40,"column":7}},"40":{"start":{"line":41,"column":0},"end":{"line":41,"column":5}},"41":{"start":{"line":42,"column":0},"end":{"line":42,"column":1}},"43":{"start":{"line":44,"column":0},"end":{"line":44,"column":39}},"44":{"start":{"line":45,"column":0},"end":{"line":45,"column":43}},"45":{"start":{"line":46,"column":0},"end":{"line":46,"column":18}},"46":{"start":{"line":47,"column":0},"end":{"line":47,"column":3}}},"s":{"0":0,"1":0,"2":0,"5":0,"7":0,"8":0,"9":0,"10":0,"11":0,"12":0,"13":0,"14":0,"16":0,"17":0,"18":0,"19":0,"20":0,"21":0,"22":0,"24":0,"25":0,"26":0,"27":0,"28":0,"29":0,"31":0,"32":0,"33":0,"34":0,"35":0,"36":0,"37":0,"38":0,"39":0,"40":0,"41":0,"43":0,"44":0,"45":0,"46":0},"branchMap":{"0":{"type":"branch","line":1,"loc":{"start":{"line":1,"column":1351},"end":{"line":47,"column":3}},"locations":[{"start":{"line":1,"column":1351},"end":{"line":47,"column":3}}]}},"b":{"0":[0]},"fnMap":{"0":{"name":"(empty-report)","decl":{"start":{"line":1,"column":1351},"end":{"line":47,"column":3}},"loc":{"start":{"line":1,"column":1351},"end":{"line":47,"column":3}},"line":1}},"f":{"0":0}}
,"/Users/along/Desktop/AI/Relay-Pulse/server/src/types.ts": {"path":"/Users/along/Desktop/AI/Relay-Pulse/server/src/types.ts","all":true,"statementMap":{},"s":{},"branchMap":{"0":{"type":"branch","line":1,"loc":{"start":{"line":1,"column":5955},"end":{"line":268,"column":1}},"locations":[{"start":{"line":1,"column":5955},"end":{"line":268,"column":1}}]}},"b":{"0":[1]},"fnMap":{"0":{"name":"(empty-report)","decl":{"start":{"line":1,"column":5955},"end":{"line":268,"column":1}},"loc":{"start":{"line":1,"column":5955},"end":{"line":268,"column":1}},"line":1}},"f":{"0":1}}
,"/Users/along/Desktop/AI/Relay-Pulse/server/src/validation.ts": {"path":"/Users/along/Desktop/AI/Relay-Pulse/server/src/validation.ts","all":false,"statementMap":{"0":{"start":{"line":1,"column":0},"end":{"line":1,"column":24}},"2":{"start":{"line":3,"column":0},"end":{"line":3,"column":55}},"3":{"start":{"line":4,"column":0},"end":{"line":4,"column":49}},"4":{"start":{"line":5,"column":0},"end":{"line":5,"column":17}},"5":{"start":{"line":6,"column":0},"end":{"line":6,"column":11}},"6":{"start":{"line":7,"column":0},"end":{"line":7,"column":9}},"7":{"start":{"line":8,"column":0},"end":{"line":8,"column":19}},"8":{"start":{"line":9,"column":0},"end":{"line":9,"column":11}},"9":{"start":{"line":10,"column":0},"end":{"line":10,"column":22}},"10":{"start":{"line":11,"column":0},"end":{"line":11,"column":9}},"11":{"start":{"line":12,"column":0},"end":{"line":12,"column":67}},"12":{"start":{"line":13,"column":0},"end":{"line":13,"column":13}},"13":{"start":{"line":14,"column":0},"end":{"line":14,"column":19}},"14":{"start":{"line":15,"column":0},"end":{"line":15,"column":5}},"15":{"start":{"line":16,"column":0},"end":{"line":16,"column":31}},"16":{"start":{"line":17,"column":0},"end":{"line":17,"column":22}},"17":{"start":{"line":18,"column":0},"end":{"line":18,"column":9}},"18":{"start":{"line":19,"column":0},"end":{"line":19,"column":33}},"19":{"start":{"line":20,"column":0},"end":{"line":20,"column":44}},"20":{"start":{"line":21,"column":0},"end":{"line":21,"column":13}},"21":{"start":{"line":22,"column":0},"end":{"line":22,"column":19}},"22":{"start":{"line":23,"column":0},"end":{"line":23,"column":5}},"23":{"start":{"line":24,"column":0},"end":{"line":24,"column":23}},"25":{"start":{"line":26,"column":0},"end":{"line":26,"column":22}},"26":{"start":{"line":27,"column":0},"end":{"line":27,"column":11}},"27":{"start":{"line":28,"column":0},"end":{"line":28,"column":9}},"28":{"start":{"line":29,"column":0},"end":{"line":29,"column":24}},"29":{"start":{"line":30,"column":0},"end":{"line":30,"column":11}},"30":{"start":{"line":31,"column":0},"end":{"line":31,"column":63}},"31":{"start":{"line":32,"column":0},"end":{"line":32,"column":22}},"32":{"start":{"line":33,"column":0},"end":{"line":33,"column":11}},"33":{"start":{"line":34,"column":0},"end":{"line":34,"column":9}},"34":{"start":{"line":35,"column":0},"end":{"line":35,"column":11}},"35":{"start":{"line":36,"column":0},"end":{"line":36,"column":62}},"36":{"start":{"line":37,"column":0},"end":{"line":37,"column":14}},"38":{"start":{"line":39,"column":0},"end":{"line":39,"column":54}},"39":{"start":{"line":40,"column":0},"end":{"line":40,"column":38}},"40":{"start":{"line":41,"column":0},"end":{"line":41,"column":47}},"41":{"start":{"line":42,"column":0},"end":{"line":42,"column":60}},"42":{"start":{"line":43,"column":0},"end":{"line":43,"column":23}},"43":{"start":{"line":44,"column":0},"end":{"line":44,"column":28}},"44":{"start":{"line":45,"column":0},"end":{"line":45,"column":49}},"45":{"start":{"line":46,"column":0},"end":{"line":46,"column":65}},"46":{"start":{"line":47,"column":0},"end":{"line":47,"column":64}},"47":{"start":{"line":48,"column":0},"end":{"line":48,"column":36}},"48":{"start":{"line":49,"column":0},"end":{"line":49,"column":3}},"50":{"start":{"line":51,"column":0},"end":{"line":51,"column":43}},"51":{"start":{"line":52,"column":0},"end":{"line":52,"column":50}},"52":{"start":{"line":53,"column":0},"end":{"line":53,"column":19}},"53":{"start":{"line":54,"column":0},"end":{"line":54,"column":23}},"54":{"start":{"line":55,"column":0},"end":{"line":55,"column":52}},"55":{"start":{"line":56,"column":0},"end":{"line":56,"column":39}},"56":{"start":{"line":57,"column":0},"end":{"line":57,"column":37}},"57":{"start":{"line":58,"column":0},"end":{"line":58,"column":37}},"58":{"start":{"line":59,"column":0},"end":{"line":59,"column":65}},"59":{"start":{"line":60,"column":0},"end":{"line":60,"column":49}},"60":{"start":{"line":61,"column":0},"end":{"line":61,"column":47}},"61":{"start":{"line":62,"column":0},"end":{"line":62,"column":3}},"63":{"start":{"line":64,"column":0},"end":{"line":64,"column":94}},"65":{"start":{"line":66,"column":0},"end":{"line":66,"column":36}},"66":{"start":{"line":67,"column":0},"end":{"line":67,"column":47}},"67":{"start":{"line":68,"column":0},"end":{"line":68,"column":60}},"68":{"start":{"line":69,"column":0},"end":{"line":69,"column":31}},"69":{"start":{"line":70,"column":0},"end":{"line":70,"column":3}},"71":{"start":{"line":72,"column":0},"end":{"line":72,"column":41}},"72":{"start":{"line":73,"column":0},"end":{"line":73,"column":120}},"73":{"start":{"line":74,"column":0},"end":{"line":74,"column":59}},"74":{"start":{"line":75,"column":0},"end":{"line":75,"column":3}},"76":{"start":{"line":77,"column":0},"end":{"line":77,"column":43}},"77":{"start":{"line":78,"column":0},"end":{"line":78,"column":120}},"78":{"start":{"line":79,"column":0},"end":{"line":79,"column":22}},"79":{"start":{"line":80,"column":0},"end":{"line":80,"column":3}},"81":{"start":{"line":82,"column":0},"end":{"line":82,"column":42}},"82":{"start":{"line":83,"column":0},"end":{"line":83,"column":119}},"83":{"start":{"line":84,"column":0},"end":{"line":84,"column":3}},"85":{"start":{"line":86,"column":0},"end":{"line":86,"column":46}},"86":{"start":{"line":87,"column":0},"end":{"line":87,"column":74}},"87":{"start":{"line":88,"column":0},"end":{"line":88,"column":65}},"88":{"start":{"line":89,"column":0},"end":{"line":89,"column":3}},"90":{"start":{"line":91,"column":0},"end":{"line":91,"column":40}},"91":{"start":{"line":92,"column":0},"end":{"line":92,"column":19}},"92":{"start":{"line":93,"column":0},"end":{"line":93,"column":23}},"93":{"start":{"line":94,"column":0},"end":{"line":94,"column":39}},"94":{"start":{"line":95,"column":0},"end":{"line":95,"column":64}},"95":{"start":{"line":96,"column":0},"end":{"line":96,"column":3}},"97":{"start":{"line":98,"column":0},"end":{"line":98,"column":44}},"98":{"start":{"line":99,"column":0},"end":{"line":99,"column":40}},"99":{"start":{"line":100,"column":0},"end":{"line":100,"column":87}},"100":{"start":{"line":101,"column":0},"end":{"line":101,"column":57}},"101":{"start":{"line":102,"column":0},"end":{"line":102,"column":54}},"102":{"start":{"line":103,"column":0},"end":{"line":103,"column":3}},"104":{"start":{"line":105,"column":0},"end":{"line":105,"column":41}},"105":{"start":{"line":106,"column":0},"end":{"line":106,"column":54}},"106":{"start":{"line":107,"column":0},"end":{"line":107,"column":72}},"107":{"start":{"line":108,"column":0},"end":{"line":108,"column":68}},"108":{"start":{"line":109,"column":0},"end":{"line":109,"column":75}},"109":{"start":{"line":110,"column":0},"end":{"line":110,"column":3}},"111":{"start":{"line":112,"column":0},"end":{"line":112,"column":44}},"112":{"start":{"line":113,"column":0},"end":{"line":113,"column":52}},"113":{"start":{"line":114,"column":0},"end":{"line":114,"column":3}},"115":{"start":{"line":116,"column":0},"end":{"line":116,"column":46}},"116":{"start":{"line":117,"column":0},"end":{"line":117,"column":57}},"117":{"start":{"line":118,"column":0},"end":{"line":118,"column":55}},"118":{"start":{"line":119,"column":0},"end":{"line":119,"column":54}},"119":{"start":{"line":120,"column":0},"end":{"line":120,"column":40}},"120":{"start":{"line":121,"column":0},"end":{"line":121,"column":89}},"121":{"start":{"line":122,"column":0},"end":{"line":122,"column":51}},"122":{"start":{"line":123,"column":0},"end":{"line":123,"column":61}},"123":{"start":{"line":124,"column":0},"end":{"line":124,"column":64}},"124":{"start":{"line":125,"column":0},"end":{"line":125,"column":54}},"125":{"start":{"line":126,"column":0},"end":{"line":126,"column":3}}},"s":{"0":1,"2":1,"3":1,"4":1,"5":1,"6":1,"7":1,"8":1,"9":1,"10":23,"11":23,"12":23,"13":2,"14":2,"15":1,"16":1,"17":23,"18":23,"19":23,"20":23,"21":2,"22":2,"23":1,"25":1,"26":1,"27":1,"28":1,"29":1,"30":1,"31":1,"32":1,"33":1,"34":1,"35":1,"36":1,"38":1,"39":1,"40":1,"41":1,"42":1,"43":1,"44":1,"45":1,"46":1,"47":1,"48":1,"50":1,"51":1,"52":1,"53":1,"54":1,"55":1,"56":1,"57":1,"58":1,"59":1,"60":1,"61":1,"63":1,"65":1,"66":1,"67":1,"68":1,"69":1,"71":1,"72":1,"73":1,"74":1,"76":1,"77":1,"78":1,"79":1,"81":1,"82":1,"83":1,"85":1,"86":1,"87":1,"88":1,"90":1,"91":1,"92":1,"93":1,"94":1,"95":1,"97":1,"98":1,"99":1,"100":1,"101":1,"102":1,"104":1,"105":1,"106":1,"107":1,"108":1,"109":1,"111":1,"112":1,"113":1,"115":1,"116":1,"117":1,"118":1,"119":1,"120":1,"121":1,"122":1,"123":1,"124":1,"125":1},"branchMap":{"0":{"type":"branch","line":10,"loc":{"start":{"line":10,"column":10},"end":{"line":16,"column":5}},"locations":[{"start":{"line":10,"column":10},"end":{"line":16,"column":5}}]},"1":{"type":"branch","line":13,"loc":{"start":{"line":13,"column":4},"end":{"line":15,"column":5}},"locations":[{"start":{"line":13,"column":4},"end":{"line":15,"column":5}}]},"2":{"type":"branch","line":17,"loc":{"start":{"line":17,"column":10},"end":{"line":24,"column":5}},"locations":[{"start":{"line":17,"column":10},"end":{"line":24,"column":5}}]},"3":{"type":"branch","line":20,"loc":{"start":{"line":20,"column":18},"end":{"line":20,"column":44}},"locations":[{"start":{"line":20,"column":18},"end":{"line":20,"column":44}}]},"4":{"type":"branch","line":21,"loc":{"start":{"line":21,"column":4},"end":{"line":23,"column":5}},"locations":[{"start":{"line":21,"column":4},"end":{"line":23,"column":5}}]},"5":{"type":"branch","line":31,"loc":{"start":{"line":31,"column":10},"end":{"line":31,"column":44}},"locations":[{"start":{"line":31,"column":10},"end":{"line":31,"column":44}}]},"6":{"type":"branch","line":36,"loc":{"start":{"line":36,"column":10},"end":{"line":36,"column":44}},"locations":[{"start":{"line":36,"column":10},"end":{"line":36,"column":44}}]},"7":{"type":"branch","line":73,"loc":{"start":{"line":73,"column":62},"end":{"line":73,"column":105}},"locations":[{"start":{"line":73,"column":62},"end":{"line":73,"column":105}}]},"8":{"type":"branch","line":78,"loc":{"start":{"line":78,"column":62},"end":{"line":78,"column":105}},"locations":[{"start":{"line":78,"column":62},"end":{"line":78,"column":105}}]},"9":{"type":"branch","line":83,"loc":{"start":{"line":83,"column":62},"end":{"line":83,"column":105}},"locations":[{"start":{"line":83,"column":62},"end":{"line":83,"column":105}}]},"10":{"type":"branch","line":108,"loc":{"start":{"line":108,"column":12},"end":{"line":108,"column":55}},"locations":[{"start":{"line":108,"column":12},"end":{"line":108,"column":55}}]}},"b":{"0":[23],"1":[2],"2":[23],"3":[21],"4":[2],"5":[21],"6":[3],"7":[1],"8":[2],"9":[1],"10":[5]},"fnMap":{},"f":{}}
,"/Users/along/Desktop/AI/Relay-Pulse/server/src/lib/http-error.ts": {"path":"/Users/along/Desktop/AI/Relay-Pulse/server/src/lib/http-error.ts","all":false,"statementMap":{"0":{"start":{"line":1,"column":0},"end":{"line":1,"column":38}},"1":{"start":{"line":2,"column":0},"end":{"line":2,"column":14}},"2":{"start":{"line":3,"column":0},"end":{"line":3,"column":35}},"3":{"start":{"line":4,"column":0},"end":{"line":4,"column":19}},"4":{"start":{"line":5,"column":0},"end":{"line":5,"column":5}},"5":{"start":{"line":6,"column":0},"end":{"line":6,"column":19}},"6":{"start":{"line":7,"column":0},"end":{"line":7,"column":3}},"7":{"start":{"line":8,"column":0},"end":{"line":8,"column":1}}},"s":{"0":1,"1":1,"2":13,"3":13,"4":13,"5":13,"6":13,"7":1},"branchMap":{"0":{"type":"branch","line":2,"loc":{"start":{"line":2,"column":2},"end":{"line":7,"column":3}},"locations":[{"start":{"line":2,"column":2},"end":{"line":7,"column":3}}]}},"b":{"0":[13]},"fnMap":{"0":{"name":"HttpError","decl":{"start":{"line":2,"column":2},"end":{"line":7,"column":3}},"loc":{"start":{"line":2,"column":2},"end":{"line":7,"column":3}},"line":2}},"f":{"0":13}}
,"/Users/along/Desktop/AI/Relay-Pulse/server/src/lib/json-store.ts": {"path":"/Users/along/Desktop/AI/Relay-Pulse/server/src/lib/json-store.ts","all":false,"statementMap":{"0":{"start":{"line":1,"column":0},"end":{"line":1,"column":41}},"4":{"start":{"line":5,"column":0},"end":{"line":5,"column":27}},"5":{"start":{"line":6,"column":0},"end":{"line":6,"column":51}},"7":{"start":{"line":8,"column":0},"end":{"line":8,"column":14}},"8":{"start":{"line":9,"column":0},"end":{"line":9,"column":38}},"9":{"start":{"line":10,"column":0},"end":{"line":10,"column":36}},"10":{"start":{"line":11,"column":0},"end":{"line":11,"column":6}},"12":{"start":{"line":13,"column":0},"end":{"line":13,"column":37}},"13":{"start":{"line":14,"column":0},"end":{"line":14,"column":66}},"14":{"start":{"line":15,"column":0},"end":{"line":15,"column":9}},"15":{"start":{"line":16,"column":0},"end":{"line":16,"column":30}},"16":{"start":{"line":17,"column":0},"end":{"line":17,"column":21}},"17":{"start":{"line":18,"column":0},"end":{"line":18,"column":74}},"18":{"start":{"line":19,"column":0},"end":{"line":19,"column":48}},"19":{"start":{"line":20,"column":0},"end":{"line":20,"column":5}},"20":{"start":{"line":21,"column":0},"end":{"line":21,"column":3}},"22":{"start":{"line":23,"column":0},"end":{"line":23,"column":28}},"23":{"start":{"line":24,"column":0},"end":{"line":24,"column":21}},"24":{"start":{"line":25,"column":0},"end":{"line":25,"column":29}},"25":{"start":{"line":26,"column":0},"end":{"line":26,"column":3}},"27":{"start":{"line":28,"column":0},"end":{"line":28,"column":69}},"28":{"start":{"line":29,"column":0},"end":{"line":29,"column":19}},"29":{"start":{"line":30,"column":0},"end":{"line":30,"column":51}},"30":{"start":{"line":31,"column":0},"end":{"line":31,"column":46}},"31":{"start":{"line":32,"column":0},"end":{"line":32,"column":38}},"32":{"start":{"line":33,"column":0},"end":{"line":33,"column":37}},"33":{"start":{"line":34,"column":0},"end":{"line":34,"column":7}},"34":{"start":{"line":35,"column":0},"end":{"line":35,"column":50}},"35":{"start":{"line":36,"column":0},"end":{"line":36,"column":20}},"36":{"start":{"line":37,"column":0},"end":{"line":37,"column":18}},"37":{"start":{"line":38,"column":0},"end":{"line":38,"column":3}},"39":{"start":{"line":40,"column":0},"end":{"line":40,"column":42}},"40":{"start":{"line":41,"column":0},"end":{"line":41,"column":54}},"41":{"start":{"line":42,"column":0},"end":{"line":42,"column":9}},"42":{"start":{"line":43,"column":0},"end":{"line":43,"column":34}},"43":{"start":{"line":44,"column":0},"end":{"line":44,"column":13}},"44":{"start":{"line":45,"column":0},"end":{"line":45,"column":66}},"45":{"start":{"line":46,"column":0},"end":{"line":46,"column":5}},"46":{"start":{"line":47,"column":0},"end":{"line":47,"column":3}},"48":{"start":{"line":49,"column":0},"end":{"line":49,"column":54}},"49":{"start":{"line":50,"column":0},"end":{"line":50,"column":80}},"50":{"start":{"line":51,"column":0},"end":{"line":51,"column":9}},"51":{"start":{"line":52,"column":0},"end":{"line":52,"column":77}},"52":{"start":{"line":53,"column":0},"end":{"line":53,"column":25}},"53":{"start":{"line":54,"column":0},"end":{"line":54,"column":19}},"54":{"start":{"line":55,"column":0},"end":{"line":55,"column":9}},"55":{"start":{"line":56,"column":0},"end":{"line":56,"column":49}},"56":{"start":{"line":57,"column":0},"end":{"line":57,"column":21}},"57":{"start":{"line":58,"column":0},"end":{"line":58,"column":70}},"58":{"start":{"line":59,"column":0},"end":{"line":59,"column":18}},"59":{"start":{"line":60,"column":0},"end":{"line":60,"column":5}},"60":{"start":{"line":61,"column":0},"end":{"line":61,"column":3}},"61":{"start":{"line":62,"column":0},"end":{"line":62,"column":1}}},"s":{"0":1,"4":1,"5":37,"7":37,"8":37,"9":37,"10":37,"12":37,"13":37,"14":37,"15":37,"16":37,"17":35,"18":34,"19":34,"20":37,"22":37,"23":76,"24":76,"25":76,"27":37,"28":92,"29":92,"30":92,"31":92,"32":91,"33":92,"34":92,"35":92,"36":91,"37":92,"39":37,"40":205,"41":171,"42":171,"43":205,"44":1,"45":1,"46":205,"48":37,"49":125,"50":125,"51":125,"52":125,"53":125,"54":125,"55":125,"56":125,"57":0,"58":0,"59":0,"60":125,"61":37},"branchMap":{"0":{"type":"branch","line":5,"loc":{"start":{"line":5,"column":26},"end":{"line":62,"column":1}},"locations":[{"start":{"line":5,"column":26},"end":{"line":62,"column":1}}]},"1":{"type":"branch","line":8,"loc":{"start":{"line":8,"column":2},"end":{"line":11,"column":6}},"locations":[{"start":{"line":8,"column":2},"end":{"line":11,"column":6}}]},"2":{"type":"branch","line":13,"loc":{"start":{"line":13,"column":2},"end":{"line":21,"column":3}},"locations":[{"start":{"line":13,"column":2},"end":{"line":21,"column":3}}]},"3":{"type":"branch","line":16,"loc":{"start":{"line":16,"column":28},"end":{"line":17,"column":13}},"locations":[{"start":{"line":16,"column":28},"end":{"line":17,"column":13}}]},"4":{"type":"branch","line":17,"loc":{"start":{"line":17,"column":4},"end":{"line":20,"column":5}},"locations":[{"start":{"line":17,"column":4},"end":{"line":20,"column":5}}]},"5":{"type":"branch","line":18,"loc":{"start":{"line":18,"column":62},"end":{"line":20,"column":5}},"locations":[{"start":{"line":18,"column":62},"end":{"line":20,"column":5}}]},"6":{"type":"branch","line":18,"loc":{"start":{"line":18,"column":62},"end":{"line":18,"column":74}},"locations":[{"start":{"line":18,"column":62},"end":{"line":18,"column":74}}]},"7":{"type":"branch","line":23,"loc":{"start":{"line":23,"column":2},"end":{"line":26,"column":3}},"locations":[{"start":{"line":23,"column":2},"end":{"line":26,"column":3}}]},"8":{"type":"branch","line":28,"loc":{"start":{"line":28,"column":2},"end":{"line":38,"column":3}},"locations":[{"start":{"line":28,"column":2},"end":{"line":38,"column":3}}]},"9":{"type":"branch","line":36,"loc":{"start":{"line":36,"column":10},"end":{"line":37,"column":18}},"locations":[{"start":{"line":36,"column":10},"end":{"line":37,"column":18}}]},"10":{"type":"branch","line":30,"loc":{"start":{"line":30,"column":38},"end":{"line":34,"column":5}},"locations":[{"start":{"line":30,"column":38},"end":{"line":34,"column":5}}]},"11":{"type":"branch","line":32,"loc":{"start":{"line":32,"column":36},"end":{"line":33,"column":37}},"locations":[{"start":{"line":32,"column":36},"end":{"line":33,"column":37}}]},"12":{"type":"branch","line":35,"loc":{"start":{"line":35,"column":33},"end":{"line":35,"column":48}},"locations":[{"start":{"line":35,"column":33},"end":{"line":35,"column":48}}]},"13":{"type":"branch","line":40,"loc":{"start":{"line":40,"column":2},"end":{"line":47,"column":3}},"locations":[{"start":{"line":40,"column":2},"end":{"line":47,"column":3}}]},"14":{"type":"branch","line":41,"loc":{"start":{"line":41,"column":52},"end":{"line":44,"column":12}},"locations":[{"start":{"line":41,"column":52},"end":{"line":44,"column":12}}]},"15":{"type":"branch","line":44,"loc":{"start":{"line":44,"column":4},"end":{"line":46,"column":5}},"locations":[{"start":{"line":44,"column":4},"end":{"line":46,"column":5}}]},"16":{"type":"branch","line":49,"loc":{"start":{"line":49,"column":2},"end":{"line":61,"column":3}},"locations":[{"start":{"line":49,"column":2},"end":{"line":61,"column":3}}]},"17":{"type":"branch","line":57,"loc":{"start":{"line":57,"column":4},"end":{"line":60,"column":5}},"locations":[{"start":{"line":57,"column":4},"end":{"line":60,"column":5}}]}},"b":{"0":[37],"1":[37],"2":[37],"3":[2],"4":[35],"5":[34],"6":[1],"7":[76],"8":[92],"9":[91],"10":[92],"11":[91],"12":[1],"13":[205],"14":[171],"15":[1],"16":[125],"17":[0]},"fnMap":{"0":{"name":"<instance_members_initializer>","decl":{"start":{"line":5,"column":26},"end":{"line":62,"column":1}},"loc":{"start":{"line":5,"column":26},"end":{"line":62,"column":1}},"line":5},"1":{"name":"JsonStore","decl":{"start":{"line":8,"column":2},"end":{"line":11,"column":6}},"loc":{"start":{"line":8,"column":2},"end":{"line":11,"column":6}}
[...]
,"column":0},"end":{"line":99,"column":3}},"100":{"start":{"line":101,"column":0},"end":{"line":101,"column":48}},"101":{"start":{"line":102,"column":0},"end":{"line":102,"column":51}},"102":{"start":{"line":103,"column":0},"end":{"line":103,"column":53}},"103":{"start":{"line":104,"column":0},"end":{"line":104,"column":67}},"104":{"start":{"line":105,"column":0},"end":{"line":105,"column":3}},"106":{"start":{"line":107,"column":0},"end":{"line":107,"column":56}},"107":{"start":{"line":108,"column":0},"end":{"line":108,"column":63}},"108":{"start":{"line":109,"column":0},"end":{"line":109,"column":20}},"109":{"start":{"line":110,"column":0},"end":{"line":110,"column":31}},"110":{"start":{"line":111,"column":0},"end":{"line":111,"column":3}},"112":{"start":{"line":113,"column":0},"end":{"line":113,"column":58}},"113":{"start":{"line":114,"column":0},"end":{"line":114,"column":38}},"114":{"start":{"line":115,"column":0},"end":{"line":115,"column":23}},"115":{"start":{"line":116,"column":0},"end":{"line":116,"column":23}},"116":{"start":{"line":117,"column":0},"end":{"line":117,"column":44}},"117":{"start":{"line":118,"column":0},"end":{"line":118,"column":3}},"119":{"start":{"line":120,"column":0},"end":{"line":120,"column":100}},"120":{"start":{"line":121,"column":0},"end":{"line":121,"column":33}},"121":{"start":{"line":122,"column":0},"end":{"line":122,"column":9}},"122":{"start":{"line":123,"column":0},"end":{"line":123,"column":41}},"123":{"start":{"line":124,"column":0},"end":{"line":124,"column":13}},"124":{"start":{"line":125,"column":0},"end":{"line":125,"column":24}},"125":{"start":{"line":126,"column":0},"end":{"line":126,"column":5}},"126":{"start":{"line":127,"column":0},"end":{"line":127,"column":69}},"127":{"start":{"line":128,"column":0},"end":{"line":128,"column":61}},"128":{"start":{"line":129,"column":0},"end":{"line":129,"column":19}},"129":{"start":{"line":130,"column":0},"end":{"line":130,"column":33}},"130":{"start":{"line":131,"column":0},"end":{"line":131,"column":21}},"131":{"start":{"line":132,"column":0},"end":{"line":132,"column":23}},"132":{"start":{"line":133,"column":0},"end":{"line":133,"column":12}},"133":{"start":{"line":134,"column":0},"end":{"line":134,"column":23}},"134":{"start":{"line":135,"column":0},"end":{"line":135,"column":21}},"135":{"start":{"line":136,"column":0},"end":{"line":136,"column":18}},"136":{"start":{"line":137,"column":0},"end":{"line":137,"column":40}},"137":{"start":{"line":138,"column":0},"end":{"line":138,"column":32}},"138":{"start":{"line":139,"column":0},"end":{"line":139,"column":114}},"139":{"start":{"line":140,"column":0},"end":{"line":140,"column":44}},"140":{"start":{"line":141,"column":0},"end":{"line":141,"column":23}},"141":{"start":{"line":142,"column":0},"end":{"line":142,"column":23}},"142":{"start":{"line":143,"column":0},"end":{"line":143,"column":24}},"143":{"start":{"line":144,"column":0},"end":{"line":144,"column":24}},"144":{"start":{"line":145,"column":0},"end":{"line":145,"column":24}},"145":{"start":{"line":146,"column":0},"end":{"line":146,"column":30}},"146":{"start":{"line":147,"column":0},"end":{"line":147,"column":16}},"147":{"start":{"line":148,"column":0},"end":{"line":148,"column":77}},"148":{"start":{"line":149,"column":0},"end":{"line":149,"column":40}},"149":{"start":{"line":150,"column":0},"end":{"line":150,"column":6}},"150":{"start":{"line":151,"column":0},"end":{"line":151,"column":3}},"151":{"start":{"line":152,"column":0},"end":{"line":152,"column":1}}},"s":{"0":1,"15":5,"16":5,"17":5,"18":5,"19":5,"20":5,"21":5,"22":5,"23":5,"24":17,"25":30,"26":30,"27":30,"28":30,"29":5,"30":5,"31":30,"32":17,"33":5,"34":5,"35":5,"37":1,"38":13,"40":13,"41":13,"42":13,"43":13,"44":13,"46":13,"47":14,"48":14,"49":14,"50":14,"51":14,"53":12,"54":12,"55":12,"56":12,"57":12,"58":12,"59":12,"60":12,"61":12,"62":14,"63":14,"64":12,"65":12,"66":12,"67":10,"68":10,"69":12,"70":12,"71":12,"72":12,"73":12,"74":14,"76":13,"77":3,"78":3,"79":3,"80":3,"81":3,"82":3,"83":3,"84":3,"85":3,"86":3,"87":3,"88":16,"89":8,"90":8,"91":16,"92":16,"93":16,"94":8,"95":8,"96":3,"97":3,"98":3,"100":13,"101":2,"102":2,"103":2,"104":2,"106":13,"107":12,"108":12,"109":12,"110":12,"112":13,"113":12,"114":12,"115":12,"116":12,"117":12,"119":13,"120":8,"121":8,"122":8,"123":7,"124":1,"125":1,"126":8,"127":8,"128":5,"129":3,"130":1,"131":2,"132":8,"133":8,"134":8,"135":8,"136":8,"137":8,"138":8,"139":8,"140":8,"141":8,"142":8,"143":8,"144":8,"145":8,"146":8,"147":8,"148":8,"149":8,"150":8,"151":13},"branchMap":{"0":{"type":"branch","line":16,"loc":{"start":{"line":16,"column":0},"end":{"line":36,"column":1}},"locations":[{"start":{"line":16,"column":0},"end":{"line":36,"column":1}}]},"1":{"type":"branch","line":20,"loc":{"start":{"line":20,"column":30},"end":{"line":20,"column":41}},"locations":[{"start":{"line":20,"column":30},"end":{"line":20,"column":41}}]},"2":{"type":"branch","line":24,"loc":{"start":{"line":24,"column":2},"end":{"line":33,"column":3}},"locations":[{"start":{"line":24,"column":2},"end":{"line":33,"column":3}}]},"3":{"type":"branch","line":25,"loc":{"start":{"line":25,"column":27},"end":{"line":25,"column":52}},"locations":[{"start":{"line":25,"column":27},"end":{"line":25,"column":52}}]},"4":{"type":"branch","line":25,"loc":{"start":{"line":25,"column":52},"end":{"line":32,"column":5}},"locations":[{"start":{"line":25,"column":52},"end":{"line":32,"column":5}}]},"5":{"type":"branch","line":28,"loc":{"start":{"line":28,"column":82},"end":{"line":29,"column":15}},"locations":[{"start":{"line":28,"column":82},"end":{"line":29,"column":15}}]},"6":{"type":"branch","line":29,"loc":{"start":{"line":29,"column":6},"end":{"line":31,"column":7}},"locations":[{"start":{"line":29,"column":6},"end":{"line":31,"column":7}}]},"7":{"type":"branch","line":35,"loc":{"start":{"line":35,"column":47},"end":{"line":35,"column":102}},"locations":[{"start":{"line":35,"column":47},"end":{"line":35,"column":102}}]},"8":{"type":"branch","line":35,"loc":{"start":{"line":35,"column":74},"end":{"line":35,"column":102}},"locations":[{"start":{"line":35,"column":74},"end":{"line":35,"column":102}}]},"9":{"type":"branch","line":38,"loc":{"start":{"line":38,"column":29},"end":{"line":152,"column":1}},"locations":[{"start":{"line":38,"column":29},"end":{"line":152,"column":1}}]},"10":{"type":"branch","line":41,"loc":{"start":{"line":41,"column":2},"end":{"line":45,"column":6}},"locations":[{"start":{"line":41,"column":2},"end":{"line":45,"column":6}}]},"11":{"type":"branch","line":47,"loc":{"start":{"line":47,"column":2},"end":{"line":75,"column":3}},"locations":[{"start":{"line":47,"column":2},"end":{"line":75,"column":3}}]},"12":{"type":"branch","line":51,"loc":{"start":{"line":51,"column":43},"end":{"line":52,"column":30}},"locations":[{"start":{"line":51,"column":43},"end":{"line":52,"column":30}}]},"13":{"type":"branch","line":52,"loc":{"start":{"line":52,"column":24},"end":{"line":52,"column":60}},"locations":[{"start":{"line":52,"column":24},"end":{"line":52,"column":60}}]},"14":{"type":"branch","line":52,"loc":{"start":{"line":52,"column":58},"end":{"line":63,"column":37}},"locations":[{"start":{"line":52,"column":58},"end":{"line":63,"column":37}}]},"15":{"type":"branch","line":63,"loc":{"start":{"line":63,"column":12},"end":{"line":63,"column":37}},"locations":[{"start":{"line":63,"column":12},"end":{"line":63,"column":37}}]},"16":{"type":"branch","line":64,"loc":{"start":{"line":64,"column":16},"end":{"line":64,"column":33}},"locations":[{"start":{"line":64,"column":16},"end":{"line":64,"column":33}}]},"17":{"type":"branch","line":64,"loc":{"start":{"line":64,"column":33},"end":{"line":64,"column":52}},"locations":[{"start":{"line":64,"column":33},"end":{"line":64,"column":52}}]},"18":{"type":"branch","line":64,"loc":{"start":{"line":64,"column":50},"end":{"line":74,"column":5}},"locations":[{"start":{"line":64,"column":50},"end":{"line":74,"column":5}}]},"19":{"type":"branch","line":67,"loc":{"start":{"line":67,"column":92},"end":{"line":70,"column":6}},"locations":[{"start":{"line":67,"column":92},"end":{"line":70,"column":6}}]},"20":{"type":"branch","line":71,"loc":{"start":{"line":71,"column":14},"end":{"line":71,"column":42}},"locations":[{"start":{"line":71,"column":14},"end":{"line":71,"column":42}}]},"21":{"type":"branch","line":58,"loc":{"start":{"line":58,"column":36},"end":{"line":60,"column":7}},"locations":[{"start":{"line":58,"column":36},"end":{"line":60,"column":7}}]},"22":{"type":"branch","line":62,"loc":{"start":{"line":62,"column":18},"end":{"line":62,"column":49}},"locations":[{"start":{"line":62,"column":18},"end":{"line":62,"column":49}}]},"23":{"type":"branch","line":77,"loc":{"start":{"line":77,"column":2},"end":{"line":99,"column":3}},"locations":[{"start":{"line":77,"column":2},"end":{"line":99,"column":3}}]},"24":{"type":"branch","line":84,"loc":{"start":{"line":84,"column":6},"end":{"line":84,"column":87}},"locations":[{"start":{"line":84,"column":6},"end":{"line":84,"column":87}}]},"25":{"type":"branch","line":85,"loc":{"start":{"line":85,"column":6},"end":{"line":85,"column":44}},"locations":[{"start":{"line":85,"column":6},"end":{"line":85,"column":44}}]},"26":{"type":"branch","line":85,"loc":{"start":{"line":85,"column":20},"end":{"line":85,"column":39}},"locations":[{"start":{"line":85,"column":20},"end":{"line":85,"column":39}}]},"27":{"type":"branch","line":85,"loc":{"start":{"line":85,"column":28},"end":{"line":85,"column":44}},"locations":[{"start":{"line":85,"column":28},"end":{"line":85,"column":44}}]},"28":{"type":"branch","line":88,"loc":{"start":{"line":88,"column":18},"end":{"line":97,"column":7}},"locations":[{"start":{"line":88,"column":18},"end":{"line":97,"column":7}}]},"29":{"type":"branch","line":89,"loc":{"start":{"line":89,"column":41},"end":{"line":92,"column":40}},"locations":[{"start":{"line":89,"column":41},"end":{"line":92,"column":40}}]},"30":{"type":"branch","line":92,"loc":{"start":{"line":92,"column":26},"end":{"line":92,"column":72}},"locations":[{"start":{"line":92,"column":26},"end":{"line":92,"column":72}}]},"31":{"type":"branch","line":92,"loc":{"start":{"line":92,"column":68},"end":{"line":92,"column":84}},"locations":[{"start":{"line":92,"column":68},"end":{"line":92,"column":84}}]},"32":{"type":"branch","line":93,"loc":{"start":{"line":93,"column":26},"end":{"line":93,"column":73}},"locations":[{"start":{"line":93,"column":26},"end":{"line":93,"column":73}}]},"33":{"type":"branch","line":93,"loc":{"start":{"line":93,"column":49},"end":{"line":93,"column":69}},"locations":[{"start":{"line":93,"column":49},"end":{"line":93,"column":69}}]},"34":{"type":"branch","line":94,"loc":{"start":{"line":94,"column":8},"end":{"line":96,"column":22}},"locations":[{"start":{"line":94,"column":8},"end":{"line":96,"column":22}}]},"35":{"type":"branch","line":101,"loc":{"start":{"line":101,"column":2},"end":{"line":105,"column":3}},"locations":[{"start":{"line":101,"column":2},"end":{"line":105,"column":3}}]},"36":{"type":"branch","line":102,"loc":{"start":{"line":102,"column":41},"end":{"line":102,"column":49}},"locations":[{"start":{"line":102,"column":41},"end":{"line":102,"column":49}}]},"37":{"type":"branch","line":103,"loc":{"start":{"line":103,"column":18},"end":{"line":103,"column":51}},"locations":[{"start":{"line":103,"column":18},"end":{"line":103,"column":51}}]},"38":{"type":"branch","line":104,"loc":{"start":{"line":104,"column":39},"end":{"line":104,"column":64}},"locations":[{"start":{"line":104,"column":39},"end":{"line":104,"column":64}}]},"39":{"type":"branch","line":107,"loc":{"start":{"line":107,"column":10},"end":{"line":111,"column":3}},"locations":[{"start":{"line":107,"column":10},"end":{"line":111,"column":3}}]},"40":{"type":"branch","line":113,"loc":{"start":{"line":113,"column":10},"end":{"line":118,"column":3}},"locations":[{"start":{"line":113,"column":10},"end":{"line":118,"column":3}}]},"41":{"type":"branch","line":115,"loc":{"start":{"line":115,"column":16},"end":{"line":115,"column":23}},"locations":[{"start":{"line":115,"column":16},"end":{"line":115,"column":23}}]},"42":{"type":"branch","line":120,"loc":{"start":{"line":120,"column":2},"end":{"line":151,"column":3}},"locations":[{"start":{"line":120,"column":2},"end":{"line":151,"column":3}}]},"43":{"type":"branch","line":123,"loc":{"start":{"line":123,"column":39},"end":{"line":126,"column":5}},"locations":[{"start":{"line":123,"column":39},"end":{"line":126,"column":5}}]},"44":{"type":"branch","line":124,"loc":{"start":{"line":124,"column":4},"end":{"line":126,"column":5}},"locations":[{"start":{"line":124,"column":4},"end":{"line":126,"column":5}}]},"45":{"type":"branch","line":127,"loc":{"start":{"line":127,"column":39},"end":{"line":127,"column":59}},"locations":[{"start":{"line":127,"column":39},"end":{"line":127,"column":59}}]},"46":{"type":"branch","line":127,"loc":{"start":{"line":127,"column":51},"end":{"line":127,"column":69}},"locations":[{"start":{"line":127,"column":51},"end":{"line":127,"column":69}}]},"47":{"type":"branch","line":128,"loc":{"start":{"line":128,"column":52},"end":{"line":129,"column":19}},"locations":[{"start":{"line":128,"column":52},"end":{"line":129,"column":19}}]},"48":{"type":"branch","line":129,"loc":{"start":{"line":129,"column":8},"end":{"line":132,"column":23}},"locations":[{"start":{"line":129,"column":8},"end":{"line":132,"column":23}}]},"49":{"type":"branch","line":130,"loc":{"start":{"line":130,"column":8},"end":{"line":130,"column":30}},"locations":[{"start":{"line":130,"column":8},"end":{"line":130,"column":30}}]},"50":{"type":"branch","line":130,"loc":{"start":{"line":130,"column":30},"end":{"line":131,"column":21}},"locations":[{"start":{"line":130,"column":30},"end":{"line":131,"column":21}}]},"51":{"type":"branch","line":131,"loc":{"start":{"line":131,"column":10},"end":{"line":132,"column":23}},"locations":[{"start":{"line":131,"column":10},"end":{"line":132,"column":23}}]},"52":{"type":"branch","line":137,"loc":{"start":{"line":137,"column":17},"end":{"line":137,"column":32}},"locations":[{"start":{"line":137,"column":17},"end":{"line":137,"column":32}}]},"53":{"type":"branch","line":137,"loc":{"start":{"line":137,"column":24},"end":{"line":137,"column":40}},"locations":[{"start":{"line":137,"column":24},"end":{"line":137,"column":40}}]},"54":{"type":"branch","line":138,"loc":{"start":{"line":138,"column":13},"end":{"line":138,"column":29}},"locations":[{"start":{"line":138,"column":13},"end":{"line":138,"column":29}}]},"55":{"type":"branch","line":138,"loc":{"start":{"line":138,"column":20},"end":{"line":138,"column":32}},"locations":[{"start":{"line":138,"column":20},"end":{"line":138,"column":32}}]},"56":{"type":"branch","line":139,"loc":{"start":{"line":139,"column":16},"end":{"line":139,"column":36}},"locations":[{"start":{"line":139,"column":16},"end":{"line":139,"column":36}}]},"57":{"type":"branch","line":139,"loc":{"start":{"line":139,"column":36},"end":{"line":139,"column":64}},"locations":[{"start":{"line":139,"column":36},"end":{"line":139,"column":64}}]},"58":{"type":"branch","line":139,"loc":{"start":{"line":139,"column":64},"end":{"line":139,"column":84}},"locations":[{"start":{"line":139,"column":64},"end":{"line":139,"column":84}}]},"59":{"type":"branch","line":139,"loc":{"start":{"line":139,"column":84},"end":{"line":139,"column":102}},"locations":[{"start":{"line":139,"column":84},"end":{"line":139,"column":102}}]},"60":{"type":"branch","line":139,"loc":{"start":{"line":139,"column":93},"end":{"line":139,"column":114}},"locations":[{"start":{"line":139,"column":93},"end":{"line":139,"column":114}}]},"61":{"type":"branch","line":140,"loc":{"start":{"line":140,"column":18},"end":{"line":140,"column":39}},"locations":[{"start":{"line":140,"column":18},"end":{"line":140,"column":39}}]},"62":{"type":"branch","line":140,"loc":{"start":{"line":140,"column":29},"end":{"line":140,"column":44}},"locations":[{"start":{"line":140,"column":29},"end":{"line":140,"column":44}}]},"63":{"type":"branch","line":148,"loc":{"start":{"line":148,"column":20},"end":{"line":148,"column":44}},"locations":[{"start":{"line":148,"column":20},"end":{"line":148,"column":44}}]},"64":{"type":"branch","line":148,"loc":{"start":{"line":148,"column":32},"end":{"line":148,"column":77}},"locations":[{"start":{"line":148,"column":32},"end":{"line":148,"column":77}}]},"65":{"type":"branch","line":148,"loc":{"start":{"line":148,"column":44},"end":{"line":148,"column":66}},"locations":[{"start":{"line":148,"column":44},"end":{"line":148,"column":66}}]},"66":{"type":"branch","line":148,"loc":{"start":{"line":148,"column":55},"end":{"line":148,"column":77}},"locations":[{"start":{"line":148,"column":55},"end":{"line":148,"column":77}}]}},"b":{"0":[5],"1":[16],"2":[17],"3":[36],"4":[30],"5":[25],"6":[5],"7":[37],"8":[7],"9":[13],"10":[13],"11":[14],"12":[13],"13":[1],"14":[12],"15":[6],"16":[6],"17":[0],"18":[12],"19":[10],"20":[6],"21":[12],"22":[4],"23":[3],"24":[12],"25":[16],"26":[11],"27":[5],"28":[16],"29":[8],"30":[4],"31":[4],"32":[4],"33":[3],"34":[8],"35":[2],"36":[1],"37":[1],"38":[1],"39":[12],"40":[12],"41":[0],"42":[8],"43":[7],"44":[1],"45":[6],"46":[2],"47":[5],"48":[3],"49":[2],"50":[1],"51":[2],"52":[7],"53":[1],"54":[7],"55":[1],"56":[7],"57":[0],"58":[7],"59":[6],"60":[2],"61":[6],"62":[2],"63":[5],"64":[3],"65":[2],"66":[1]},"fnMap":{"0":{"name":"runConcurrent","decl":{"start":{"line":16,"column":0},"end":{"line":36,"column":1}},"loc":{"start":{"line":16,"column":0},"end":{"line":36,"column":1}},"line":16},"1":{"name":"shouldStop","decl":{"start":{"line":20,"column":30},"end":{"line":20,"column":41}},"loc":{"start":{"line":20,"column":30},"end":{"line":20,"column":41}},"line":20},"2":{"name":"consume","decl":{"start":{"line":24,"column":2},"end":{"line":33,"column":3}},"loc":{"start":{"line":24,"column":2},"end":{"line":33,"column":3}},"line":24},"3":{"name":"<instance_members_initializer>","decl":{"start":{"line":38,"column":29},"end":{"line":152,"column":1}},"loc":{"start":{"line":38,"column":29},"end":{"line":152,"column":1}},"line":38},"4":{"name":"TestCoordinator","decl":{"start":{"line":41,"column":2},"end":{"line":45,"column":6}},"loc":{"start":{"line":41,"column":2},"end":{"line":45,"column":6}},"line":41},"5":{"name":"testRelay","decl":{"start":{"line":47,"column":2},"end":{"line":75,"column":3}},"loc":{"start":{"line":47,"column":2},"end":{"line":75,"column":3}},"line":47},"6":{"name":"activeTest.completion","decl":{"start":{"line":58,"column":36},"end":{"line":60,"column":7}},"loc":{"start":{"line":58,"column":36},"end":{"line":60,"column":7}},"line":58},"7":{"name":"abort","decl":{"start":{"line":62,"column":18},"end":{"line":62,"column":49}},"loc":{"start":{"line":62,"column":18},"end":{"line":62,"column":49}},"line":62},"8":{"name":"batchTest","decl":{"start":{"line":77,"column":2},"end":{"line":99,"column":3}},"loc":{"start":{"line":77,"column":2},"end":{"line":99,"column":3}},"line":77},"9":{"name":"settled","decl":{"start":{"line":84,"column":6},"end":{"line":84,"column":87}},"loc":{"start":{"line":84,"column":6},"end":{"line":84,"column":87}},"line":84},"10":{"name":"cancelRelay","decl":{"start":{"line":101,"column":2},"end":{"line":105,"column":3}},"loc":{"start":{"line":101,"column":2},"end":{"line":105,"column":3}},"line":101},"11":{"name":"register","decl":{"start":{"line":107,"column":10},"end":{"line":111,"column":3}},"loc":{"start":{"line":107,"column":10},"end":{"line":111,"column":3}},"line":107},"12":{"name":"unregister","decl":{"start":{"line":113,"column":10},"end":{"line":118,"column":3}},"loc":{"start":{"line":113,"column":10},"end":{"line":118,"column":3}},"line":113},"13":{"name":"failureResult","decl":{"start":{"line":120,"column":2},"end":{"line":151,"column":3}},"loc":{"start":{"line":120,"column":2},"end":{"line":151,"column":3}},"line":120}},"f":{"0":5,"1":16,"2":17,"3":13,"4":13,"5":14,"6":12,"7":4,"8":3,"9":12,"10":2,"11":12,"12":12,"13":8}}
}
