{"/Users/along/Desktop/AI/Relay-Pulse/client/public/theme-bootstrap.js": {"path":"/Users/along/Desktop/AI/Relay-Pulse/client/public/theme-bootstrap.js","all":true,"statementMap":{"0":{"start":{"line":1,"column":0},"end":{"line":1,"column":8}},"1":{"start":{"line":2,"column":0},"end":{"line":2,"column":7}},"2":{"start":{"line":3,"column":0},"end":{"line":3,"column":60}},"3":{"start":{"line":4,"column":0},"end":{"line":4,"column":53}},"4":{"start":{"line":5,"column":0},"end":{"line":5,"column":50}},"5":{"start":{"line":6,"column":0},"end":{"line":6,"column":121}},"6":{"start":{"line":7,"column":0},"end":{"line":7,"column":11}},"7":{"start":{"line":8,"column":0},"end":{"line":8,"column":53}},"8":{"start":{"line":9,"column":0},"end":{"line":9,"column":3}},"9":{"start":{"line":10,"column":0},"end":{"line":10,"column":5}}},"s":{"0":0,"1":0,"2":0,"3":0,"4":0,"5":0,"6":0,"7":0,"8":0,"9":0},"branchMap":{"0":{"type":"branch","line":1,"loc":{"start":{"line":1,"column":380},"end":{"line":10,"column":5}},"locations":[{"start":{"line":1,"column":380},"end":{"line":10,"column":5}}]}},"b":{"0":[0]},"fnMap":{"0":{"name":"(empty-report)","decl":{"start":{"line":1,"column":380},"end":{"line":10,"column":5}},"loc":{"start":{"line":1,"column":380},"end":{"line":10,"column":5}},"line":1}},"f":{"0":0}}
,"/Users/along/Desktop/AI/Relay-Pulse/client/src/App.vue": {"path":"/Users/along/Desktop/AI/Relay-Pulse/client/src/App.vue","all":true,"statementMap":{"0":{"start":{"line":1,"column":0},"end":{"line":1,"column":24}},"1":{"start":{"line":2,"column":0},"end":{"line":2,"column":44}},"2":{"start":{"line":3,"column":0},"end":{"line":3,"column":67}},"3":{"start":{"line":4,"column":0},"end":{"line":4,"column":50}},"4":{"start":{"line":5,"column":0},"end":{"line":5,"column":47}},"5":{"start":{"line":6,"column":0},"end":{"line":6,"column":51}},"7":{"start":{"line":8,"column":0},"end":{"line":8,"column":35}},"8":{"start":{"line":9,"column":0},"end":{"line":9,"column":37}},"9":{"start":{"line":10,"column":0},"end":{"line":10,"column":84}},"10":{"start":{"line":11,"column":0},"end":{"line":11,"column":10}},"11":{"start":{"line":12,"column":0},"end":{"line":12,"column":60}},"12":{"start":{"line":13,"column":0},"end":{"line":13,"column":57}},"13":{"start":{"line":14,"column":0},"end":{"line":14,"column":20}},"14":{"start":{"line":15,"column":0},"end":{"line":15,"column":69}},"15":{"start":{"line":16,"column":0},"end":{"line":16,"column":3}},"16":{"start":{"line":17,"column":0},"end":{"line":17,"column":4}},"18":{"start":{"line":19,"column":0},"end":{"line":19,"column":19}},"19":{"start":{"line":20,"column":0},"end":{"line":20,"column":80}},"20":{"start":{"line":21,"column":0},"end":{"line":21,"column":121}},"21":{"start":{"line":22,"column":0},"end":{"line":22,"column":3}},"25":{"start":{"line":26,"column":0},"end":{"line":26,"column":54}},"26":{"start":{"line":27,"column":0},"end":{"line":27,"column":17}},"27":{"start":{"line":28,"column":0},"end":{"line":28,"column":19}}},"s":{"0":0,"1":0,"2":0,"3":0,"4":0,"5":0,"7":0,"8":0,"9":0,"10":0,"11":0,"12":0,"13":0,"14":0,"15":0,"16":0,"18":0,"19":0,"20":0,"21":0,"25":0,"26":0,"27":0},"branchMap":{"0":{"type":"branch","line":1,"loc":{"start":{"line":1,"column":1033},"end":{"line":29,"column":11}},"locations":[{"start":{"line":1,"column":1033},"end":{"line":29,"column":11}}]}},"b":{"0":[0]},"fnMap":{"0":{"name":"(empty-report)","decl":{"start":{"line":1,"column":1033},"end":{"line":29,"column":11}},"loc":{"start":{"line":1,"column":1033},"end":{"line":29,"column":11}},"line":1}},"f":{"0":0}}
,"/Users/along/Desktop/AI/Relay-Pulse/client/src/main.ts": {"path":"/Users/along/Desktop/AI/Relay-Pulse/client/src/main.ts","all":true,"statementMap":{"0":{"start":{"line":1,"column":0},"end":{"line":1,"column":32}},"1":{"start":{"line":2,"column":0},"end":{"line":2,"column":36}},"28":{"start":{"line":29,"column":0},"end":{"line":29,"column":24}},"29":{"start":{"line":30,"column":0},"end":{"line":30,"column":28}},"30":{"start":{"line":31,"column":0},"end":{"line":31,"column":34}},"31":{"start":{"line":32,"column":0},"end":{"line":32,"column":39}},"32":{"start":{"line":33,"column":0},"end":{"line":33,"column":22}},"34":{"start":{"line":35,"column":0},"end":{"line":35,"column":24}},"35":{"start":{"line":36,"column":0},"end":{"line":36,"column":10}},"36":{"start":{"line":37,"column":0},"end":{"line":37,"column":26}},"37":{"start":{"line":38,"column":0},"end":{"line":38,"column":8}},"38":{"start":{"line":39,"column":0},"end":{"line":39,"column":90}},"39":{"start":{"line":40,"column":0},"end":{"line":40,"column":60}},"40":{"start":{"line":41,"column":0},"end":{"line":41,"column":7}},"41":{"start":{"line":42,"column":0},"end":{"line":42,"column":29}},"42":{"start":{"line":43,"column":0},"end":{"line":43,"column":5}},"43":{"start":{"line":44,"column":0},"end":{"line":44,"column":4}},"44":{"start":{"line":45,"column":0},"end":{"line":45,"column":6}},"45":{"start":{"line":46,"column":0},"end":{"line":46,"column":2}},"47":{"start":{"line":48,"column":0},"end":{"line":48,"column":58}},"48":{"start":{"line":49,"column":0},"end":{"line":49,"column":1}},"49":{"start":{"line":50,"column":0},"end":{"line":50,"column":8}},"50":{"start":{"line":51,"column":0},"end":{"line":51,"column":15}},"51":{"start":{"line":52,"column":0},"end":{"line":52,"column":8}},"52":{"start":{"line":53,"column":0},"end":{"line":53,"column":9}},"53":{"start":{"line":54,"column":0},"end":{"line":54,"column":6}},"54":{"start":{"line":55,"column":0},"end":{"line":55,"column":13}},"55":{"start":{"line":56,"column":0},"end":{"line":56,"column":9}},"56":{"start":{"line":57,"column":0},"end":{"line":57,"column":11}},"57":{"start":{"line":58,"column":0},"end":{"line":58,"column":8}},"58":{"start":{"line":59,"column":0},"end":{"line":59,"column":7}},"59":{"start":{"line":60,"column":0},"end":{"line":60,"column":8}},"60":{"start":{"line":61,"column":0},"end":{"line":61,"column":14}},"61":{"start":{"line":62,"column":0},"end":{"line":62,"column":7}},"62":{"start":{"line":63,"column":0},"end":{"line":63,"column":7}},"63":{"start":{"line":64,"column":0},"end":{"line":64,"column":8}},"64":{"start":{"line":65,"column":0},"end":{"line":65,"column":11}},"65":{"start":{"line":66,"column":0},"end":{"line":66,"column":6}},"66":{"start":{"line":67,"column":0},"end":{"line":67,"column":12}},"67":{"start":{"line":68,"column":0},"end":{"line":68,"column":9}},"68":{"start":{"line":69,"column":0},"end":{"line":69,"column":8}},"69":{"start":{"line":70,"column":0},"end":{"line":70,"column":7}},"70":{"start":{"line":71,"column":0},"end":{"line":71,"column":9}},"71":{"start":{"line":72,"column":0},"end":{"line":72,"column":8}},"72":{"start":{"line":73,"column":0},"end":{"line":73,"column":6}},"73":{"start":{"line":74,"column":0},"end":{"line":74,"column":9}},"74":{"start":{"line":75,"column":0},"end":{"line":75,"column":45}},"75":{"start":{"line":76,"column":0},"end":{"line":76,"column":18}}},"s":{"0":0,"1":0,"28":0,"29":0,"30":0,"31":0,"32":0,"34":0,"35":0,"36":0,"37":0,"38":0,"39":0,"40":0,"41":0,"42":0,"43":0,"44":0,"45":0,"47":0,"48":0,"49":0,"50":0,"51":0,"52":0,"53":0,"54":0,"55":0,"56":0,"57":0,"58":0,"59":0,"60":0,"61":0,"62":0,"63":0,"64":0,"65":0,"66":0,"67":0,"68":0,"69":0,"70":0,"71":0,"72":0,"73":0,"74":0,"75":0},"branchMap":{"0":{"type":"branch","line":1,"loc":{"start":{"line":1,"column":0},"end":{"line":76,"column":-416}},"locations":[{"start":{"line":1,"column":0},"end":{"line":76,"column":-416}}]}},"b":{"0":[0]},"fnMap":{"0":{"name":"(empty-report)","decl":{"start":{"line":1,"column":0},"end":{"line":76,"column":-416}},"loc":{"start":{"line":1,"column":0},"end":{"line":76,"column":-416}},"line":1}},"f":{"0":0}}
,"/Users/along/Desktop/AI/Relay-Pulse/client/src/router.ts": {"path":"/Users/along/Desktop/AI/Relay-Pulse/client/src/router.ts","all":true,"statementMap":{"0":{"start":{"line":1,"column":0},"end":{"line":1,"column":82}},"9":{"start":{"line":10,"column":0},"end":{"line":10,"column":86}},"11":{"start":{"line":12,"column":0},"end":{"line":12,"column":36}},"12":{"start":{"line":13,"column":0},"end":{"line":13,"column":94}},"13":{"start":{"line":14,"column":0},"end":{"line":14,"column":11}},"14":{"start":{"line":15,"column":0},"end":{"line":15,"column":63}},"15":{"start":{"line":16,"column":0},"end":{"line":16,"column":76}},"16":{"start":{"line":17,"column":0},"end":{"line":17,"column":95}},"17":{"start":{"line":18,"column":0},"end":{"line":18,"column":84}},"18":{"start":{"line":19,"column":0},"end":{"line":19,"column":85}},"19":{"start":{"line":20,"column":0},"end":{"line":20,"column":76}},"20":{"start":{"line":21,"column":0},"end":{"line":21,"column":3}},"21":{"start":{"line":22,"column":0},"end":{"line":22,"column":3}}},"s":{"0":0,"9":0,"11":0,"12":0,"13":0,"14":0,"15":0,"16":0,"17":0,"18":0,"19":0,"20":0,"21":0},"branchMap":{"0":{"type":"branch","line":1,"loc":{"start":{"line":1,"column":0},"end":{"line":22,"column":-525}},"locations":[{"start":{"line":1,"column":0},"end":{"line":22,"column":-525}}]}},"b":{"0":[0]},"fnMap":{"0":{"name":"(empty-report)","decl":{"start":{"line":1,"column":0},"end":{"line":22,"column":-525}},"loc":{"start":{"line":1,"column":0},"end":{"line":22,"column":-525}},"line":1}},"f":{"0":0}}
,"/Users/along/Desktop/AI/Relay-Pulse/client/src/types.ts": {"path":"/Users/along/Desktop/AI/Relay-Pulse/client/src/types.ts","all":true,"statementMap":{},"s":{},"branchMap":{"0":{"type":"branch","line":1,"loc":{"start":{"line":1,"column":16157},"end":{"line":686,"column":91}},"locations":[{"start":{"line":1,"column":16157},"end":{"line":686,"column":91}}]}},"b":{"0":[1]},"fnMap":{"0":{"name":"(empty-report)","decl":{"start":{"line":1,"column":16157},"end":{"line":686,"column":91}},"loc":{"start":{"line":1,"column":16157},"end":{"line":686,"column":91}},"line":1}},"f":{"0":1}}
,"/Users/along/Desktop/AI/Relay-Pulse/client/src/api/codex-accounts.ts": {"path":"/Users/along/Desktop/AI/Relay-Pulse/client/src/api/codex-accounts.ts","all":true,"statementMap":{"0":{"start":{"line":1,"column":0},"end":{"line":1,"column":13}},"14":{"start":{"line":15,"column":0},"end":{"line":15,"column":86}},"15":{"start":{"line":16,"column":0},"end":{"line":16,"column":57}},"16":{"start":{"line":17,"column":0},"end":{"line":17,"column":36}},"17":{"start":{"line":18,"column":0},"end":{"line":18,"column":18}},"18":{"start":{"line":19,"column":0},"end":{"line":19,"column":42}},"19":{"start":{"line":20,"column":0},"end":{"line":20,"column":2}},"31":{"start":{"line":32,"column":0},"end":{"line":32,"column":32}},"32":{"start":{"line":33,"column":0},"end":{"line":33,"column":71}},"33":{"start":{"line":34,"column":0},"end":{"line":34,"column":1}},"35":{"start":{"line":36,"column":0},"end":{"line":36,"column":88}},"36":{"start":{"line":37,"column":0},"end":{"line":37,"column":18}},"37":{"start":{"line":38,"column":0},"end":{"line":38,"column":96}},"38":{"start":{"line":39,"column":0},"end":{"line":39,"column":1}},"40":{"start":{"line":41,"column":0},"end":{"line":41,"column":108}},"41":{"start":{"line":42,"column":0},"end":{"line":42,"column":18}},"42":{"start":{"line":43,"column":0},"end":{"line":43,"column":116}},"43":{"start":{"line":44,"column":0},"end":{"line":44,"column":1}},"45":{"start":{"line":46,"column":0},"end":{"line":46,"column":122}},"46":{"start":{"line":47,"column":0},"end":{"line":47,"column":18}},"47":{"start":{"line":48,"column":0},"end":{"line":48,"column":117}},"48":{"start":{"line":49,"column":0},"end":{"line":49,"column":1}},"50":{"start":{"line":51,"column":0},"end":{"line":51,"column":69}},"51":{"start":{"line":52,"column":0},"end":{"line":52,"column":18}},"52":{"start":{"line":53,"column":0},"end":{"line":53,"column":65}},"53":{"start":{"line":54,"column":0},"end":{"line":54,"column":1}},"55":{"start":{"line":56,"column":0},"end":{"line":56,"column":115}},"56":{"start":{"line":57,"column":0},"end":{"line":57,"column":18}},"57":{"start":{"line":58,"column":0},"end":{"line":58,"column":144}},"58":{"start":{"line":59,"column":0},"end":{"line":59,"column":1}},"60":{"start":{"line":61,"column":0},"end":{"line":61,"column":97}},"63":{"start":{"line":64,"column":0},"end":{"line":64,"column":4}},"64":{"start":{"line":65,"column":0},"end":{"line":65,"column":18}},"65":{"start":{"line":66,"column":0},"end":{"line":66,"column":39}},"68":{"start":{"line":69,"column":0},"end":{"line":69,"column":71}},"69":{"start":{"line":70,"column":0},"end":{"line":70,"column":1}},"71":{"start":{"line":72,"column":0},"end":{"line":72,"column":116}},"72":{"start":{"line":73,"column":0},"end":{"line":73,"column":18}},"73":{"start":{"line":74,"column":0},"end":{"line":74,"column":142}},"74":{"start":{"line":75,"column":0},"end":{"line":75,"column":1}},"76":{"start":{"line":77,"column":0},"end":{"line":77,"column":92}},"77":{"start":{"line":78,"column":0},"end":{"line":78,"column":18}},"78":{"start":{"line":79,"column":0},"end":{"line":79,"column":95}},"79":{"start":{"line":80,"column":0},"end":{"line":80,"column":1}},"81":{"start":{"line":82,"column":0},"end":{"line":82,"column":38}},"82":{"start":{"line":83,"column":0},"end":{"line":83,"column":11}},"83":{"start":{"line":84,"column":0},"end":{"line":84,"column":28}},"84":{"start":{"line":85,"column":0},"end":{"line":85,"column":55}},"85":{"start":{"line":86,"column":0},"end":{"line":86,"column":30}},"86":{"start":{"line":87,"column":0},"end":{"line":87,"column":18}},"87":{"start":{"line":88,"column":0},"end":{"line":88,"column":129}},"88":{"start":{"line":89,"column":0},"end":{"line":89,"column":1}},"90":{"start":{"line":91,"column":0},"end":{"line":91,"column":67}},"91":{"start":{"line":92,"column":0},"end":{"line":92,"column":18}},"92":{"start":{"line":93,"column":0},"end":{"line":93,"column":89}},"93":{"start":{"line":94,"column":0},"end":{"line":94,"column":1}},"95":{"start":{"line":96,"column":0},"end":{"line":96,"column":72}},"96":{"start":{"line":97,"column":0},"end":{"line":97,"column":18}},"97":{"start":{"line":98,"column":0},"end":{"line":98,"column":95}},"98":{"start":{"line":99,"column":0},"end":{"line":99,"column":1}},"100":{"start":{"line":101,"column":0},"end":{"line":101,"column":116}},"101":{"start":{"line":102,"column":0},"end":{"line":102,"column":18}},"102":{"start":{"line":103,"column":0},"end":{"line":103,"column":116}},"103":{"start":{"line":104,"column":0},"end":{"line":104,"column":1}},"105":{"start":{"line":106,"column":0},"end":{"line":106,"column":56}},"106":{"start":{"line":107,"column":0},"end":{"line":107,"column":18}},"107":{"start":{"line":108,"column":0},"end":{"line":108,"column":42}},"108":{"start":{"line":109,"column":0},"end":{"line":109,"column":1}}},"s":{"0":0,"14":0,"15":0,"16":0,"17":0,"18":0,"19":0,"31":0,"32":0,"33":0,"35":0,"36":0,"37":0,"38":0,"40":0,"41":0,"42":0,"43":0,"45":0,"46":0,"47":0,"48":0,"50":0,"51":0,"52":0,"53":0,"55":0,"56":0,"57":0,"58":0,"60":0,"63":0,"64":0,"65":0,"68":0,"69":0,"71":0,"72":0,"73":0,"74":0,"76":0,"77":0,"78":0,"79":0,"81":0,"82":0,"83":0,"84":0,"85":0,"86":0,"87":0,"88":0,"90":0,"91":0,"92":0,"93":0,"95":0,"96":0,"97":0,"98":0,"100":0,"101":0,"102":0,"103":0,"105":0,"106":0,"107":0,"108":0},"branchMap":{"0":{"type":"branch","line":1,"loc":{"start":{"line":1,"column":0},"end":{"line":109,"column":-377}},"locations":[{"start":{"line":1,"column":0},"end":{"line":109,"column":-377}}]}},"b":{"0":[0]},"fnMap":{"0":{"name":"(empty-report)","decl":{"start":{"line":1,"column":0},"end":{"line":109,"column":-377}},"loc":{"start":{"line":1,"column":0},"end":{"line":109,"column":-377}},"line":1}},"f":{"0":0}}
,"/Users/along/Desktop/AI/Relay-Pulse/client/src/api/http.ts": {"path":"/Users/along/Desktop/AI/Relay-Pulse/client/src/api/http.ts","all":false,"statementMap":{"0":{"start":{"line":1,"column":0},"end":{"line":1,"column":26}},"3":{"start":{"line":4,"column":0},"end":{"line":4,"column":86}},"5":{"start":{"line":6,"column":0},"end":{"line":6,"column":34}},"6":{"start":{"line":7,"column":0},"end":{"line":7,"column":29}},"7":{"start":{"line":8,"column":0},"end":{"line":8,"column":38}},"8":{"start":{"line":9,"column":0},"end":{"line":9,"column":20}},"9":{"start":{"line":10,"column":0},"end":{"line":10,"column":38}},"10":{"start":{"line":11,"column":0},"end":{"line":11,"column":44}},"11":{"start":{"line":12,"column":0},"end":{"line":12,"column":4}},"12":{"start":{"line":13,"column":0},"end":{"line":13,"column":18}},"13":{"start":{"line":14,"column":0},"end":{"line":14,"column":49}},"14":{"start":{"line":15,"column":0},"end":{"line":15,"column":3}},"16":{"start":{"line":17,"column":0},"end":{"line":17,"column":54}},"17":{"start":{"line":18,"column":0},"end":{"line":18,"column":44}},"18":{"start":{"line":19,"column":0},"end":{"line":19,"column":83}},"19":{"start":{"line":20,"column":0},"end":{"line":20,"column":34}},"20":{"start":{"line":21,"column":0},"end":{"line":21,"column":50}},"21":{"start":{"line":22,"column":0},"end":{"line":22,"column":63}},"22":{"start":{"line":23,"column":0},"end":{"line":23,"column":53}},"23":{"start":{"line":24,"column":0},"end":{"line":24,"column":37}},"24":{"start":{"line":25,"column":0},"end":{"line":25,"column":3}},"25":{"start":{"line":26,"column":0},"end":{"line":26,"column":57}},"26":{"start":{"line":27,"column":0},"end":{"line":27,"column":1}}},"s":{"0":1,"3":1,"5":1,"6":1,"7":1,"8":1,"9":1,"10":1,"11":1,"12":1,"13":1,"14":1,"16":1,"17":0,"18":0,"19":0,"20":0,"21":0,"22":0,"23":0,"24":0,"25":0,"26":0},"branchMap":{"0":{"type":"branch","line":4,"loc":{"start":{"line":4,"column":56},"end":{"line":4,"column":86}},"locations":[{"start":{"line":4,"column":56},"end":{"line":4,"column":86}}]}},"b":{"0":[0]},"fnMap":{"0":{"name":"errorMessage","decl":{"start":{"line":17,"column":7},"end":{"line":27,"column":1}},"loc":{"start":{"line":17,"column":7},"end":{"line":27,"column":1}},"line":17}},"f":{"0":0}}
,"/Users/along/Desktop/AI/Relay-Pulse/client/src/api/images.ts": {"path":"/Users/along/Desktop/AI/Relay-Pulse/client/src/api/images.ts","all":true,"statementMap":{"0":{"start":{"line":1,"column":0},"end":{"line":1,"column":89}},"4":{"start":{"line":5,"column":0},"end":{"line":5,"column":86}},"5":{"start":{"line":6,"column":0},"end":{"line":6,"column":57}},"6":{"start":{"line":7,"column":0},"end":{"line":7,"column":36}},"7":{"start":{"line":8,"column":0},"end":{"line":8,"column":18}},"8":{"start":{"line":9,"column":0},"end":{"line":9,"column":42}},"9":{"start":{"line":10,"column":0},"end":{"line":10,"column":2}},"11":{"start":{"line":12,"column":0},"end":{"line":12,"column":120}},"12":{"start":{"line":13,"column":0},"end":{"line":13,"column":63}},"13":{"start":{"line":14,"column":0},"end":{"line":14,"column":33}},"14":{"start":{"line":15,"column":0},"end":{"line":15,"column":90}},"15":{"start":{"line":16,"column":0},"end":{"line":16,"column":11}},"16":{"start":{"line":17,"column":0},"end":{"line":17,"column":48}},"17":{"start":{"line":18,"column":0},"end":{"line":18,"column":36}},"18":{"start":{"line":19,"column":0},"end":{"line":19,"column":38}},"19":{"start":{"line":20,"column":0},"end":{"line":20,"column":16}},"20":{"start":{"line":21,"column":0},"end":{"line":21,"column":1}}},"s":{"0":0,"4":0,"5":0,"6":0,"7":0,"8":0,"9":0,"11":0,"12":0,"13":0,"14":0,"15":0,"16":0,"17":0,"18":0,"19":0,"20":0},"branchMap":{"0":{"type":"branch","line":1,"loc":{"start":{"line":1,"column":0},"end":{"line":21,"column":-1}},"locations":[{"start":{"line":1,"column":0},"end":{"line":21,"column":-1}}]}},"b":{"0":[0]},"fnMap":{"0":{"name":"(empty-report)","decl":{"start":{"line":1,"column":0},"end":{"line":21,"column":-1}},"loc":{"start":{"line":1,"column":0},"end":{"line":21,"column":-1}},"line":1}},"f":{"0":0}}
,"/Users/along/Desktop/AI/Relay-Pulse/client/src/api/playground.ts": {"path":"/Users/along/Desktop/AI/Relay-Pulse/client/src/api/playground.ts","all":false,"statementMap":{"0":{"start":{"line":1,"column":0},"end":{"line":1,"column":93}},"4":{"start":{"line":5,"column":0},"end":{"line":5,"column":47}},"6":{"start":{"line":7,"column":0},"end":{"line":7,"column":86}},"7":{"start":{"line":8,"column":0},"end":{"line":8,"column":57}},"8":{"start":{"line":9,"column":0},"end":{"line":9,"column":36}},"9":{"start":{"line":10,"column":0},"end":{"line":10,"column":18}},"10":{"start":{"line":11,"column":0},"end":{"line":11,"column":42}},"11":{"start":{"line":12,"column":0},"end":{"line":12,"column":2}},"13":{"start":{"line":14,"column":0},"end":{"line":14,"column":31}},"14":{"start":{"line":15,"column":0},"end":{"line":15,"column":75}},"15":{"start":{"line":16,"column":0},"end":{"line":16,"column":47}},"16":{"start":{"line":17,"column":0},"end":{"line":17,"column":13}},"17":{"start":{"line":18,"column":0},"end":{"line":18,"column":1}},"19":{"start":{"line":20,"column":0},"end":{"line":20,"column":52}},"20":{"start":{"line":21,"column":0},"end":{"line":21,"column":62}},"21":{"start":{"line":22,"column":0},"end":{"line":22,"column":1}},"23":{"start":{"line":24,"column":0},"end":{"line":24,"column":53}},"24":{"start":{"line":25,"column":0},"end":{"line":25,"column":31}},"25":{"start":{"line":26,"column":0},"end":{"line":26,"column":58}},"26":{"start":{"line":27,"column":0},"end":{"line":27,"column":30}},"27":{"start":{"line":28,"column":0},"end":{"line":28,"column":1}},"29":{"start":{"line":30,"column":0},"end":{"line":30,"column":69}},"30":{"start":{"line":31,"column":0},"end":{"line":31,"column":78}},"31":{"start":{"line":32,"column":0},"end":{"line":32,"column":1}},"33":{"start":{"line":34,"column":0},"end":{"line":34,"column":78}},"34":{"start":{"line":35,"column":0},"end":{"line":35,"column":21}},"35":{"start":{"line":36,"column":0},"end":{"line":36,"column":7}},"36":{"start":{"line":37,"column":0},"end":{"line":37,"column":29}},"37":{"start":{"line":38,"column":0},"end":{"line":38,"column":11}},"38":{"start":{"line":39,"column":0},"end":{"line":39,"column":56}},"39":{"start":{"line":40,"column":0},"end":{"line":40,"column":3}},"40":{"start":{"line":41,"column":0},"end":{"line":41,"column":50}},"41":{"start":{"line":42,"column":0},"end":{"line":42,"column":53}},"42":{"start":{"line":43,"column":0},"end":{"line":43,"column":3}},"43":{"start":{"line":44,"column":0},"end":{"line":44,"column":118}},"44":{"start":{"line":45,"column":0},"end":{"line":45,"column":78}},"45":{"start":{"line":46,"column":0},"end":{"line":46,"column":6}},"46":{"start":{"line":47,"column":0},"end":{"line":47,"column":26}},"47":{"start":{"line":48,"column":0},"end":{"line":48,"column":83}},"48":{"start":{"line":49,"column":0},"end":{"line":49,"column":45}},"49":{"start":{"line":50,"column":0},"end":{"line":50,"column":5}},"50":{"start":{"line":51,"column":0},"end":{"line":51,"column":53}},"51":{"start":{"line":52,"column":0},"end":{"line":52,"column":3}},"52":{"start":{"line":53,"column":0},"end":{"line":53,"column":51}},"53":{"start":{"line":54,"column":0},"end":{"line":54,"column":1}},"55":{"start":{"line":56,"column":0},"end":{"line":56,"column":73}},"56":{"start":{"line":57,"column":0},"end":{"line":57,"column":54}},"57":{"start":{"line":58,"column":0},"end":{"line":58,"column":30}},"58":{"start":{"line":59,"column":0},"end":{"line":59,"column":32}},"59":{"start":{"line":60,"column":0},"end":{"line":60,"column":7}},"60":{"start":{"line":61,"column":0},"end":{"line":61,"column":49}},"61":{"start":{"line":62,"column":0},"end":{"line":62,"column":122}},"62":{"start":{"line":63,"column":0},"end":{"line":63,"column":11}},"63":{"start":{"line":64,"column":0},"end":{"line":64,"column":33}},"64":{"start":{"line":65,"column":0},"end":{"line":65,"column":3}},"65":{"start":{"line":66,"column":0},"end":{"line":66,"column":18}},"66":{"start":{"line":67,"column":0},"end":{"line":67,"column":1}},"68":{"start":{"line":69,"column":0},"end":{"line":69,"column":44}},"69":{"start":{"line":70,"column":0},"end":{"line":70,"column":18}},"70":{"start":{"line":71,"column":0},"end":{"line":71,"column":25}},"71":{"start":{"line":72,"column":0},"end":{"line":72,"column":35}},"72":{"start":{"line":73,"column":0},"end":{"line":73,"column":22}},"73":{"start":{"line":74,"column":0},"end":{"line":74,"column":34}},"74":{"start":{"line":75,"column":0},"end":{"line":75,"column":62}},"75":{"start":{"line":76,"column":0},"end":{"line":76,"column":25}},"76":{"start":{"line":77,"column":0},"end":{"line":77,"column":118}},"77":{"start":{"line":78,"column":0},"end":{"line":78,"column":19}},"78":{"start":{"line":79,"column":0},"end":{"line":79,"column":14}},"79":{"start":{"line":80,"column":0},"end":{"line":80,"column":37}},"80":{"start":{"line":81,"column":0},"end":{"line":81,"column":40}},"81":{"start":{"line":82,"column":0},"end":{"line":82,"column":6}},"82":{"start":{"line":83,"column":0},"end":{"line":83,"column":32}},"83":{"start":{"line":84,"column":0},"end":{"line":84,"column":10}},"84":{"start":{"line":85,"column":0},"end":{"line":85,"column":5}},"85":{"start":{"line":86,"column":0},"end":{"line":86,"column":91}},"86":{"start":{"line":87,"column":0},"end":{"line":87,"column":57}},"88":{"start":{"line":89,"column":0},"end":{"line":89,"column":43}},"89":{"start":{"line":90,"column":0},"end":{"line":90,"column":36}},"90":{"start":{"line":91,"column":0},"end":{"line":91,"column":19}},"91":{"start":{"line":92,"column":0},"end":{"line":92,"column":21}},"92":{"start":{"line":93,"column":0},"end":{"line":93,"column":77}},"93":{"start":{"line":94,"column":0},"end":{"line":94,"column":81}},"94":{"start":{"line":95,"column":0},"end":{"line":95,"column":32}},"95":{"start":{"line":96,"column":0},"end":{"line":96,"column":32}},"96":{"start":{"line":97,"column":0},"end":{"line":97,"column":20}},"97":{"start":{"line":98,"column":0},"end":{"line":98,"column":47}},"98":{"start":{"line":99,"column":0},"end":{"line":99,"column":33}},"99":{"start":{"line":100,"column":0},"end":{"line":100,"column":33}},"100":{"start":{"line":101,"column":0},"end":{"line":101,"column":23}},"101":{"start":{"line":102,"column":0},"end":{"line":102,"column":5}},"102":{"start":{"line":103,"column":0},"end":{"line":103,"column":33}},"103":{"start":{"line":104,"column":0},"end":{"line":104,"column":80}},"104":{"start":{"line":105,"column":0},"end":{"line":105,"column":54}},"105":{"start":{"line":106,"column":0},"end":{"line":106,"column":5}},"106":{"start":{"line":107,"column":0},"end":{"line":107,"column":22}},"107":{"start":{"line":108,"column":0},"end":{"line":108,"column":4}},"109":{"start":{"line":110,"column":0},"end":{"line":110,"column":7}},"110":{"start":{"line":111,"column":0},"end":{"line":111,"column":14}},"111":{"start":{"line":112,"column":0},"end":{"line":112,"column":29}},"112":{"start":{"line":113,"column":0},"end":{"line":113,"column":39}},"113":{"start":{"line":114,"column":0},"end":{"line":114,"column":27}},"114":{"start":{"line":115,"column":0},"end":{"line":115,"column":62}},"115":{"start":{"line":116,"column":0},"end":{"line":116,"column":42}},"116":{"start":{"line":117,"column":0},"end":{"line":117,"column":28}},"117":{"start":{"line":118,"column":0},"end":{"line":118,"column":61}},"118":{"start":{"line":119,"column":0},"end":{"line":119,"column":45}},"119":{"start":{"line":120,"column":0},"end":{"line":120,"column":21}},"120":{"start":{"line":121,"column":0},"end":{"line":121,"column":55}},"121":{"start":{"line":122,"column":0},"end":{"line":122,"column":24}},"122":{"start":{"line":123,"column":0},"end":{"line":123,"column":9}},"123":{"start":{"line":124,"column":0},"end":{"line":124,"column":40}},"124":{"start":{"line":125,"column":0},"end":{"line":125,"column":7}},"125":{"start":{"line":126,"column":0},"end":{"line":126,"column":83}},"126":{"start":{"line":127,"column":0},"end":{"line":127,"column":5}},"127":{"start":{"line":128,"column":0},"end":{"line":128,"column":32}},"128":{"start":{"line":129,"column":0},"end":{"line":129,"column":39}},"129":{"start":{"line":130,"column":0},"end":{"line":130,"column":30}},"130":{"start":{"line":131,"column":0},"end":{"line":131,"column":37}},"131":{"start":{"line":132,"column":0},"end":{"line":132,"column":19}},"132":{"start":{"line":133,"column":0},"end":{"line":133,"column":49}},"133":{"start":{"line":134,"column":0},"end":{"line":134,"column":16}},"134":{"start":{"line":135,"column":0},"end":{"line":135,"column":13}},"135":{"start":{"line":136,"column":0},"end":{"line":136,"column":25}},"136":{"start":{"line":137,"column":0},"end":{"line":137,"column":3}},"137":{"start":{"line":138,"column":0},"end":{"line":138,"column":1}}},"s":{"0":1,"4":1,"6":1,"7":1,"8":1,"9":1,"10":1,"11":1,"13":9,"14":9,"15":9,"16":0,"17":9,"19":1,"20":1,"21":1,"23":21,"24":21,"25":1,"26":0,"27":0,"29":15,"30":15,"31":15,"33":8,"34":8,"35":8,"36":8,"37":8,"38":1,"39":1,"40":8,"41":0,"42":0,"43":8,"44":8,"45":2,"46":2,"47":2,"48":2,"49":8,"50":2,"51":2,"52":0,"53":0,"55":3,"56":3,"57":3,"58":3,"59":2,"60":2,"61":3,"62":3,"63":1,"64":1,"65":0,"66":0,"68":10,"69":10,"70":10,"71":10,"72":10,"73":10,"74":10,"75":10,"76":10,"77":10,"78":10,"79":10,"80":10,"81":10,"82":10,"83":10,"84":10,"85":10,"86":10,"88":6,"89":6,"90":6,"91":6,"92":6,"93":9,"94":9,"95":9,"96":8,"97":8,"98":9,"99":3,"100":3,"101":3,"102":9,"103":2,"104":2,"105":2,"106":2,"107":9,"109":6,"110":10,"111":11,"112":11,"113":11,"114":9,"115":9,"116":11,"117":7,"118":7,"119":7,"120":1,"121":1,"122":1,"123":3,"124":3,"125":11,"126":11,"127":2,"128":2,"129":10,"130":1,"131":10,"132":4,"133":4,"134":10,"135":6,"136":6,"137":10},"branchMap":{"0":{"type":"branch","line":7,"loc":{"start":{"line":7,"column":56},"end":{"line":7,"column":86}},"locations":[{"start":{"line":7,"column":56},"end":{"line":7,"column":86}}]},"1":{"type":"branch","line":14,"loc":{"start":{"line":14,"column":0},"end":{"line":18,"column":1}},"locations":[{"start":{"line":14,"column":0},"end":{"line":18,"column":1}}]},"2":{"type":"branch","line":16,"loc":{"start":{"line":16,"column":46},"end":{"line":17,"column":13}},"locations":[{"start":{"line":16,"column":46},"end":{"line":17,"column":13}}]},"3":{"type":"branch","line":20,"loc":{"start":{"line":20,"column":0},"end":{"line":22,"column":1}},"locations":[{"start":{"line":20,"column":0},"end":{"line":22,"column":1}}]},"4":{"type":"branch","line":21,"loc":{"start":{"line":21,"column":26},"end":{"line":21,"column":48}},"locations":[{"start":{"line":21,"column":26},"end":{"line":21,"column":48}}]},"5":{"type":"branch","line":24,"loc":{"start":{"line":24,"column":0},"end":{"line":28,"column":1}},"locations":[{"start":{"line":24,"column":0},"end":{"line":28,"column":1}}]},"6":{"type":"branch","line":25,"loc":{"start":{"line":25,"column":7},"end":{"line":25,"column":24}},"locations":[{"start":{"line":25,"column":7},"end":{"line":25,"column":24}}]},"7":{"type":"branch","line":25,"loc":{"start":{"line":25,"column":24},"end":{"line":25,"column":31}},"locations":[{"start":{"line":25,"column":24},"end":{"line":25,"column":31}}]},"8":{"type":"branch","line":25,"loc":{"start":{"line":25,"column":24},"end":{"line":26,"column":58}},"locations":[{"start":{"line":25,"column":24},"end":{"line":26,"column":58}}]},"9":{"type":"branch","line":26,"loc":{"start":{"line":26,"column":51},"end":{"line":28,"column":1}},"locations":[{"start":{"line":26,"column":51},"end":{"line":28,"column":1}}]},"10":{"type":"branch","line":30,"loc":{"start":{"line":30,"column":0},"end":{"line":32,"column":1}},"locations":[{"start":{"line":30,"column":0},"end":{"line":32,"column":1}}]},"11":{"type":"branch","line":34,"loc":{"start":{"line":34,"column":0},"end":{"line":54,"column":1}},"locations":[{"start":{"line":34,"column":0},"end":{"line":54,"column":1}}]},"12":{"type":"branch","line":38,"loc":{"start":{"line":38,"column":2},"end":{"line":40,"column":3}},"locations":[{"start":{"line":38,"column":2},"end":{"line":40,"column":3}}]},"13":{"type":"branch","line":40,"loc":{"start":{"line":40,"column":2},"end":{"line":41,"column":49}},"locations":[{"start":{"line":40,"column":2},"end":{"line":41,"column":49}}]},"14":{"type":"branch","line":41,"loc":{"start":{"line":41,"column":49},"end":{"line":43,"column":3}},"locations":[{"start":{"line":41,"column":49},"end":{"line":43,"column":3}}]},"15":{"type":"branch","line":43,"loc":{"start":{"line":43,"column":2},"end":{"line":44,"column":32}},"locations":[{"start":{"line":43,"column":2},"end":{"line":44,"column":32}}]},"16":{"type":"branch","line":44,"loc":{"start":{"line":44,"column":21},"end":{"line":44,"column":69}},"locations":[{"start":{"line":44,"column":21},"end":{"line":44,"column":69}}]},"17":{"type":"branch","line":44,"loc":{"start":{"line":44,"column":69},"end":{"line":44,"column":118}},"locations":[{"start":{"line":44,"column":69},"end":{"line":44,"column":118}}]},"18":{"type":"branch","line":44,"loc":{"start":{"line":44,"column":76},"end":{"line":45,"column":36}},"locations":[{"start":{"line":44,"column":76},"end":{"line":45,"column":36}}]},"19":{"type":"branch","line":45,"loc":{"start":{"line":45,"column":29},"end":{"line":48,"column":83}},"locations":[{"start":{"line":45,"column":29},"end":{"line":48,"column":83}}]},"20":{"type":"branch","line":48,"loc":{"start":{"line":48,"column":28},"end":{"line":48,"column":83}},"locations":[{"start":{"line":48,"column":28},"end":{"line":48,"column":83}}]},"21":{"type":"branch","line":48,"loc":{"start":{"line":48,"column":63},"end":{"line":49,"column":45}},"locations":[{"start":{"line":48,"column":63},"end":{"line":49,"column":45}}]},"22":{"type":"branch","line":50,"loc":{"start":{"line":50,"column":4},"end":{"line":52,"column":3}},"locations":[{"start":{"line":50,"column":4},"end":{"line":52,"column":3}}]},"23":{"type":"branch","line":52,"loc":{"start":{"line":52,"column":2},"end":{"line":54,"column":1}},"locations":[{"start":{"line":52,"column":2},"end":{"line":54,"column":1}}]},"24":{"type":"branch","line":56,"loc":{"start":{"line":56,"column":0},"end":{"line":67,"column":1}},"locations":[{"start":{"line":56,"column":0},"end":{"line":67,"column":1}}]},"25":{"type":"branch","line":59,"loc":{"start":{"line":59,"column":16},"end":{"line":59,"column":32}},"locations":[{"start":{"line":59,"column":16},"end":{"line":59,"column":32}}]},"26":{"type":"branch","line":59,"loc":{"start":{"line":59,"column":23},"end":{"line":62,"column":29}},"locations":[{"start":{"line":59,"column":23},"end":{"line":62,"column":29}}]},"27":{"type":"branch","line":62,"loc":{"start":{"line":62,"column":24},"end":{"line":62,"column":68}},"locations":[{"start":{"line":62,"column":24},"end":{"line":62,"column":68}}]},"28":{"type":"branch","line":62,"loc":{"start":{"line":62,"column":56},"end":{"line":62,"column":92}},"locations":[{"start":{"line":62,"column":56},"end":{"line":62,"column":92}}]},"29":{"type":"branch","line":62,"loc":{"start":{"line":62,"column":92},"end":{"line":62,"column":122}},"locations":[{"start":{"line":62,"column":92},"end":{"line":62,"column":122}}]},"30":{"type":"branch","line":63,"loc":{"start":{"line":63,"column":2},"end":{"line":65,"column":3}},"locations":[{"start":{"line":63,"column":2},"end":{"line":65,"column":3}}]},"31":{"type":"branch","line":65,"loc":{"start":{"line":65,"column":2},"end":{"line":67,"column":1}},"locations":[{"start":{"line":65,"column":2},"end":{"line":67,"column":1}}]},"32":{"type":"branch","line":69,"loc":{"start":{"line":69,"column":0},"end":{"line":138,"column":1}},"locations":[{"start":{"line":69,"column":0},"end":{"line":138,"column":1}}]},"33":{"type":"branch","line":75,"loc":{"start":{"line":75,"column":27},"end":{"line":75,"column":62}},"locations":[{"start":{"line":75,"column":27},"end":{"line":75,"column":62}}]},"34":{"type":"branch","line":85,"loc":{"start":{"line":85,"column":3},"end":{"line":86,"column":26}},"locations":[{"start":{"line":85,"column":3},"end":{"line":86,"column":26}}]},"35":{"type":"branch","line":86,"loc":{"start":{"line":86,"column":20},"end":{"line":86,"column":91}},"locations":[{"start":{"line":86,"column":20},"end":{"line":86,"column":91}}]},"36":{"type":"branch","line":86,"loc":{"start":{"line":86,"column":89},"end":{"line":87,"column":28}},"locations":[{"start":{"line":86,"column":89},"end":{"line":87,"column":28}}]},"37":{"type":"branch","line":87,"loc":{"start":{"line":87,"column":22},"end":{"line":87,"column":57}},"locations":[{"start":{"line":87,"column":22},"end":{"line":87,"column":57}}]},"38":{"type":"branch","line":87,"loc":{"start":{"line":87,"column":55},"end":{"line":111,"column":13}},"locations":[{"start":{"line":87,"column":55},"end":{"line":111,"column":13}}]},"39":{"type":"branch","line":111,"loc":{"start":{"line":111,"column":13},"end":{"line":127,"column":5}},"locations":[{"start":{"line":111,"column":13},"end":{"line":127,"column":5}}]},"40":{"type":"branch","line":114,"loc":{"start":{"line":114,"column":21},"end":{"line":114,"column":27}},"locations":[{"start":{"line":114,"column":21},"end":{"line":114,"column":27}}]},"41":{"type":"branch","line":114,"loc":{"start":{"line":114,"column":21},"end":{"line":117,"column":27}},"locations":[{"start":{"line":114,"column":21},"end":{"line":117,"column":27}}]},"42":{"type":"branch","line":117,"loc":{"start":{"line":117,"column":27},"end":{"line":125,"column":7}},"locations":[{"start":{"line":117,"column":27},"end":{"line":125,"column":7}}]},"43":{"type":"branch","line":120,"loc":{"start":{"line":120,"column":20},"end":{"line":123,"column":9}},"locations":[{"start":{"line":120,"column":20},"end":{"line":123,"column":9}}]},"44":{"type":"branch","line":123,"loc":{"start":{"line":123,"column":8},"end":{"line":125,"column":7}},"locations":[{"start":{"line":123,"column":8},"end":{"line":125,"column":7}}]},"45":{"type":"branch","line":125,"loc":{"start":{"line":125,"column":6},"end":{"line":126,"column":57}},"locations":[{"start":{"line":125,"column":6},"end":{"line":126,"column":57}}]},"46":{"type":"branch","line":126,"loc":{"start":{"line":126,"column":51},"end":{"line":126,"column":83}},"locations":[{"start":{"line":126,"column":51},"end":{"line":126,"column":83}}]},"47":{"type":"branch","line":127,"loc":{"start":{"line":127,"column":4},"end":{"line":130,"column":23}},"locations":[{"start":{"line":127,"column":4},"end":{"line":130,"column":23}}]},"48":{"type":"branch","line":130,"loc":{"start":{"line":130,"column":16},"end":{"line":132,"column":11}},"locations":[{"start":{"line":130,"column":16},"end":{"line":132,"column":11}}]},"49":{"type":"branch","line":132,"loc":{"start":{"line":132,"column":2},"end":{"line":135,"column":4}},"locations":[{"start":{"line":132,"column":2},"end":{"line":135,"column":4}}]},"50":{"type":"branch","line":135,"loc":{"start":{"line":135,"column":2},"end":{"line":135,"column":4}},"locations":[{"start":{"line":135,"column":2},"end":{"line":135,"column":4}}]},"51":{"type":"branch","line":135,"loc":{"start":{"line":135,"column":2},"end":{"line":137,"column":3}},"locations":[{"start":{"line":135,"column":2},"end":{"line":137,"column":3}}]},"52":{"type":"branch","line":93,"loc":{"start":{"line":93,"column":21},"end":{"line":108,"column":4}},"locations":[{"start":{"line":93,"column":21},"end":{"line":108,"column":4}}]},"53":{"type":"branch","line":94,"loc":{"start":{"line":94,"column":49},"end":{"line":94,"column":81}},"locations":[{"start":{"line":94,"column":49},"end":{"line":94,"column":81}}]},"54":{"type":"branch","line":96,"loc":{"start":{"line":96,"column":15},"end":{"line":96,"column":32}},"locations":[{"start":{"line":96,"column":15},"end":{"line":96,"column":32}}]},"55":{"type":"branch","line":96,"loc":{"start":{"line":96,"column":22},"end":{"line":99,"column":32}},"locations":[{"start":{"line":96,"column":22},"end":{"line":99,"column":32}}]},"56":{"type":"branch","line":99,"loc":{"start":{"line":99,"column":32},"end":{"line":102,"column":5}},"locations":[{"start":{"line":99,"column":32},"end":{"line":102,"column":5}}]},"57":{"type":"branch","line":100,"loc":{"start":{"line":100,"column":6},"end":{"line":100,"column":33}},"locations":[{"start":{"line":100,"column":6},"end":{"line":100,"column":33}}]},"58":{"type":"branch","line":102,"loc":{"start":{"line":102,"column":4},"end":{"line":103,"column":32}},"locations":[{"start":{"line":102,"column":4},"end":{"line":103,"column":32}}]},"59":{"type":"branch","line":103,"loc":{"start":{"line":103,"column":32},"end":{"line":107,"column":22}},"locations":[{"start":{"line":103,"column":32},"end":{"line":107,"column":22}}]},"60":{"type":"branch","line":104,"loc":{"start":{"line":104,"column":43},"end":{"line":105,"column":44}},"locations":[{"start":{"line":104,"column":43},"end":{"line":105,"column":44}}]},"61":{"type":"branch","line":105,"loc":{"start":{"line":105,"column":33},"end":{"line":105,"column":52}},"locations":[{"start":{"line":105,"column":33},"end":{"line":105,"column":52}}]}},"b":{"0":[0],"1":[9],"2":[0],"3":[1],"4":[0],"5":[21],"6":[1],"7":[20],"8":[1],"9":[0],"10":[15],"11":[8],"12":[1],"13":[7],"14":[0],"15":[7],"16":[3],"17":[3],"18":[4],"19":[2],"20":[1],"21":[2],"22":[2],"23":[0],"24":[3],"25":[1],"26":[2],"27":[1],"28":[1],"29":[1],"30":[1],"31":[0],"32":[10],"33":[0],"34":[9],"35":[3],"36":[6],"37":[0],"38":[6],"39":[11],"40":[2],"41":[9],"42":[7],"43":[1],"44":[3],"45":[5],"46":[0],"47":[2],"48":[1],"49":[4],"50":[0],"51":[6],"52":[9],"53":[0],"54":[1],"55":[8],"56":[3],"57":[2],"58":[4],"59":[2],"60":[1],"61":[0]},"fnMap":{"0":{"name":"apiBaseUrl","decl":{"start":{"line":14,"column":0},"end":{"line":18,"column":1}},"loc":{"start":{"line":14,"column":0},"end":{"line":18,"column":1}},"line":14},"1":{"name":"abortError","decl":{"start":{"line":20,"column":0},"end":{"line":22,"column":1}},"loc":{"start":{"line":20,"column":0},"end":{"line":22,"column":1}},"line":20},"2":{"name":"throwIfAborted","decl":{"start":{"line":24,"column":0},"end":{"line":28,"column":1}},"loc":{"start":{"line":24,"column":0},"end":{"line":28,"column":1}},"line":24},"3":{"name":"isRecord","decl":{"start":{"line":30,"column":0},"end":{"line":32,"column":1}},"loc":{"start":{"line":30,"column":0},"end":{"line":32,"column":1}},"line":30},"4":{"name":"parseEvent","decl":{"start":{"line":34,"column":0},"end":{"line":54,"column":1}},"loc":{"start":{"line":34,"column":0},"end":{"line":54,"column":1}},"line":34},"5":{"name":"responseErrorMessage","decl":{"start":{"line":56,"column":0},"end":{"line":67,"column":1}},"loc":{"start":{"line":56,"column":0},"end":{"line":67,"column":1}},"line":56},"6":{"name":"streamPlaygroundReply","decl":{"start":{"line":69,"column":0},"end":{"line":138,"column":1}},"loc":{"start":{"line":69,"column":0},"end":{"line":138,"column":1}},"line":69},"7":{"name":"handleLine","decl":{"start":{"line":93,"column":21},"end":{"line":108,"column":4}},"loc":{"start":{"line":93,"column":21},"end":{"line":108,"column":4}},"line":93}},"f":{"0":9,"1":1,"2":21,"3":15,"4":8,"5":3,"6":10,"7":9}}
,"/Users/along/Desktop/AI/Relay-Pulse/client/src/api/pool.ts": {"path":"/Users/along/Desktop/AI/Relay-Pulse/client/src/api/pool.ts","all":true,"statementMap":{"0":{"start":{"line":1,"column":0},"end":{"line":1,"column":127}},"4":{"start":{"line":5,"column":0},"end":{"line":5,"column":86}},"5":{"start":{"line":6,"column":0},"end":{"line":6,"column":57}},"6":{"start":{"line":7,"column":0},"end":{"line":7,"column":36}},"7":{"start":{"line":8,"column":0},"end":{"line":8,"column":18}},"8":{"start":{"line":9,"column":0},"end":{"line":9,"column":42}},"9":{"start":{"line":10,"column":0},"end":{"line":10,"column":2}},"11":{"start":{"line":12,"column":0},"end":{"line":12,"column":32}},"12":{"start":{"line":13,"column":0},"end":{"line":13,"column":64}},"13":{"start":{"line":14,"column":0},"end":{"line":14,"column":1}},"15":{"start":{"line":16,"column":0},"end":{"line":16,"column":80}},"16":{"start":{"line":17,"column":0},"end":{"line":17,"column":18}},"17":{"start":{"line":18,"column":0},"end":{"line":18,"column":82}},"18":{"start":{"line":19,"column":0},"end":{"line":19,"column":1}},"20":{"start":{"line":21,"column":0},"end":{"line":21,"column":32}},"21":{"start":{"line":22,"column":0},"end":{"line":22,"column":11}},"22":{"start":{"line":23,"column":0},"end":{"line":23,"column":26}},"23":{"start":{"line":24,"column":0},"end":{"line":24,"column":55}},"24":{"start":{"line":25,"column":0},"end":{"line":25,"column":41}},"25":{"start":{"line":26,"column":0},"end":{"line":26,"column":29}},"26":{"start":{"line":27,"column":0},"end":{"line":27,"column":18}},"27":{"start":{"line":28,"column":0},"end":{"line":28,"column":129}},"28":{"start":{"line":29,"column":0},"end":{"line":29,"column":1}},"30":{"start":{"line":31,"column":0},"end":{"line":31,"column":108}},"31":{"start":{"line":32,"column":0},"end":{"line":32,"column":18}},"32":{"start":{"line":33,"column":0},"end":{"line":33,"column":101}},"33":{"start":{"line":34,"column":0},"end":{"line":34,"column":1}},"35":{"start":{"line":36,"column":0},"end":{"line":36,"column":36}},"36":{"start":{"line":37,"column":0},"end":{"line":37,"column":21}},"37":{"start":{"line":38,"column":0},"end":{"line":38,"column":41}},"38":{"start":{"line":39,"column":0},"end":{"line":39,"column":24}},"39":{"start":{"line":40,"column":0},"end":{"line":40,"column":18}},"40":{"start":{"line":41,"column":0},"end":{"line":41,"column":102}},"41":{"start":{"line":42,"column":0},"end":{"line":42,"column":1}},"43":{"start":{"line":44,"column":0},"end":{"line":44,"column":55}},"44":{"start":{"line":45,"column":0},"end":{"line":45,"column":18}},"45":{"start":{"line":46,"column":0},"end":{"line":46,"column":76}},"46":{"start":{"line":47,"column":0},"end":{"line":47,"column":1}},"48":{"start":{"line":49,"column":0},"end":{"line":49,"column":65}},"49":{"start":{"line":50,"column":0},"end":{"line":50,"column":18}},"50":{"start":{"line":51,"column":0},"end":{"line":51,"column":87}},"51":{"start":{"line":52,"column":0},"end":{"line":52,"column":1}},"53":{"start":{"line":54,"column":0},"end":{"line":54,"column":113}},"54":{"start":{"line":55,"column":0},"end":{"line":55,"column":18}},"55":{"start":{"line":56,"column":0},"end":{"line":56,"column":108}},"56":{"start":{"line":57,"column":0},"end":{"line":57,"column":1}},"58":{"start":{"line":59,"column":0},"end":{"line":59,"column":72}},"59":{"start":{"line":60,"column":0},"end":{"line":60,"column":18}},"60":{"start":{"line":61,"column":0},"end":{"line":61,"column":67}},"61":{"start":{"line":62,"column":0},"end":{"line":62,"column":1}}},"s":{"0":0,"4":0,"5":0,"6":0,"7":0,"8":0,"9":0,"11":0,"12":0,"13":0,"15":0,"16":0,"17":0,"18":0,"20":0,"21":0,"22":0,"23":0,"24":0,"25":0,"26":0,"27":0,"28":0,"30":0,"31":0,"32":0,"33":0,"35":0,"36":0,"37":0,"38":0,"39":0,"40":0,"41":0,"43":0,"44":0,"45":0,"46":0,"48":0,"49":0,"50":0,"51":0,"53":0,"54":0,"55":0,"56":0,"58":0,"59":0,"60":0,"61":0},"branchMap":{"0":{"type":"branch","line":1,"loc":{"start":{"line":1,"column":2333},"end":{"line":62,"column":1}},"locations":[{"start":{"line":1,"column":2333},"end":{"line":62,"column":1}}]}},"b":{"0":[0]},"fnMap":{"0":{"name":"(empty-report)","decl":{"start":{"line":1,"column":2333},"end":{"line":62,"column":1}},"loc":{"start":{"line":1,"column":2333},"end":{"line":62,"column":1}},"line":1}},"f":{"0":0}}
,"/Users/along/Desktop/AI/Relay-Pulse/client/src/api/purity.ts": {"path":"/Users/along/Desktop/AI/Relay-Pulse/client/src/api/purity.ts","all":false,"statementMap":{"0":{"start":{"line":1,"column":0},"end":{"line":1,"column":13}},"11":{"start":{"line":12,"column":0},"end":{"line":12,"column":41}},"13":{"start":{"line":14,"column":0},"end":{"line":14,"column":86}},"14":{"start":{"line":15,"column":0},"end":{"line":15,"column":57}},"15":{"start":{"line":16,"column":0},"end":{"line":16,"column":36}},"16":{"start":{"line":17,"column":0},"end":{"line":17,"column":18}},"17":{"start":{"line":18,"column":0},"end":{"line":18,"column":42}},"18":{"start":{"line":19,"column":0},"end":{"line":19,"column":2}},"20":{"start":{"line":21,"column":0},"end":{"line":21,"column":36}},"21":{"start":{"line":22,"column":0},"end":{"line":22,"column":18}},"22":{"start":{"line":23,"column":0},"end":{"line":23,"column":25}},"23":{"start":{"line":24,"column":0},"end":{"line":24,"column":22}},"24":{"start":{"line":25,"column":0},"end":{"line":25,"column":30}},"25":{"start":{"line":26,"column":0},"end":{"line":26,"column":63}},"26":{"start":{"line":27,"column":0},"end":{"line":27,"column":10}},"27":{"start":{"line":28,"column":0},"end":{"line":28,"column":93}},"28":{"start":{"line":29,"column":0},"end":{"line":29,"column":13}},"29":{"start":{"line":30,"column":0},"end":{"line":30,"column":22}},"30":{"start":{"line":31,"column":0},"end":{"line":31,"column":6}},"31":{"start":{"line":32,"column":0},"end":{"line":32,"column":14}},"32":{"start":{"line":33,"column":0},"end":{"line":33,"column":1}},"34":{"start":{"line":35,"column":0},"end":{"line":35,"column":31}},"35":{"start":{"line":36,"column":0},"end":{"line":36,"column":75}},"36":{"start":{"line":37,"column":0},"end":{"line":37,"column":47}},"37":{"start":{"line":38,"column":0},"end":{"line":38,"column":13}},"38":{"start":{"line":39,"column":0},"end":{"line":39,"column":1}},"40":{"start":{"line":41,"column":0},"end":{"line":41,"column":45}},"41":{"start":{"line":42,"column":0},"end":{"line":42,"column":31}},"42":{"start":{"line":43,"column":0},"end":{"line":43,"column":79}},"43":{"start":{"line":44,"column":0},"end":{"line":44,"column":1}},"45":{"start":{"line":46,"column":0},"end":{"line":46,"column":36}},"46":{"start":{"line":47,"column":0},"end":{"line":47,"column":46}},"47":{"start":{"line":48,"column":0},"end":{"line":48,"column":1}},"49":{"start":{"line":50,"column":0},"end":{"line":50,"column":52}},"50":{"start":{"line":51,"column":0},"end":{"line":51,"column":60}},"51":{"start":{"line":52,"column":0},"end":{"line":52,"column":1}},"53":{"start":{"line":54,"column":0},"end":{"line":54,"column":53}},"54":{"start":{"line":55,"column":0},"end":{"line":55,"column":31}},"55":{"start":{"line":56,"column":0},"end":{"line":56,"column":58}},"56":{"start":{"line":57,"column":0},"end":{"line":57,"column":28}},"57":{"start":{"line":58,"column":0},"end":{"line":58,"column":1}},"59":{"start":{"line":60,"column":0},"end":{"line":60,"column":69}},"60":{"start":{"line":61,"column":0},"end":{"line":61,"column":53}},"61":{"start":{"line":62,"column":0},"end":{"line":62,"column":1}},"63":{"start":{"line":64,"column":0},"end":{"line":64,"column":80}},"64":{"start":{"line":65,"column":0},"end":{"line":65,"column":21}},"65":{"start":{"line":66,"column":0},"end":{"line":66,"column":7}},"66":{"start":{"line":67,"column":0},"end":{"line":67,"column":29}},"67":{"start":{"line":68,"column":0},"end":{"line":68,"column":11}},"68":{"start":{"line":69,"column":0},"end":{"line":69,"column":55}},"69":{"start":{"line":70,"column":0},"end":{"line":70,"column":3}},"71":{"start":{"line":72,"column":0},"end":{"line":72,"column":50}},"72":{"start":{"line":73,"column":0},"end":{"line":73,"column":52}},"73":{"start":{"line":74,"column":0},"end":{"line":74,"column":3}},"74":{"start":{"line":75,"column":0},"end":{"line":75,"column":105}},"75":{"start":{"line":76,"column":0},"end":{"line":76,"column":6}},"76":{"start":{"line":77,"column":0},"end":{"line":77,"column":26}},"77":{"start":{"line":78,"column":0},"end":{"line":78,"column":77}},"78":{"start":{"line":79,"column":0},"end":{"line":79,"column":45}},"79":{"start":{"line":80,"column":0},"end":{"line":80,"column":5}},"80":{"start":{"line":81,"column":0},"end":{"line":81,"column":49}},"81":{"start":{"line":82,"column":0},"end":{"line":82,"column":3}},"82":{"start":{"line":83,"column":0},"end":{"line":83,"column":50}},"83":{"start":{"line":84,"column":0},"end":{"line":84,"column":1}},"85":{"start":{"line":86,"column":0},"end":{"line":86,"column":73}},"86":{"start":{"line":87,"column":0},"end":{"line":87,"column":55}},"87":{"start":{"line":88,"column":0},"end":{"line":88,"column":30}},"88":{"start":{"line":89,"column":0},"end":{"line":89,"column":32}},"89":{"start":{"line":90,"column":0},"end":{"line":90,"column":7}},"90":{"start":{"line":91,"column":0},"end":{"line":91,"column":49}},"91":{"start":{"line":92,"column":0},"end":{"line":92,"column":93}},"92":{"start":{"line":93,"column":0},"end":{"line":93,"column":36}},"93":{"start":{"line":94,"column":0},"end":{"line":94,"column":5}},"94":{"start":{"line":95,"column":0},"end":{"line":95,"column":11}},"95":{"start":{"line":96,"column":0},"end":{"line":96,"column":33}},"96":{"start":{"line":97,"column":0},"end":{"line":97,"column":3}},"97":{"start":{"line":98,"column":0},"end":{"line":98,"column":18}},"98":{"start":{"line":99,"column":0},"end":{"line":99,"column":1}},"100":{"start":{"line":101,"column":0},"end":{"line":101,"column":42}},"101":{"start":{"line":102,"column":0},"end":{"line":102,"column":18}},"102":{"start":{"line":103,"column":0},"end":{"line":103,"column":25}},"103":{"start":{"line":104,"column":0},"end":{"line":104,"column":54}},"104":{"start":{"line":105,"column":0},"end":{"line":105,"column":22}},"105":{"start":{"line":106,"column":0},"end":{"line":106,"column":30}},"106":{"start":{"line":107,"column":0},"end":{"line":107,"column":63}},"107":{"start":{"line":108,"column":0},"end":{"line":108,"column":25}},"109":{"start":{"line":110,"column":0},"end":{"line":110,"column":80}},"110":{"start":{"line":111,"column":0},"end":{"line":111,"column":1}},"112":{"start":{"line":113,"column":0},"end":{"line":113,"column":42}},"113":{"start":{"line":114,"column":0},"end":{"line":114,"column":31}},"114":{"start":{"line":115,"column":0},"end":{"line":115,"column":22}},"115":{"start":{"line":116,"column":0},"end":{"line":116,"column":30}},"116":{"start":{"line":117,"column":0},"end":{"line":117,"column":63}},"117":{"start":{"line":118,"column":0},"end":{"line":118,"column":10}},"118":{"start":{"line":119,"column":0},"end":{"line":119,"column":75}},"119":{"start":{"line":120,"column":0},"end":{"line":120,"column":13}},"120":{"start":{"line":121,"column":0},"end":{"line":121,"column":22}},"121":{"start":{"line":122,"column":0},"end":{"line":122,"column":6}},"122":{"start":{"line":123,"column":0},"end":{"line":123,"column":14}},"123":{"start":{"line":124,"column":0},"end":{"line":124,"column":1}},"125":{"start":{"line":126,"column":0},"end":{"line":126,"column":48}},"126":{"start":{"line":127,"column":0},"end":{"line":127,"column":31}},"127":{"start":{"line":128,"column":0},"end":{"line":128,"column":54}},"128":{"start":{"line":129,"column":0},"end":{"line":129,"column":22}},"129":{"start":{"line":130,"column":0},"end":{"line":130,"column":30}},"130":{"start":{"line":131,"column":0},"end":{"line":131,"column":63}},"131":{"start":{"line":132,"column":0},"end":{"line":132,"column":25}},"132":{"start":{"line":133,"column":0},"end":{"line":133,"column":79}},"133":{"start":{"line":134,"column":0},"end":{"line":134,"column":1}},"135":{"start":{"line":136,"column":0},"end":{"line":136,"column":39}},"136":{"start":{"line":137,"column":0},"end":{"line":137,"column":14}},"137":{"start":{"line":138,"column":0},"end":{"line":138,"column":49}},"138":{"start":{"line":139,"column":0},"end":{"line":139,"column":54}},"139":{"start":{"line":140,"column":0},"end":{"line":140,"column":22}},"140":{"start":{"line":141,"column":0},"end":{"line":141,"column":30}},"141":{"start":{"line":142,"column":0},"end":{"line":142,"column":48}},"142":{"start":{"line":143,"column":0},"end":{"line":143,"column":19}},"143":{"start":{"line":144,"column":0},"end":{"line":144,"column":14}},"144":{"start":{"line":145,"column":0},"end":{"line":145,"column":37}},"145":{"start":{"line":146,"column":0},"end":{"line":146,"column":40}},"146":{"start":{"line":147,"column":0},"end":{"line":147,"column":6}},"147":{"start":{"line":148,"column":0},"end":{"line":148,"column":32}},"148":{"start":{"line":149,"column":0},"end":{"line":149,"column":10}},"149":{"start":{"line":150,"column":0},"end":{"line":150,"column":5}},"150":{"start":{"line":151,"column":0},"end":{"line":151,"column":21}},"151":{"start":{"line":152,"column":0},"end":{"line":152,"column":39}},"152":{"start":{"line":153,"column":0},"end":{"line":153,"column":58}},"153":{"start":{"line":154,"column":0},"end":{"line":154,"column":3}},"154":{"start":{"line":155,"column":0},"end":{"line":155,"column":58}},"156":{"start":{"line":157,"column":0},"end":{"line":157,"column":43}},"157":{"start":{"line":158,"column":0},"end":{"line":158,"column":36}},"158":{"start":{"line":159,"column":0},"end":{"line":159,"column":19}},"159":{"start":{"line":160,"column":0},"end":{"line":160,"column":21}},"160":{"start":{"line":161,"column":0},"end":{"line":161,"column":26}},"162":{"start":{"line":163,"column":0},"end":{"line":163,"column":73}},"163":{"start":{"line":164,"column":0},"end":{"line":164,"column":80}},"164":{"start":{"line":165,"column":0},"end":{"line":165,"column":32}},"165":{"start":{"line":166,"column":0},"end":{"line":166,"column":32}},"166":{"start":{"line":167,"column":0},"end":{"line":167,"column":20}},"167":{"start":{"line":168,"column":0},"end":{"line":168,"column":53}},"168":{"start":{"line":169,"column":0},"end":{"line":169,"column":36}},"169":{"start":{"line":170,"column":0},"end":{"line":170,"column":31}},"170":{"start":{"line":171,"column":0},"end":{"line":171,"column":23}},"171":{"start":{"line":172,"column":0},"end":{"line":172,"column":5}},"172":{"start":{"line":173,"column":0},"end":{"line":173,"column":33}},"173":{"start":{"line":174,"column":0},"end":{"line":174,"column":80}},"174":{"start":{"line":175,"column":0},"end":{"line":175,"column":54}},"175":{"start":{"line":176,"column":0},"end":{"line":176,"column":5}},"176":{"start":{"line":177,"column":0},"end":{"line":177,"column":22}},"177":{"start":{"line":178,"column":0},"end":{"line":178,"column":4}},"179":{"start":{"line":180,"column":0},"end":{"line":180,"column":7}},"180":{"start":{"line":181,"column":0},"end":{"line":181,"column":26}},"181":{"start":{"line":182,"column":0},"end":{"line":182,"column":29}},"182":{"start":{"line":183,"column":0},"end":{"line":183,"column":57}},"183":{"start":{"line":184,"column":0},"end":{"line":184,"column":17}},"184":{"start":{"line":185,"column":0},"end":{"line":185,"column":27}},"185":{"start":{"line":186,"column":0},"end":{"line":186,"column":17}},"186":{"start":{"line":187,"column":0},"end":{"line":187,"column":7}},"187":{"start":{"line":188,"column":0},"end":{"line":188,"column":29}},"188":{"start":{"line":189,"column":0},"end":{"line":189,"column":57}},"190":{"start":{"line":191,"column":0},"end":{"line":191,"column":47}},"191":{"start":{"line":192,"column":0},"end":{"line":192,"column":33}},"192":{"start":{"line":193,"column":0},"end":{"line":193,"column":66}},"193":{"start":{"line":194,"column":0},"end":{"line":194,"column":50}},"194":{"start":{"line":195,"column":0},"end":{"line":195,"column":21}},"195":{"start":{"line":196,"column":0},"end":{"line":196,"column":55}},"196":{"start":{"line":197,"column":0},"end":{"line":197,"column":24}},"197":{"start":{"line":198,"column":0},"end":{"line":198,"column":9}},"198":{"start":{"line":199,"column":0},"end":{"line":199,"column":45}},"199":{"start":{"line":200,"column":0},"end":{"line":200,"column":7}},"200":{"start":{"line":201,"column":0},"end":{"line":201,"column":82}},"201":{"start":{"line":202,"column":0},"end":{"line":202,"column":5}},"203":{"start":{"line":204,"column":0},"end":{"line":204,"column":32}},"204":{"start":{"line":205,"column":0},"end":{"line":205,"column":39}},"205":{"start":{"line":206,"column":0},"end":{"line":206,"column":30}},"206":{"start":{"line":207,"column":0},"end":{"line":207,"column":40}},"207":{"start":{"line":208,"column":0},"end":{"line":208,"column":19}},"208":{"start":{"line":209,"column":0},"end":{"line":209,"column":49}},"209":{"start":{"line":210,"column":0},"end":{"line":210,"column":16}},"210":{"start":{"line":211,"column":0},"end":{"line":211,"column":13}},"211":{"start":{"line":212,"column":0},"end":{"line":212,"column":25}},"212":{"start":{"line":213,"column":0},"end":{"line":213,"column":3}},"213":{"start":{"line":214,"column":0},"end":{"line":214,"column":1}}},"s":{"0":1,"11":1,"13":1,"14":1,"15":1,"16":1,"17":1,"18":1,"20":0,"21":0,"22":0,"23":0,"24":0,"25":0,"26":0,"27":0,"28":0,"29":0,"30":0,"31":0,"32":0,"34":14,"35":14,"36":14,"37":0,"38":14,"40":13,"41":13,"42":13,"43":13,"45":1,"46":1,"47":1,"49":1,"50":1,"51":1,"53":48,"54":48,"55":2,"56":0,"57":0,"59":23,"60":23,"61":23,"63":12,"64":12,"65":12,"66":12,"67":12,"68":1,"69":1,"71":12,"72":1,"73":1,"74":12,"75":3,"76":3,"77":2,"78":2,"79":12,"80":2,"81":2,"82":1,"83":1,"85":3,"86":3,"87":3,"88":3,"89":2,"90":2,"91":3,"92":1,"93":1,"94":3,"95":1,"96":1,"97":0,"98":0,"100":14,"101":14,"102":14,"103":14,"104":14,"105":14,"106":14,"107":14,"109":14,"110":14,"112":0,"113":0,"114":0,"115":0,"116":0,"117":0,"118":0,"119":0,"120":0,"121":0,"122":0,"123":0,"125":2,"126":2,"127":2,"128":2,"129":2,"130":2,"131":2,"132":2,"133":2,"135":14,"136":14,"137":14,"138":14,"139":14,"140":14,"141":14,"142":14,"143":14,"144":14,"145":14,"146":14,"147":14,"148":14,"149":14,"150":14,"151":3,"152":3,"153":3,"154":14,"156":10,"157":10,"158":10,"159":10,"160":10,"162":10,"163":13,"164":13,"165":13,"166":12,"167":12,"168":13,"169":4,"170":4,"171":4,"172":13,"173":2,"174":2,"175":2,"176":3,"177":13,"179":10,"180":14,"181":17,"182":17,"183":17,"184":2,"185":2,"186":2,"187":15,"188":15,"190":15,"191":17,"192":11,"193":11,"194":11,"195":2,"196":2,"197":2,"198":4,"199":4,"200":17,"201":17,"203":2,"204":2,"205":14,"206":1,"207":14,"208":7,"209":7,"210":14,"211":10,"212":10,"213":14},"branchMap":{"0":{"type":"branch","line":14,"loc":{"start":{"line":14,"column":56},"end":{"line":14,"column":86}},"locations":[{"start":{"line":14,"column":56},"end":{"line":14,"column":86}}]},"1":{"type":"branch","line":35,"loc":{"start":{"line":35,"column":0},"end":{"line":39,"column":1}},"locations":[{"start":{"line":35,"column":0},"end":{"line":39,"column":1}}]},"2":{"type":"branch","line":37,"loc":{"start":{"line":37,"column":46},"end":{"line":38,"column":13}},"locations":[{"start":{"line":37,"column":46},"end":{"line":38,"column":13}}]},"3":{"type":"branch","line":41,"loc":{"start":{"line":41,"column":0},"end":{"line":44,"column":1}},"locations":[{"start":{"line":41,"column":0},"end":{"line":44,"column":1}}]},"4":{"type":"branch","line":46,"loc":{"start":{"line":46,"column":0},"end":{"line":48,"column":1}},"locations":[{"start":{"line":46,"column":0},"end":{"line":48,"column":1}}]},"5":{"type":"branch","line":50,"loc":{"start":{"line":50,"column":0},"end":{"line":52,"column":1}},"locations":[{"start":{"line":50,"column":0},"end":{"line":52,"column":1}}]},"6":{"type":"branch","line":51,"loc":{"start":{"line":51,"column":26},"end":{"line":51,"column":46}},"locations":[{"start":{"line":51,"column":26},"end":{"line":51,"column":46}}]},"7":{"type":"branch","line":54,"loc":{"start":{"line":54,"column":0},"end":{"line":58,"column":1}},"locations":[{"start":{"line":54,"column":0},"end":{"line":58,"column":1}}]},"8":{"type":"branch","line":55,"loc":{"start":{"line":55,"column":7},"end":{"line":55,"column":24}},"locations":[{"start":{"line":55,"column":7},"end":{"line":55,"column":24}}]},"9":{"type":"branch","line":55,"loc":{"start":{"line":55,"column":24},"end":{"line":55,"column":31}},"locations":[{"start":{"line":55,"column":24},"end":{"line":55,"column":31}}]},"10":{"type":"branch","line":55,"loc":{"start":{"line":55,"column":24},"end":{"line":56,"column":58}},"locations":[{"start":{"line":55,"column":24},"end":{"line":56,"column":58}}]},"11":{"type":"branch","line":56,"loc":{"start":{"line":56,"column":51},"end":{"line":58,"column":1}},"locations":[{"start":{"line":56,"column":51},"end":{"line":58,"column":1}}]},"12":{"type":"branch","line":60,"loc":{"start":{"line":60,"column":0},"end":{"line":62,"column":1}},"locations":[{"start":{"line":60,"column":0},"end":{"line":62,"column":1}}]},"13":{"type":"branch","line":61,"loc":{"start":{"line":61,"column":26},"end":{"line":61,"column":53}},"locations":[{"start":{"line":61,"column":26},"end":{"line":61,"column":53}}]},"14":{"type":"branch","line":64,"loc":{"start":{"line":64,"column":0},"end":{"line":84,"column":1}},"locations":[{"start":{"line":64,"column":0},"end":{"line":84,"column":1}}]},"15":{"type":"branch","line":68,"loc":{"start":{"line":68,"column":2},"end":{"line":70,"column":3}},"locations":[{"start":{"line":68,"column":2},"end":{"line":70,"column":3}}]},"16":{"type":"branch","line":70,"loc":{"start":{"line":70,"column":2},"end":{"line":72,"column":49}},"locations":[{"start":{"line":70,"column":2},"end":{"line":72,"column":49}}]},"17":{"type":"branch","line":72,"loc":{"start":{"line":72,"column":49},"end":{"line":74,"column":3}},"locations":[{"start":{"line":72,"column":49},"end":{"line":74,"column":3}}]},"18":{"type":"branch","line":74,"loc":{"start":{"line":74,"column":2},"end":{"line":75,"column":35}},"locations":[{"start":{"line":74,"column":2},"end":{"line":75,"column":35}}]},"19":{"type":"branch","line":75,"loc":{"start":{"line":75,"column":21},"end":{"line":75,"column":60}},"locations":[{"start":{"line":75,"column":21},"end":{"line":75,"column":60}}]},"20":{"type":"branch","line":75,"loc":{"start":{"line":75,"column":60},"end":{"line":75,"column":105}},"locations":[{"start":{"line":75,"column":60},"end":{"line":75,"column":105}}]},"21":{"type":"branch","line":75,"loc":{"start":{"line":75,"column":67},"end":{"line":77,"column":26}},"locations":[{"start":{"line":75,"column":67},"end":{"line":77,"column":26}}]},"22":{"type":"branch","line":77,"loc":{"start":{"line":77,"column":19},"end":{"line":78,"column":77}},"locations":[{"start":{"line":77,"column":19},"end":{"line":78,"column":77}}]},"23":{"type":"branch","line":78,"loc":{"start":{"line":78,"column":28},"end":{"line":78,"column":77}},"locations":[{"start":{"line":78,"column":28},"end":{"line":78,"column":77}}]},"24":{"type":"branch","line":78,"loc":{"start":{"line":78,"column":63},"end":{"line":79,"column":45}},"locations":[{"start":{"line":78,"column":63},"end":{"line":79,"column":45}}]},"25":{"type":"branch","line":80,"loc":{"start":{"line":80,"column":4},"end":{"line":82,"column":3}},"locations":[{"start":{"line":80,"column":4},"end":{"line":82,"column":3}}]},"26":{"type":"branch","line":82,"loc":{"start":{"line":82,"column":2},"end":{"line":84,"column":1}},"locations":[{"start":{"line":82,"column":2},"end":{"line":84,"column":1}}]},"27":{"type":"branch","line":86,"loc":{"start":{"line":86,"column":0},"end":{"line":99,"column":1}},"locations":[{"start":{"line":86,"column":0},"end":{"line":99,"column":1}}]},"28":{"type":"branch","line":89,"loc":{"start":{"line":89,"column":16},"end":{"line":89,"column":32}},"locations":[{"start":{"line":89,"column":16},"end":{"line":89,"column":32}}]},"29":{"type":"branch","line":89,"loc":{"start":{"line":89,"column":23},"end":{"line":92,"column":29}},"locations":[{"start":{"line":89,"column":23},"end":{"line":92,"column":29}}]},"30":{"type":"branch","line":92,"loc":{"start":{"line":92,"column":24},"end":{"line":92,"column":68}},"locations":[{"start":{"line":92,"column":24},"end":{"line":92,"column":68}}]},"31":{"type":"branch","line":92,"loc":{"start":{"line":92,"column":56},"end":{"line":92,"column":92}},"locations":[{"start":{"line":92,"column":56},"end":{"line":92,"column":92}}]},"32":{"type":"branch","line":92,"loc":{"start":{"line":92,"column":92},"end":{"line":94,"column":5}},"locations":[{"start":{"line":92,"column":92},"end":{"line":94,"column":5}}]},"33":{"type":"branch","line":95,"loc":{"start":{"line":95,"column":2},"end":{"line":97,"column":3}},"locations":[{"start":{"line":95,"column":2},"end":{"line":97,"column":3}}]},"34":{"type":"branch","line":97,"loc":{"start":{"line":97,"column":2},"end":{"line":99,"column":1}},"locations":[{"start":{"line":97,"column":2},"end":{"line":99,"column":1}}]},"35":{"type":"branch","line":101,"loc":{"start":{"line":101,"column":0},"end":{"line":111,"column":1}},"locations":[{"start":{"line":101,"column":0},"end":{"line":111,"column":1}}]},"36":{"type":"branch","line":107,"loc":{"start":{"line":107,"column":27},"end":{"line":107,"column":63}},"locations":[{"start":{"line":107,"column":27},"end":{"line":107,"column":63}}]},"37":{"type":"branch","line":126,"loc":{"start":{"line":126,"column":0},"end":{"line":134,"column":1}},"locations":[{"start":{"line":126,"column":0},"end":{"line":134,"column":1}}]},"38":{"type":"branch","line":131,"loc":{"start":{"line":131,"column":27},"end":{"line":131,"column":63}},"locations":[{"start":{"line":131,"column":27},"end":{"line":131,"column":63}}]},"39":{"type":"branch","line":136,"loc":{"start":{"line":136,"column":0},"end":{"line":214,"column":1}},"locations":[{"start":{"line":136,"column":0},"end":{"line":214,"column":1}}]},"40":{"type":"branch","line":151,"loc":{"start":{"line":151,"column":20},"end":{"line":154,"column":3}},"locations":[{"start":{"line":151,"column":20},"end":{"line":154,"column":3}}]},"41":{"type":"branch","line":154,"loc":{"start":{"line":154,"column":2},"end":{"line":155,"column":28}},"locations":[{"start":{"line":154,"column":2},"end":{"line":155,"column":28}}]},"42":{"type":"branch","line":155,"loc":{"start":{"line":155,"column":22},"end":{"line":155,"column":58}},"locations":[{"start":{"line":155,"column":22},"end":{"line":155,"column":58}}]},"43":{"type":"branch","line":155,"loc":{"start":{"line":155,"column":56},"end":{"line":181,"column":25}},"locations":[{"start":{"line":155,"column":56},"end":{"line":181,"column":25}}]},"44":{"type":"branch","line":181,"loc":{"start":{"line":181,"column":25},"end":{"line":202,"column":5}},"locations":[{"start":{"line":181,"column":25},"end":{"line":202,"column":5}}]},"45":{"type":"branch","line":184,"loc":{"start":{"line":184,"column":16},"end":{"line":187,"column":7}},"locations":[{"start":{"line":184,"column":16},"end":{"line":187,"column":7}}]},"46":{"type":"branch","line":187,"loc":{"start":{"line":187,"column":6},"end":{"line":192,"column":32}},"locations":[{"start":{"line":187,"column":6},"end":{"line":192,"column":32}}]},"47":{"type":"branch","line":192,"loc":{"start":{"line":192,"column":32},"end":{"line":200,"column":7}},"locations":[{"start":{"line":192,"column":32},"end":{"line":200,"column":7}}]},"48":{"type":"branch","line":195,"loc":{"start":{"line":195,"column":20},"end":{"line":198,"column":9}},"locations":[{"start":{"line":195,"column":20},"end":{"line":198,"column":9}}]},"49":{"type":"branch","line":198,"loc":{"start":{"line":198,"column":8},"end":{"line":200,"column":7}},"locations":[{"start":{"line":198,"column":8},"end":{"line":200,"column":7}}]},"50":{"type":"branch","line":200,"loc":{"start":{"line":200,"column":6},"end":{"line":201,"column":57}},"locations":[{"start":{"line":200,"column":6},"end":{"line":201,"column":57}}]},"51":{"type":"branch","line":201,"loc":{"start":{"line":201,"column":51},"end":{"line":201,"column":82}},"locations":[{"start":{"line":201,"column":51},"end":{"line":201,"column":82}}]},"52":{"type":"branch","line":202,"loc":{"start":{"line":202,"column":4},"end":{"line":206,"column":23}},"locations":[{"start":{"line":202,"column":4},"end":{"line":206,"column":23}}]},"53":{"type":"branch","line":206,"loc":{"start":{"line":206,"column":16},"end":{"line":208,"column":11}},"locations":[{"start":{"line":206,"column":16},"end":{"line":208,"column":11}}]},"54":{"type":"branch","line":208,"loc":{"start":{"line":208,"column":2},"end":{"line":211,"column":4}},"locations":[{"start":{"line":208,"column":2},"end":{"line":211,"column":4}}]},"55":{"type":"branch","line":211,"loc":{"start":{"line":211,"column":2},"end":{"line":211,"column":4}},"locations":[{"start":{"line":211,"column":2},"end":{"line":211,"column":4}}]},"56":{"type":"branch","line":211,"loc":{"start":{"line":211,"column":2},"end":{"line":213,"column":3}},"locations":[{"start":{"line":211,"column":2},"end":{"line":213,"column":3}}]},"57":{"type":"branch","line":163,"loc":{"start":{"line":163,"column":21},"end":{"line":178,"column":4}},"locations":[{"start":{"line":163,"column":21},"end":{"line":178,"column":4}}]},"58":{"type":"branch","line":164,"loc":{"start":{"line":164,"column":49},"end":{"line":164,"column":80}},"locations":[{"start":{"line":164,"column":49},"end":{"line":164,"column":80}}]},"59":{"type":"branch","line":166,"loc":{"start":{"line":166,"column":15},"end":{"line":166,"column":32}},"locations":[{"start":{"line":166,"column":15},"end":{"line":166,"column":32}}]},"60":{"type":"branch","line":166,"loc":{"start":{"line":166,"column":22},"end":{"line":169,"column":35}},"locations":[{"start":{"line":166,"column":22},"end":{"line":169,"column":35}}]},"61":{"type":"branch","line":169,"loc":{"start":{"line":169,"column":35},"end":{"line":172,"column":5}},"locations":[{"start":{"line":169,"column":35},"end":{"line":172,"column":5}}]},"62":{"type":"branch","line":170,"loc":{"start":{"line":170,"column":6},"end":{"line":170,"column":31}},"locations":[{"start":{"line":170,"column":6},"end":{"line":170,"column":31}}]},"63":{"type":"branch","line":172,"loc":{"start":{"line":172,"column":4},"end":{"line":173,"column":32}},"locations":[{"start":{"line":172,"column":4},"end":{"line":173,"column":32}}]},"64":{"type":"branch","line":173,"loc":{"start":{"line":173,"column":32},"end":{"line":176,"column":5}},"locations":[{"start":{"line":173,"column":32},"end":{"line":176,"column":5}}]},"65":{"type":"branch","line":174,"loc":{"start":{"line":174,"column":43},"end":{"line":175,"column":44}},"locations":[{"start":{"line":174,"column":43},"end":{"line":175,"column":44}}]},"66":{"type":"branch","line":175,"loc":{"start":{"line":175,"column":33},"end":{"line":175,"column":52}},"locations":[{"start":{"line":175,"column":33},"end":{"line":175,"column":52}}]},"67":{"type":"branch","line":176,"loc":{"start":{"line":176,"column":4},"end":{"line":177,"column":22}},"locations":[{"start":{"line":176,"column":4},"end":{"line":177,"column":22}}]}},"b":{"0":[0],"1":[14],"2":[0],"3":[13],"4":[1],"5":[1],"6":[0],"7":[48],"8":[7],"9":[46],"10":[2],"11":[0],"12":[23],"13":[22],"14":[12],"15":[1],"16":[11],"17":[1],"18":[10],"19":[6],"20":[7],"21":[3],"22":[2],"23":[1],"24":[2],"25":[2],"26":[1],"27":[3],"28":[1],"29":[2],"30":[1],"31":[1],"32":[1],"33":[1],"34":[0],"35":[14],"36":[0],"37":[2],"38":[0],"39":[14],"40":[3],"41":[11],"42":[1],"43":[10],"44":[17],"45":[2],"46":[15],"47":[11],"48":[2],"49":[4],"50":[8],"51":[1],"52":[2],"53":[1],"54":[7],"55":[0],"56":[10],"57":[13],"58":[0],"59":[1],"60":[12],"61":[4],"62":[3],"63":[5],"64":[2],"65":[1],"66":[0],"67":[3]},"fnMap":{"0":{"name":"runPurityTest","decl":{"start":{"line":21,"column":0},"end":{"line":33,"column":1}},"loc":{"start":{"line":21,"column":0},"end":{"line":33,"column":1}},"line":21},"1":{"name":"apiBaseUrl","decl":{"start":{"line":35,"column":0},"end":{"line":39,"column":1}},"loc":{"start":{"line":35,"column":0},"end":{"line":39,"column":1}},"line":35},"2":{"name":"streamUrl","decl":{"start":{"line":41,"column":0},"end":{"line":44,"column":1}},"loc":{"start":{"line":41,"column":0},"end":{"line":44,"column":1}},"line":41},"3":{"name":"customStreamUrl","decl":{"start":{"line":46,"column":0},"end":{"line":48,"column":1}},"loc":{"start":{"line":46,"column":0},"end":{"line":48,"column":1}},"line":46},"4":{"name":"abortError","decl":{"start":{"line":50,"column":0},"end":{"line":52,"column":1}},"loc":{"start":{"line":50,"column":0},"end":{"line":52,"column":1}},"line":50},"5":{"name":"throwIfAborted","decl":{"start":{"line":54,"column":0},"end":{"line":58,"column":1}},"loc":{"start":{"line":54,"column":0},"end":{"line":58,"column":1}},"line":54},"6":{"name":"isRecord","decl":{"start":{"line":60,"column":0},"end":{"line":62,"column":1}},"loc":{"start":{"line":60,"column":0},"end":{"line":62,"column":1}},"line":60},"7":{"name":"parseStreamEvent","decl":{"start":{"line":64,"column":0},"end":{"line":84,"column":1}},"loc":{"start":{"line":64,"column":0},"end":{"line":84,"column":1}},"line":64},"8":{"name":"responseErrorMessage","decl":{"start":{"line":86,"column":0},"end":{"line":99,"column":1}},"loc":{"start":{"line":86,"column":0},"end":{"line":99,"column":1}},"line":86},"9":{"name":"runPurityTestStream","decl":{"start":{"line":101,"column":0},"end":{"line":111,"column":1}},"loc":{"start":{"line":101,"column":0},"end":{"line":111,"column":1}},"line":101},"10":{"name":"runCustomPurityTest","decl":{"start":{"line":113,"column":0},"end":{"line":124,"column":1}},"loc":{"start":{"line":113,"column":0},"end":{"line":124,"column":1}},"line":113},"11":{"name":"runCustomPurityTestStream","decl":{"start":{"line":126,"column":0},"end":{"line":134,"column":1}},"loc":{"start":{"line":126,"column":0},"end":{"line":134,"column":1}},"line":126},"12":{"name":"consumePurityTestStream","decl":{"start":{"line":136,"column":0},"end":{"line":214,"column":1}},"loc":{"start":{"line":136,"column":0},"end":{"line":214,"column":1}},"line":136},"13":{"name":"handleLine","decl":{"start":{"line":163,"column":21},"end":{"line":178,"column":4}},"loc":{"start":{"line":163,"column":21},"end":{"line":178,"column":4}},"line":163}},"f":{"0":0,"1":14,"2":13,"3":1,"4":1,"5":48,"6":23,"7":12,"8":3,"9":14,"10":0,"11":2,"12":14,"13":13}}
,"/Users/along/Desktop/AI/Relay-Pulse/client/src/api/relays.ts": {"path":"/Users/along/Desktop/AI/Relay-Pulse/client/src/api/relays.ts","all":true,"statementMap":{"0":{"start":{"line":1,"column":0},"end":{"line":1,"column":13}},"16":{"start":{"line":17,"column":0},"end":{"line":17,"column":86}},"17":{"start":{"line":18,"column":0},"end":{"line":18,"column":57}},"18":{"start":{"line":19,"column":0},"end":{"line":19,"column":36}},"19":{"start":{"line":20,"column":0},"end":{"line":20,"column":18}},"20":{"start":{"line":21,"column":0},"end":{"line":21,"column":42}},"21":{"start":{"line":22,"column":0},"end":{"line":22,"column":2}},"22":{"start":{"line":23,"column":0},"end":{"line":23,"column":56}},"24":{"start":{"line":25,"column":0},"end":{"line":25,"column":48}},"25":{"start":{"line":26,"column":0},"end":{"line":26,"column":82}},"26":{"start":{"line":27,"column":0},"end":{"line":27,"column":26}},"27":{"start":{"line":28,"column":0},"end":{"line":28,"column":1}},"29":{"start":{"line":30,"column":0},"end":{"line":30,"column":54}},"30":{"start":{"line":31,"column":0},"end":{"line":31,"column":62}},"31":{"start":{"line":32,"column":0},"end":{"line":32,"column":69}},"32":{"start":{"line":33,"column":0},"end":{"line":33,"column":1}},"34":{"start":{"line":35,"column":0},"end":{"line":35,"column":75}},"35":{"start":{"line":36,"column":0},"end":{"line":36,"column":73}},"36":{"start":{"line":37,"column":0},"end":{"line":37,"column":91}},"37":{"start":{"line":38,"column":0},"end":{"line":38,"column":1}},"39":{"start":{"line":40,"column":0},"end":{"line":40,"column":99}},"40":{"start":{"line":41,"column":0},"end":{"line":41,"column":78}},"41":{"start":{"line":42,"column":0},"end":{"line":42,"column":105}},"42":{"start":{"line":43,"column":0},"end":{"line":43,"column":1}},"44":{"start":{"line":45,"column":0},"end":{"line":45,"column":97}},"45":{"start":{"line":46,"column":0},"end":{"line":46,"column":78}},"46":{"start":{"line":47,"column":0},"end":{"line":47,"column":111}},"47":{"start":{"line":48,"column":0},"end":{"line":48,"column":1}},"49":{"start":{"line":50,"column":0},"end":{"line":50,"column":97}},"51":{"start":{"line":52,"column":0},"end":{"line":52,"column":53}},"52":{"start":{"line":53,"column":0},"end":{"line":53,"column":67}},"53":{"start":{"line":54,"column":0},"end":{"line":54,"column":81}},"54":{"start":{"line":55,"column":0},"end":{"line":55,"column":1}},"56":{"start":{"line":57,"column":0},"end":{"line":57,"column":76}},"57":{"start":{"line":58,"column":0},"end":{"line":58,"column":67}},"58":{"start":{"line":59,"column":0},"end":{"line":59,"column":83}},"59":{"start":{"line":60,"column":0},"end":{"line":60,"column":67}},"60":{"start":{"line":61,"column":0},"end":{"line":61,"column":39}},"61":{"start":{"line":62,"column":0},"end":{"line":62,"column":35}},"62":{"start":{"line":63,"column":0},"end":{"line":63,"column":16}},"63":{"start":{"line":64,"column":0},"end":{"line":64,"column":1}},"65":{"start":{"line":66,"column":0},"end":{"line":66,"column":74}},"66":{"start":{"line":67,"column":0},"end":{"line":67,"column":68}},"67":{"start":{"line":68,"column":0},"end":{"line":68,"col
[...]
"end":{"line":1150,"column":27}},"1150":{"start":{"line":1151,"column":0},"end":{"line":1151,"column":31}},"1151":{"start":{"line":1152,"column":0},"end":{"line":1152,"column":41}},"1152":{"start":{"line":1153,"column":0},"end":{"line":1153,"column":29}},"1153":{"start":{"line":1154,"column":0},"end":{"line":1154,"column":35}},"1154":{"start":{"line":1155,"column":0},"end":{"line":1155,"column":52}},"1155":{"start":{"line":1156,"column":0},"end":{"line":1156,"column":42}},"1156":{"start":{"line":1157,"column":0},"end":{"line":1157,"column":18}},"1157":{"start":{"line":1158,"column":0},"end":{"line":1158,"column":73}},"1158":{"start":{"line":1159,"column":0},"end":{"line":1159,"column":20}},"1160":{"start":{"line":1161,"column":0},"end":{"line":1161,"column":46}},"1161":{"start":{"line":1162,"column":0},"end":{"line":1162,"column":49}},"1162":{"start":{"line":1163,"column":0},"end":{"line":1163,"column":49}},"1163":{"start":{"line":1164,"column":0},"end":{"line":1164,"column":115}},"1164":{"start":{"line":1165,"column":0},"end":{"line":1165,"column":74}},"1165":{"start":{"line":1166,"column":0},"end":{"line":1166,"column":22}},"1166":{"start":{"line":1167,"column":0},"end":{"line":1167,"column":43}},"1167":{"start":{"line":1168,"column":0},"end":{"line":1168,"column":48}},"1168":{"start":{"line":1169,"column":0},"end":{"line":1169,"column":58}},"1169":{"start":{"line":1170,"column":0},"end":{"line":1170,"column":103}},"1170":{"start":{"line":1171,"column":0},"end":{"line":1171,"column":72}},"1171":{"start":{"line":1172,"column":0},"end":{"line":1172,"column":22}},"1172":{"start":{"line":1173,"column":0},"end":{"line":1173,"column":88}},"1173":{"start":{"line":1174,"column":0},"end":{"line":1174,"column":37}},"1174":{"start":{"line":1175,"column":0},"end":{"line":1175,"column":106}},"1175":{"start":{"line":1176,"column":0},"end":{"line":1176,"column":39}},"1176":{"start":{"line":1177,"column":0},"end":{"line":1177,"column":26}},"1177":{"start":{"line":1178,"column":0},"end":{"line":1178,"column":22}},"1178":{"start":{"line":1179,"column":0},"end":{"line":1179,"column":20}},"1179":{"start":{"line":1180,"column":0},"end":{"line":1180,"column":18}},"1181":{"start":{"line":1182,"column":0},"end":{"line":1182,"column":58}},"1182":{"start":{"line":1183,"column":0},"end":{"line":1183,"column":97}},"1183":{"start":{"line":1184,"column":0},"end":{"line":1184,"column":148}},"1184":{"start":{"line":1185,"column":0},"end":{"line":1185,"column":92}},"1185":{"start":{"line":1186,"column":0},"end":{"line":1186,"column":100}},"1186":{"start":{"line":1187,"column":0},"end":{"line":1187,"column":18}},"1188":{"start":{"line":1189,"column":0},"end":{"line":1189,"column":84}},"1189":{"start":{"line":1190,"column":0},"end":{"line":1190,"column":50}},"1190":{"start":{"line":1191,"column":0},"end":{"line":1191,"column":72}},"1191":{"start":{"line":1192,"column":0},"end":{"line":1192,"column":117}},"1192":{"start":{"line":1193,"column":0},"end":{"line":1193,"column":20}},"1193":{"start":{"line":1194,"column":0},"end":{"line":1194,"column":46}},"1194":{"start":{"line":1195,"column":0},"end":{"line":1195,"column":48}},"1195":{"start":{"line":1196,"column":0},"end":{"line":1196,"column":38}},"1196":{"start":{"line":1197,"column":0},"end":{"line":1197,"column":141}},"1197":{"start":{"line":1198,"column":0},"end":{"line":1198,"column":210}},"1198":{"start":{"line":1199,"column":0},"end":{"line":1199,"column":68}},"1199":{"start":{"line":1200,"column":0},"end":{"line":1200,"column":22}},"1200":{"start":{"line":1201,"column":0},"end":{"line":1201,"column":48}},"1201":{"start":{"line":1202,"column":0},"end":{"line":1202,"column":41}},"1202":{"start":{"line":1203,"column":0},"end":{"line":1203,"column":133}},"1203":{"start":{"line":1204,"column":0},"end":{"line":1204,"column":79}},"1204":{"start":{"line":1205,"column":0},"end":{"line":1205,"column":64}},"1205":{"start":{"line":1206,"column":0},"end":{"line":1206,"column":22}},"1206":{"start":{"line":1207,"column":0},"end":{"line":1207,"column":48}},"1207":{"start":{"line":1208,"column":0},"end":{"line":1208,"column":39}},"1208":{"start":{"line":1209,"column":0},"end":{"line":1209,"column":151}},"1209":{"start":{"line":1210,"column":0},"end":{"line":1210,"column":121}},"1210":{"start":{"line":1211,"column":0},"end":{"line":1211,"column":73}},"1211":{"start":{"line":1212,"column":0},"end":{"line":1212,"column":22}},"1212":{"start":{"line":1213,"column":0},"end":{"line":1213,"column":48}},"1213":{"start":{"line":1214,"column":0},"end":{"line":1214,"column":37}},"1214":{"start":{"line":1215,"column":0},"end":{"line":1215,"column":137}},"1215":{"start":{"line":1216,"column":0},"end":{"line":1216,"column":123}},"1216":{"start":{"line":1217,"column":0},"end":{"line":1217,"column":66}},"1217":{"start":{"line":1218,"column":0},"end":{"line":1218,"column":22}},"1218":{"start":{"line":1219,"column":0},"end":{"line":1219,"column":20}},"1220":{"start":{"line":1221,"column":0},"end":{"line":1221,"column":105}},"1221":{"start":{"line":1222,"column":0},"end":{"line":1222,"column":142}},"1222":{"start":{"line":1223,"column":0},"end":{"line":1223,"column":105}},"1223":{"start":{"line":1224,"column":0},"end":{"line":1224,"column":154}},"1224":{"start":{"line":1225,"column":0},"end":{"line":1225,"column":106}},"1225":{"start":{"line":1226,"column":0},"end":{"line":1226,"column":20}},"1227":{"start":{"line":1228,"column":0},"end":{"line":1228,"column":51}},"1228":{"start":{"line":1229,"column":0},"end":{"line":1229,"column":120}},"1229":{"start":{"line":1230,"column":0},"end":{"line":1230,"column":176}},"1230":{"start":{"line":1231,"column":0},"end":{"line":1231,"column":73}},"1231":{"start":{"line":1232,"column":0},"end":{"line":1232,"column":104}},"1232":{"start":{"line":1233,"column":0},"end":{"line":1233,"column":82}},"1233":{"start":{"line":1234,"column":0},"end":{"line":1234,"column":75}},"1234":{"start":{"line":1235,"column":0},"end":{"line":1235,"column":22}},"1235":{"start":{"line":1236,"column":0},"end":{"line":1236,"column":20}},"1236":{"start":{"line":1237,"column":0},"end":{"line":1237,"column":18}},"1238":{"start":{"line":1239,"column":0},"end":{"line":1239,"column":87}},"1239":{"start":{"line":1240,"column":0},"end":{"line":1240,"column":110}},"1240":{"start":{"line":1241,"column":0},"end":{"line":1241,"column":133}},"1241":{"start":{"line":1242,"column":0},"end":{"line":1242,"column":18}},"1243":{"start":{"line":1244,"column":0},"end":{"line":1244,"column":46}},"1244":{"start":{"line":1245,"column":0},"end":{"line":1245,"column":50}},"1245":{"start":{"line":1246,"column":0},"end":{"line":1246,"column":83}},"1246":{"start":{"line":1247,"column":0},"end":{"line":1247,"column":40}},"1247":{"start":{"line":1248,"column":0},"end":{"line":1248,"column":20}},"1249":{"start":{"line":1250,"column":0},"end":{"line":1250,"column":73}},"1250":{"start":{"line":1251,"column":0},"end":{"line":1251,"column":97}},"1251":{"start":{"line":1252,"column":0},"end":{"line":1252,"column":104}},"1252":{"start":{"line":1253,"column":0},"end":{"line":1253,"column":74}},"1253":{"start":{"line":1254,"column":0},"end":{"line":1254,"column":88}},"1254":{"start":{"line":1255,"column":0},"end":{"line":1255,"column":79}},"1255":{"start":{"line":1256,"column":0},"end":{"line":1256,"column":50}},"1256":{"start":{"line":1257,"column":0},"end":{"line":1257,"column":24}},"1257":{"start":{"line":1258,"column":0},"end":{"line":1258,"column":52}},"1258":{"start":{"line":1259,"column":0},"end":{"line":1259,"column":52}},"1259":{"start":{"line":1260,"column":0},"end":{"line":1260,"column":27}},"1260":{"start":{"line":1261,"column":0},"end":{"line":1261,"column":57}},"1261":{"start":{"line":1262,"column":0},"end":{"line":1262,"column":113}},"1262":{"start":{"line":1263,"column":0},"end":{"line":1263,"column":28}},"1263":{"start":{"line":1264,"column":0},"end":{"line":1264,"column":54}},"1264":{"start":{"line":1265,"column":0},"end":{"line":1265,"column":124}},"1265":{"start":{"line":1266,"column":0},"end":{"line":1266,"column":28}},"1266":{"start":{"line":1267,"column":0},"end":{"line":1267,"column":26}},"1267":{"start":{"line":1268,"column":0},"end":{"line":1268,"column":46}},"1268":{"start":{"line":1269,"column":0},"end":{"line":1269,"column":77}},"1269":{"start":{"line":1270,"column":0},"end":{"line":1270,"column":135}},"1270":{"start":{"line":1271,"column":0},"end":{"line":1271,"column":25}},"1271":{"start":{"line":1272,"column":0},"end":{"line":1272,"column":51}},"1272":{"start":{"line":1273,"column":0},"end":{"line":1273,"column":56}},"1273":{"start":{"line":1274,"column":0},"end":{"line":1274,"column":63}},"1274":{"start":{"line":1275,"column":0},"end":{"line":1275,"column":73}},"1275":{"start":{"line":1276,"column":0},"end":{"line":1276,"column":26}},"1276":{"start":{"line":1277,"column":0},"end":{"line":1277,"column":24}},"1277":{"start":{"line":1278,"column":0},"end":{"line":1278,"column":26}},"1278":{"start":{"line":1279,"column":0},"end":{"line":1279,"column":20}},"1279":{"start":{"line":1280,"column":0},"end":{"line":1280,"column":76}},"1280":{"start":{"line":1281,"column":0},"end":{"line":1281,"column":18}},"1282":{"start":{"line":1283,"column":0},"end":{"line":1283,"column":43}},"1283":{"start":{"line":1284,"column":0},"end":{"line":1284,"column":36}},"1284":{"start":{"line":1285,"column":0},"end":{"line":1285,"column":87}},"1285":{"start":{"line":1286,"column":0},"end":{"line":1286,"column":18}},"1286":{"start":{"line":1287,"column":0},"end":{"line":1287,"column":16}},"1287":{"start":{"line":1288,"column":0},"end":{"line":1288,"column":19}},"1289":{"start":{"line":1290,"column":0},"end":{"line":1290,"column":55}},"1290":{"start":{"line":1291,"column":0},"end":{"line":1291,"column":77}},"1291":{"start":{"line":1292,"column":0},"end":{"line":1292,"column":29}},"1292":{"start":{"line":1293,"column":0},"end":{"line":1293,"column":14}},"1293":{"start":{"line":1294,"column":0},"end":{"line":1294,"column":16}},"1294":{"start":{"line":1295,"column":0},"end":{"line":1295,"column":11}},"1295":{"start":{"line":1296,"column":0},"end":{"line":1296,"column":8}}},"s":{"0":0,"6":0,"7":0,"20":0,"21":0,"22":0,"23":0,"24":0,"40":0,"44":0,"45":0,"46":0,"47":0,"48":0,"49":0,"50":0,"51":0,"52":0,"53":0,"54":0,"55":0,"56":0,"57":0,"58":0,"59":0,"61":0,"62":0,"63":0,"64":0,"65":0,"66":0,"67":0,"68":0,"69":0,"70":0,"71":0,"72":0,"73":0,"74":0,"75":0,"76":0,"77":0,"79":0,"80":0,"81":0,"82":0,"83":0,"84":0,"85":0,"86":0,"87":0,"88":0,"89":0,"90":0,"91":0,"92":0,"93":0,"94":0,"95":0,"96":0,"97":0,"98":0,"99":0,"100":0,"101":0,"102":0,"103":0,"104":0,"105":0,"106":0,"107":0,"108":0,"109":0,"110":0,"111":0,"112":0,"113":0,"114":0,"115":0,"116":0,"117":0,"118":0,"119":0,"120":0,"121":0,"122":0,"123":0,"124":0,"125":0,"126":0,"127":0,"128":0,"129":0,"130":0,"131":0,"132":0,"133":0,"134":0,"135":0,"136":0,"137":0,"138":0,"139":0,"140":0,"141":0,"142":0,"143":0,"144":0,"145":0,"146":0,"147":0,"148":0,"149":0,"150":0,"151":0,"152":0,"153":0,"154":0,"155":0,"156":0,"157":0,"158":0,"159":0,"160":0,"161":0,"162":0,"163":0,"164":0,"165":0,"166":0,"167":0,"168":0,"170":0,"171":0,"172":0,"173":0,"174":0,"176":0,"177":0,"178":0,"179":0,"181":0,"182":0,"183":0,"184":0,"186":0,"187":0,"188":0,"189":0,"190":0,"192":0,"193":0,"194":0,"195":0,"196":0,"197":0,"198":0,"199":0,"200":0,"201":0,"203":0,"204":0,"205":0,"206":0,"207":0,"209":0,"210":0,"211":0,"212":0,"213":0,"214":0,"216":0,"217":0,"218":0,"220":0,"221":0,"222":0,"224":0,"225":0,"226":0,"227":0,"228":0,"229":0,"230":0,"231":0,"233":0,"234":0,"235":0,"236":0,"238":0,"239":0,"240":0,"241":0,"242":0,"243":0,"244":0,"245":0,"247":0,"248":0,"249":0,"250":0,"251":0,"252":0,"253":0,"254":0,"256":0,"257":0,"258":0,"260":0,"261":0,"262":0,"263":0,"264":0,"265":0,"267":0,"268":0,"269":0,"270":0,"271":0,"273":0,"274":0,"275":0,"276":0,"278":0,"279":0,"280":0,"281":0,"282":0,"283":0,"284":0,"285":0,"286":0,"287":0,"288":0,"289":0,"290":0,"291":0,"292":0,"293":0,"294":0,"295":0,"296":0,"297":0,"298":0,"299":0,"300":0,"301":0,"302":0,"303":0,"304":0,"305":0,"307":0,"308":0,"309":0,"310":0,"311":0,"312":0,"314":0,"315":0,"316":0,"321":0,"322":0,"323":0,"324":0,"325":0,"326":0,"327":0,"328":0,"329":0,"330":0,"331":0,"332":0,"334":0,"335":0,"336":0,"337":0,"339":0,"340":0,"341":0,"343":0,"344":0,"345":0,"346":0,"347":0,"348":0,"349":0,"351":0,"352":0,"353":0,"355":0,"356":0,"357":0,"358":0,"359":0,"361":0,"362":0,"363":0,"364":0,"365":0,"366":0,"367":0,"368":0,"370":0,"371":0,"372":0,"373":0,"375":0,"376":0,"377":0,"378":0,"380":0,"381":0,"382":0,"383":0,"385":0,"386":0,"387":0,"388":0,"389":0,"390":0,"391":0,"392":0,"393":0,"395":0,"396":0,"397":0,"398":0,"399":0,"400":0,"401":0,"402":0,"403":0,"404":0,"405":0,"406":0,"407":0,"408":0,"410":0,"411":0,"412":0,"413":0,"414":0,"415":0,"416":0,"417":0,"419":0,"420":0,"421":0,"422":0,"423":0,"424":0,"425":0,"426":0,"427":0,"428":0,"429":0,"430":0,"431":0,"432":0,"433":0,"435":0,"436":0,"437":0,"439":0,"440":0,"441":0,"442":0,"443":0,"444":0,"445":0,"446":0,"447":0,"448":0,"449":0,"450":0,"451":0,"452":0,"453":0,"454":0,"455":0,"456":0,"457":0,"458":0,"459":0,"460":0,"461":0,"462":0,"463":0,"464":0,"465":0,"466":0,"467":0,"468":0,"469":0,"471":0,"472":0,"473":0,"474":0,"475":0,"477":0,"478":0,"479":0,"480":0,"481":0,"483":0,"484":0,"485":0,"486":0,"487":0,"488":0,"489":0,"490":0,"492":0,"493":0,"494":0,"495":0,"496":0,"498":0,"499":0,"500":0,"501":0,"502":0,"503":0,"504":0,"505":0,"507":0,"508":0,"509":0,"510":0,"511":0,"512":0,"513":0,"514":0,"515":0,"516":0,"518":0,"519":0,"520":0,"521":0,"522":0,"523":0,"524":0,"526":0,"527":0,"528":0,"529":0,"530":0,"531":0,"532":0,"533":0,"534":0,"535":0,"536":0,"537":0,"538":0,"539":0,"540":0,"541":0,"542":0,"543":0,"544":0,"545":0,"547":0,"548":0,"549":0,"550":0,"551":0,"552":0,"553":0,"554":0,"555":0,"556":0,"557":0,"558":0,"559":0,"560":0,"561":0,"562":0,"564":0,"565":0,"566":0,"567":0,"568":0,"569":0,"570":0,"571":0,"572":0,"573":0,"574":0,"575":0,"576":0,"577":0,"578":0,"579":0,"580":0,"581":0,"582":0,"583":0,"584":0,"585":0,"586":0,"587":0,"588":0,"589":0,"590":0,"592":0,"593":0,"594":0,"595":0,"596":0,"597":0,"598":0,"599":0,"600":0,"601":0,"602":0,"603":0,"604":0,"605":0,"606":0,"607":0,"608":0,"609":0,"610":0,"611":0,"612":0,"613":0,"614":0,"615":0,"616":0,"617":0,"618":0,"619":0,"620":0,"621":0,"622":0,"623":0,"624":0,"625":0,"627":0,"628":0,"629":0,"630":0,"631":0,"632":0,"633":0,"634":0,"635":0,"636":0,"637":0,"638":0,"639":0,"640":0,"641":0,"642":0,"643":0,"644":0,"645":0,"646":0,"647":0,"648":0,"649":0,"650":0,"651":0,"652":0,"653":0,"654":0,"655":0,"656":0,"657":0,"658":0,"659":0,"660":0,"661":0,"662":0,"663":0,"664":0,"665":0,"667":0,"668":0,"669":0,"670":0,"671":0,"673":0,"674":0,"675":0,"676":0,"677":0,"678":0,"679":0,"680":0,"682":0,"683":0,"684":0,"685":0,"686":0,"687":0,"688":0,"689":0,"690":0,"691":0,"692":0,"693":0,"694":0,"696":0,"697":0,"698":0,"699":0,"700":0,"701":0,"702":0,"703":0,"704":0,"705":0,"706":0,"707":0,"708":0,"709":0,"710":0,"711":0,"712":0,"713":0,"714":0,"715":0,"717":0,"718":0,"719":0,"720":0,"721":0,"722":0,"723":0,"724":0,"725":0,"726":0,"727":0,"729":0,"730":0,"731":0,"732":0,"733":0,"734":0,"736":0,"737":0,"738":0,"740":0,"741":0,"742":0,"744":0,"745":0,"746":0,"748":0,"749":0,"750":0,"752":0,"753":0,"754":0,"756":0,"757":0,"758":0,"759":0,"760":0,"764":0,"765":0,"766":0,"767":0,"768":0,"769":0,"770":0,"771":0,"772":0,"773":0,"774":0,"775":0,"776":0,"777":0,"778":0,"780":0,"781":0,"782":0,"783":0,"784":0,"785":0,"786":0,"787":0,"789":0,"790":0,"791":0,"792":0,"793":0,"794":0,"795":0,"796":0,"797":0,"798":0,"799":0,"800":0,"801":0,"802":0,"803":0,"804":0,"806":0,"807":0,"808":0,"809":0,"810":0,"811":0,"812":0,"813":0,"814":0,"816":0,"817":0,"818":0,"819":0,"820":0,"821":0,"823":0,"824":0,"825":0,"826":0,"827":0,"828":0,"829":0,"831":0,"832":0,"833":0,"834":0,"835":0,"836":0,"837":0,"838":0,"839":0,"840":0,"841":0,"842":0,"843":0,"844":0,"845":0,"846":0,"847":0,"848":0,"849":0,"850":0,"851":0,"852":0,"854":0,"855":0,"856":0,"857":0,"858":0,"859":0,"861":0,"862":0,"863":0,"864":0,"865":0,"866":0,"867":0,"868":0,"869":0,"870":0,"871":0,"873":0,"874":0,"875":0,"876":0,"877":0,"878":0,"879":0,"880":0,"881":0,"882":0,"884":0,"885":0,"886":0,"887":0,"888":0,"889":0,"890":0,"891":0,"892":0,"893":0,"894":0,"896":0,"897":0,"898":0,"899":0,"900":0,"901":0,"902":0,"903":0,"904":0,"905":0,"906":0,"908":0,"909":0,"910":0,"911":0,"912":0,"913":0,"914":0,"915":0,"916":0,"918":0,"919":0,"920":0,"921":0,"922":0,"924":0,"925":0,"926":0,"927":0,"928":0,"929":0,"930":0,"931":0,"932":0,"933":0,"934":0,"935":0,"937":0,"938":0,"939":0,"940":0,"941":0,"942":0,"943":0,"944":0,"945":0,"946":0,"947":0,"948":0,"949":0,"950":0,"951":0,"952":0,"953":0,"954":0,"955":0,"956":0,"957":0,"958":0,"959":0,"960":0,"961":0,"962":0,"963":0,"964":0,"965":0,"966":0,"968":0,"969":0,"970":0,"971":0,"972":0,"973":0,"974":0,"975":0,"976":0,"978":0,"979":0,"980":0,"981":0,"982":0,"983":0,"984":0,"985":0,"986":0,"987":0,"988":0,"989":0,"991":0,"992":0,"993":0,"994":0,"995":0,"997":0,"998":0,"999":0,"1000":0,"1001":0,"1002":0,"1003":0,"1004":0,"1005":0,"1006":0,"1007":0,"1008":0,"1009":0,"1010":0,"1011":0,"1012":0,"1013":0,"1014":0,"1015":0,"1016":0,"1017":0,"1018":0,"1020":0,"1021":0,"1022":0,"1023":0,"1024":0,"1025":0,"1026":0,"1027":0,"1028":0,"1029":0,"1030":0,"1031":0,"1033":0,"1034":0,"1035":0,"1036":0,"1037":0,"1038":0,"1040":0,"1041":0,"1042":0,"1043":0,"1044":0,"1045":0,"1046":0,"1047":0,"1048":0,"1049":0,"1050":0,"1051":0,"1052":0,"1054":0,"1055":0,"1056":0,"1057":0,"1058":0,"1059":0,"1060":0,"1061":0,"1062":0,"1063":0,"1064":0,"1065":0,"1066":0,"1067":0,"1068":0,"1069":0,"1070":0,"1071":0,"1072":0,"1073":0,"1074":0,"1075":0,"1076":0,"1077":0,"1079":0,"1080":0,"1081":0,"1082":0,"1083":0,"1084":0,"1086":0,"1087":0,"1088":0,"1089":0,"1090":0,"1091":0,"1092":0,"1093":0,"1095":0,"1096":0,"1097":0,"1098":0,"1099":0,"1101":0,"1102":0,"1103":0,"1104":0,"1105":0,"1106":0,"1107":0,"1108":0,"1109":0,"1110":0,"1111":0,"1112":0,"1113":0,"1114":0,"1115":0,"1116":0,"1117":0,"1118":0,"1119":0,"1120":0,"1121":0,"1122":0,"1123":0,"1124":0,"1125":0,"1126":0,"1127":0,"1128":0,"1129":0,"1130":0,"1131":0,"1132":0,"1133":0,"1134":0,"1135":0,"1136":0,"1138":0,"1139":0,"1140":0,"1141":0,"1142":0,"1143":0,"1144":0,"1146":0,"1147":0,"1148":0,"1149":0,"1150":0,"1151":0,"1152":0,"1153":0,"1154":0,"1155":0,"1156":0,"1157":0,"1158":0,"1160":0,"1161":0,"1162":0,"1163":0,"1164":0,"1165":0,"1166":0,"1167":0,"1168":0,"1169":0,"1170":0,"1171":0,"1172":0,"1173":0,"1174":0,"1175":0,"1176":0,"1177":0,"1178":0,"1179":0,"1181":0,"1182":0,"1183":0,"1184":0,"1185":0,"1186":0,"1188":0,"1189":0,"1190":0,"1191":0,"1192":0,"1193":0,"1194":0,"1195":0,"1196":0,"1197":0,"1198":0,"1199":0,"1200":0,"1201":0,"1202":0,"1203":0,"1204":0,"1205":0,"1206":0,"1207":0,"1208":0,"1209":0,"1210":0,"1211":0,"1212":0,"1213":0,"1214":0,"1215":0,"1216":0,"1217":0,"1218":0,"1220":0,"1221":0,"1222":0,"1223":0,"1224":0,"1225":0,"1227":0,"1228":0,"1229":0,"1230":0,"1231":0,"1232":0,"1233":0,"1234":0,"1235":0,"1236":0,"1238":0,"1239":0,"1240":0,"1241":0,"1243":0,"1244":0,"1245":0,"1246":0,"1247":0,"1249":0,"1250":0,"1251":0,"1252":0,"1253":0,"1254":0,"1255":0,"1256":0,"1257":0,"1258":0,"1259":0,"1260":0,"1261":0,"1262":0,"1263":0,"1264":0,"1265":0,"1266":0,"1267":0,"1268":0,"1269":0,"1270":0,"1271":0,"1272":0,"1273":0,"1274":0,"1275":0,"1276":0,"1277":0,"1278":0,"1279":0,"1280":0,"1282":0,"1283":0,"1284":0,"1285":0,"1286":0,"1287":0,"1289":0,"1290":0,"1291":0,"1292":0,"1293":0,"1294":0,"1295":0},"branchMap":{"0":{"type":"branch","line":1,"loc":{"start":{"line":1,"column":0},"end":{"line":1523,"column":-36123}},"locations":[{"start":{"line":1,"column":0},"end":{"line":1523,"column":-36123}}]}},"b":{"0":[0]},"fnMap":{"0":{"name":"(empty-report)","decl":{"start":{"line":1,"column":0},"end":{"line":1523,"column":-36123}},"loc":{"start":{"line":1,"column":0},"end":{"line":1523,"column":-36123}},"line":1}},"f":{"0":0}}
}
